I210401 21:15:20.953909 1 util/log/sync_buffer.go:195 ⋮ [config] file created at: 2021/04/01 21:15:20
I210401 21:15:20.953927 1 util/log/sync_buffer.go:195 ⋮ [config] running on machine: ‹magnetosphere›
I210401 21:15:20.953939 1 util/log/sync_buffer.go:195 ⋮ [config] binary: CockroachDB CCL v20.2.0 (x86_64-unknown-linux-gnu, built 2020/11/09 16:01:45, go1.13.14)
I210401 21:15:20.953949 1 util/log/sync_buffer.go:195 ⋮ [config] arguments: ‹[cockroach start --certs-dir=certs --advertise-addr=192.168.2.118 --join=192.168.2.130 --cache=.25 --max-sql-memory=.25]›
I210401 21:15:20.953971 1 util/log/sync_buffer.go:195 ⋮ [config] line format: [IWEF]yymmdd hh:mm:ss.uuuuuu goid file:line msg utf8=✓
I210401 21:15:20.953707 1 server/status/recorder.go:605 ⋮ ‹available memory from cgroups is unsupported, using system memory 16 GiB instead: can't read available memory from cgroup v2 at /sys/fs/cgroup/unified/user.slice/user-1000.slice/session-29.scope/memory.max: open /sys/fs/cgroup/unified/user.slice/user-1000.slice/session-29.scope/memory.max: no such file or directory›
I210401 21:15:20.954181 1 cli/start.go:1163 ⋮ ‹CockroachDB CCL v20.2.0 (x86_64-unknown-linux-gnu, built 2020/11/09 16:01:45, go1.13.14)›
I210401 21:15:20.955710 1 server/status/recorder.go:605 ⋮ ‹available memory from cgroups is unsupported, using system memory 16 GiB instead: can't read available memory from cgroup v2 at /sys/fs/cgroup/unified/user.slice/user-1000.slice/session-29.scope/memory.max: open /sys/fs/cgroup/unified/user.slice/user-1000.slice/session-29.scope/memory.max: no such file or directory›
I210401 21:15:20.955742 1 server/config.go:433 ⋮ system total memory: ‹16 GiB›
I210401 21:15:20.955775 1 server/config.go:435 ⋮ server configuration:
‹max offset             500000000›
‹cache size             3.9 GiB›
‹SQL memory pool size   3.9 GiB›
‹scan interval          10m0s›
‹scan min idle time     10ms›
‹scan max idle time     1s›
‹event log enabled      true›
I210401 21:15:20.955866 1 cli/start.go:967 ⋮ process identity: ‹uid 1000 euid 1000 gid 1000 egid 1000›
I210401 21:15:20.956173 1 cli/start.go:501 ⋮ could not initialize GEOS - spatial functions may not be available: geos: error during GEOS init: geos: cannot load GEOS from dir ‹"/usr/local/lib/cockroach"›: ‹geos error: /usr/local/lib/cockroach/libgeos.so: cannot open shared object file: No such file or directory›
I210401 21:15:20.956338 1 cli/start.go:508 ⋮ starting cockroach node
I210401 21:15:20.958560 40 rpc/tls.go:270 ⋮ [n?] server certificate addresses: ‹IP=127.0.0.1,192.168.2.118; DNS=localhost,magnetosphere,magnetosphere.net; CN=node›
I210401 21:15:20.958618 40 rpc/tls.go:319 ⋮ [n?] web UI certificate addresses: ‹IP=127.0.0.1,192.168.2.118; DNS=localhost,magnetosphere,magnetosphere.net; CN=node›
I210401 21:15:20.988987 40 server/server.go:781 ⋮ [n?] monitoring forward clock jumps based on server.clock.forward_jump_check_enabled
I210401 21:15:21.007579 40 server/config.go:624 ⋮ [n?] 1 storage engine‹› initialized
I210401 21:15:21.007640 40 server/config.go:627 ⋮ [n?] ‹Pebble cache size: 3.9 GiB›
I210401 21:15:21.007679 40 server/config.go:627 ⋮ [n?] ‹store 0: RocksDB, max size 0 B, max open file limit 10000›
I210401 21:15:21.012985 125 server/server.go:1411 ⋮ [n?] connecting to gossip network to verify cluster ID ‹"90546476-8089-48e5-80b3-e1e5c2e1c6d0"›
W210401 21:15:21.021794 40 gossip/gossip.go:1494 ⋮ [n?] no incoming or outgoing connections
I210401 21:15:21.021839 40 gossip/gossip.go:403 ⋮ [n1] NodeDescriptor set to ‹node_id:1 address:<network_field:"tcp" address_field:"192.168.2.118:26257" > attrs:<> locality:<> ServerVersion:<major_val:20 minor_val:2 patch:0 unstable:0 > build_tag:"v20.2.0" started_at:1617311721021834230 cluster_name:"" sql_address:<network_field:"tcp" address_field:"192.168.2.118:26257" >›
W210401 21:15:21.030818 274 kv/kvserver/store.go:1704 ⋮ [n1,s1,r6/1:‹/Table/{SystemCon…-11}›] could not gossip system config: ‹[NotLeaseHolderError] r6: replica (n1,s1):1 not lease holder; lease holder unknown›
(1) ‹[NotLeaseHolderError] r6: replica (n1,s1):1 not lease holder; lease holder unknown›
Error types: (1) *roachpb.NotLeaseHolderError
I210401 21:15:21.030907 125 server/server.go:1414 ⋮ [n1] node connected via gossip
I210401 21:15:21.031082 40 server/node.go:430 ⋮ [n1] initialized store [n1,s1]: disk (capacity=109 GiB, available=59 GiB, used=47 KiB, logicalBytes=19 KiB), ranges=35, leases=0, queries=0.00, writes=0.00, bytesPerReplica={p10=0.00 p25=0.00 p50=0.00 p75=0.00 p90=166.00 pMax=16616.00}, writesPerReplica={p10=0.00 p25=0.00 p50=0.00 p75=0.00 p90=0.00 pMax=0.00}
I210401 21:15:21.031228 40 kv/kvserver/stores.go:236 ⋮ [n1] read 0 node addresses from persistent storage
I210401 21:15:21.034185 40 server/node.go:489 ⋮ [n1] started with engine type ‹2›
I210401 21:15:21.034263 40 server/node.go:491 ⋮ [n1] started with attributes ‹[]›
I210401 21:15:21.034346 40 server/goroutinedumper/goroutinedumper.go:120 ⋮ [n1] writing goroutine dumps to ‹/home/d0mo/go/src/github.com/0pcom/magnets/cockroach-data/logs/goroutine_dump›
I210401 21:15:21.034396 40 server/heapprofiler/heapprofiler.go:49 ⋮ [n1] writing go heap profiles to ‹/home/d0mo/go/src/github.com/0pcom/magnets/cockroach-data/logs/heap_profiler› at least every 1h0m0s
I210401 21:15:21.034422 40 server/heapprofiler/cgoprofiler.go:53 ⋮ [n1] to enable jmalloc profiling: "export MALLOC_CONF=prof:true" or "ln -s prof:true /etc/malloc.conf"
I210401 21:15:21.034435 40 server/heapprofiler/statsprofiler.go:54 ⋮ [n1] writing memory stats to ‹/home/d0mo/go/src/github.com/0pcom/magnets/cockroach-data/logs/heap_profiler› at last every 1h0m0s
I210401 21:15:21.034462 40 server/server.go:1530 ⋮ [n1] starting https server at ‹[::]:8080› (use: ‹192.168.2.118:8080›)
I210401 21:15:21.034487 40 server/server.go:1537 ⋮ [n1] starting grpc/postgres server at ‹[::]:26257›
I210401 21:15:21.034507 40 server/server.go:1538 ⋮ [n1] advertising CockroachDB node at ‹192.168.2.118:26257›
I210401 21:15:21.038758 87 gossip/client.go:124 ⋮ [n1] started gossip client to ‹192.168.2.130:26257›
I210401 21:15:21.039499 87 gossip/client.go:131 ⋮ [n1] closing client to ‹192.168.2.130:26257›: ‹rpc error: code = Unknown desc = gossip connection refused from different cluster 90546476-8089-48e5-80b3-e1e5c2e1c6d0›
W210401 21:15:21.088031 274 kv/kvserver/store.go:1704 ⋮ [n1,s1,r6/1:‹/Table/{SystemCon…-11}›] could not gossip system config: ‹[NotLeaseHolderError] r6: replica (n1,s1):1 not lease holder; lease holder unknown›
(1) ‹[NotLeaseHolderError] r6: replica (n1,s1):1 not lease holder; lease holder unknown›
Error types: (1) *roachpb.NotLeaseHolderError
I210401 21:15:21.098734 40 sql/sqlliveness/slinstance/slinstance.go:252 ⋮ [n1] starting SQL liveness instance
I210401 21:15:21.099050 318 sql/temporary_schema.go:497 ⋮ [n1] running temporary object cleanup background job
I210401 21:15:21.105533 29 kv/kvserver/replica_rangefeed.go:608 ⋮ [n1,s1,r6/1:‹/Table/{SystemCon…-11}›] RangeFeed closed timestamp is empty
I210401 21:15:21.105859 318 sql/temporary_schema.go:532 ⋮ [n1] found 0 temporary schemas
I210401 21:15:21.105916 318 sql/temporary_schema.go:535 ⋮ [n1] early exiting temporary schema cleaner as no temporary schemas were found
I210401 21:15:21.105946 318 sql/temporary_schema.go:536 ⋮ [n1] completed temporary object cleanup job
I210401 21:15:21.105969 318 sql/temporary_schema.go:614 ⋮ [n1] temporary object cleaner next scheduled to run at 2021-04-01 21:45:21.098874991 +0000 UTC
I210401 21:15:21.121275 316 sql/sqlliveness/slstorage/slstorage.go:342 ⋮ [n1] inserted sqlliveness session ‹3abf61e8c8b647d497b4b9e32d98597f›
I210401 21:15:21.121358 316 sql/sqlliveness/slinstance/slinstance.go:143 ⋮ [n1] created new SQL liveness session ‹3abf61e8c8b647d497b4b9e32d98597f›
I210401 21:15:21.123910 314 sql/event_log.go:146 ⋮ [n1] Event: ‹"node_restart"›, target: 1, info: ‹{Descriptor:{NodeID:1 Address:192.168.2.118:26257 Attrs: Locality: ServerVersion:20.2 BuildTag:v20.2.0 StartedAt:1617311721021834230 LocalityAddress:[] ClusterName: SQLAddress:192.168.2.118:26257} ClusterID:90546476-8089-48e5-80b3-e1e5c2e1c6d0 StartedAt:1617311721021834230 LastUp:0}›
I210401 21:15:21.134819 420 sql/event_log.go:146 ⋮ [n1,intExec=‹optInToDiagnosticsStatReporting›] Event: ‹"set_cluster_setting"›, target: 0, info: ‹{SettingName:diagnostics.reporting.enabled Value:true User:root}›
I210401 21:15:21.161688 288 sql/event_log.go:146 ⋮ [n1,intExec=‹set-setting›] Event: ‹"set_cluster_setting"›, target: 0, info: ‹{SettingName:version Value:20.2 User:root}›
I210401 21:15:21.233327 817 sql/event_log.go:146 ⋮ [n1,intExec=‹initializeClusterSecret›] Event: ‹"set_cluster_setting"›, target: 0, info: ‹{SettingName:cluster.secret Value:13490d07-7547-485b-aa8f-02045d3e3afd User:root}›
I210401 21:15:21.262468 780 sql/event_log.go:146 ⋮ [n1,intExec=‹create-default-db›] Event: ‹"create_database"›, target: 50, info: ‹{DatabaseName:defaultdb Statement:CREATE DATABASE IF NOT EXISTS defaultdb User:root}›
I210401 21:15:21.279808 459 sql/event_log.go:146 ⋮ [n1,intExec=‹create-default-db›] Event: ‹"create_database"›, target: 51, info: ‹{DatabaseName:postgres Statement:CREATE DATABASE IF NOT EXISTS postgres User:root}›
I210401 21:15:21.343346 40 server/server_sql.go:753 ⋮ [n1] done ensuring all necessary migrations have run
I210401 21:15:21.343406 40 server/server.go:1870 ⋮ [n1] serving sql connections
I210401 21:15:21.343574 1119 jobs/job_scheduler.go:346 ⋮ [n1] waiting 2m0s before scheduled jobs daemon start
I210401 21:15:21.344448 40 cli/start.go:669 ⋮ [config] clusterID: ‹90546476-8089-48e5-80b3-e1e5c2e1c6d0›
I210401 21:15:21.344526 40 cli/start.go:679 ⋮ node startup completed:
CockroachDB node starting at 2021-04-01 21:15:21.343517313 +0000 UTC (took 0.4s)
build:               CCL v20.2.0 @ 2020/11/09 16:01:45 (go1.13.14)
webui:               ‹https://192.168.2.118:8080›
sql:                 ‹postgresql://root@192.168.2.118:26257?sslcert=certs%2Fclient.root.crt&sslkey=certs%2Fclient.root.key&sslmode=verify-full&sslrootcert=certs%2Fca.crt›
RPC client flags:    ‹cockroach <client cmd> --host=192.168.2.118:26257 --certs-dir=certs›
logs:                ‹/home/d0mo/go/src/github.com/0pcom/magnets/cockroach-data/logs›
temp dir:            ‹/home/d0mo/go/src/github.com/0pcom/magnets/cockroach-data/cockroach-temp453580704›
external I/O path:   ‹/home/d0mo/go/src/github.com/0pcom/magnets/cockroach-data/extern›
store[0]:            ‹path=/home/d0mo/go/src/github.com/0pcom/magnets/cockroach-data›
storage engine:      pebble
status:              restarted pre-existing node
clusterID:           ‹90546476-8089-48e5-80b3-e1e5c2e1c6d0›
nodeID:              1
I210401 21:15:21.349562 1120 server/server_update.go:55 ⋮ [n1] no need to upgrade, cluster already at the newest version
I210401 21:15:21.877212 616 kv/kvserver/node_liveness.go:499 ⋮ [n1] created liveness record for n2
I210401 21:15:21.877310 616 server/node.go:1170 ⋮ [n1] allocated IDs: n2, s2
I210401 21:15:21.899346 43 kv/kvserver/stores.go:255 ⋮ [n1] wrote 1 node addresses to persistent storage
I210401 21:15:22.022721 1183 gossip/client.go:124 ⋮ [n1] started gossip client to ‹192.168.2.130:26257›
I210401 21:15:22.771426 1121 server/updates.go:241 ⋮ [n1] a new version is available: ‹20.2.7›, details: ‹https://www.cockroachlabs.com/docs/releases/v20.2.7.html›
I210401 21:15:23.482301 128 gossip/gossip.go:1508 ⋮ [n1] node has connected to cluster via gossip
I210401 21:15:23.504797 128 kv/kvserver/stores.go:255 ⋮ [n1] wrote 1 node addresses to persistent storage
I210401 21:15:31.035976 109 server/status/runtime.go:522 ⋮ [n1] runtime stats: 131 MiB RSS, 251 goroutines, 31 MiB/24 MiB/46 MiB GO alloc/idle/total, 4.0 MiB/6.4 MiB CGO alloc/total, 0.0 CGO/sec, 0.0/0.0 %(u/s)time, 0.0 %gc (10x), 165 KiB/158 KiB (r/w)net
W210401 21:15:31.111510 310 server/node.go:785 ⋮ [n1,summaries] health alerts detected: ‹{Alerts:[{StoreID:1 Category:METRICS Description:ranges.underreplicated Value:35}]}›
I210401 21:15:36.082260 1633 kv/kvserver/replica_consistency.go:257 ⋮ [n1,consistencyChecker,s1,r4/1:‹/System{/tsd-tse}›] triggering stats recomputation to resolve delta of {ContainsEstimates:6132 LastUpdateNanos:1617311732016991995 IntentAge:0 GCBytesAge:0 LiveBytes:-27186 LiveCount:-1539 KeyBytes:-77529 KeyCount:-1539 ValBytes:50343 ValCount:-1539 IntentBytes:0 IntentCount:0 SysBytes:0 SysCount:0 AbortSpanBytes:0}
I210401 21:15:41.035874 104 kv/kvserver/store.go:2638 ⋮ [n1,s1] sstables (read amplification = 1):
‹6 [ 11K 1 ]: 11K›
I210401 21:15:41.036148 104 kv/kvserver/store.go:2639 ⋮ [n1,s1] ‹›
‹__level_____count____size___score______in__ingest(sz_cnt)____move(sz_cnt)___write(sz_cnt)____read___r-amp___w-amp›
‹    WAL         3   1.0 M       -   1.0 M       -       -       -       -   1.0 M       -       -       -     1.0›
‹      0         0     0 B    0.00     0 B     0 B       0     0 B       0     0 B       0     0 B       0     0.0›
‹      1         0     0 B    0.00     0 B     0 B       0     0 B       0     0 B       0     0 B       0     0.0›
‹      2         0     0 B    0.00     0 B     0 B       0     0 B       0     0 B       0     0 B       0     0.0›
‹      3         0     0 B    0.00     0 B     0 B       0     0 B       0     0 B       0     0 B       0     0.0›
‹      4         0     0 B    0.00     0 B     0 B       0     0 B       0     0 B       0     0 B       0     0.0›
‹      5         0     0 B    0.00     0 B     0 B       0     0 B       0     0 B       0     0 B       0     0.0›
‹      6         1    11 K       -   1.5 K     0 B       0     0 B       0    11 K       1    15 K       1     7.8›
‹  total         1    11 K       -   1.0 M     0 B       0     0 B       0   1.0 M       1    15 K       1     1.0›
‹  flush         0›
‹compact         1     0 B          (size == estimated-debt)›
‹ memtbl         3   3.3 M›
‹zmemtbl         0     0 B›
‹   ztbl         0     0 B›
‹ bcache         4    33 K   99.7%  (score == hit-rate)›
‹ tcache         1   616 B   99.8%  (score == hit-rate)›
‹ titers         0›
‹ filter         -       -   25.0%  (score == utility)›
I210401 21:15:41.036231 109 server/status/runtime.go:522 ⋮ [n1] runtime stats: 140 MiB RSS, 252 goroutines, 34 MiB/20 MiB/55 MiB GO alloc/idle/total, 6.0 MiB/8.4 MiB CGO alloc/total, 0.2 CGO/sec, 3.0/0.8 %(u/s)time, 0.0 %gc (1x), 122 KiB/104 KiB (r/w)net
W210401 21:15:41.111286 310 server/node.go:785 ⋮ [n1,summaries] health alerts detected: ‹{Alerts:[{StoreID:1 Category:METRICS Description:ranges.underreplicated Value:35}]}›
I210401 21:15:51.036243 109 server/status/runtime.go:522 ⋮ [n1] runtime stats: 144 MiB RSS, 250 goroutines, 27 MiB/26 MiB/57 MiB GO alloc/idle/total, 6.0 MiB/8.4 MiB CGO alloc/total, 0.1 CGO/sec, 2.5/0.7 %(u/s)time, 0.0 %gc (1x), 188 KiB/122 KiB (r/w)net
W210401 21:15:51.111174 310 server/node.go:785 ⋮ [n1,summaries] health alerts detected: ‹{Alerts:[{StoreID:1 Category:METRICS Description:ranges.underreplicated Value:35}]}›
I210401 21:16:01.036420 109 server/status/runtime.go:522 ⋮ [n1] runtime stats: 146 MiB RSS, 251 goroutines, 37 MiB/18 MiB/57 MiB GO alloc/idle/total, 6.0 MiB/8.5 MiB CGO alloc/total, 0.5 CGO/sec, 2.0/0.5 %(u/s)time, 0.0 %gc (0x), 94 KiB/79 KiB (r/w)net
W210401 21:16:01.112217 310 server/node.go:785 ⋮ [n1,summaries] health alerts detected: ‹{Alerts:[{StoreID:1 Category:METRICS Description:ranges.underreplicated Value:35}]}›
I210401 21:16:11.036388 109 server/status/runtime.go:522 ⋮ [n1] runtime stats: 147 MiB RSS, 251 goroutines, 28 MiB/25 MiB/58 MiB GO alloc/idle/total, 6.0 MiB/8.5 MiB CGO alloc/total, 0.1 CGO/sec, 2.3/0.6 %(u/s)time, 0.0 %gc (1x), 283 KiB/85 KiB (r/w)net
W210401 21:16:11.105426 310 server/node.go:785 ⋮ [n1,summaries] health alerts detected: ‹{Alerts:[{StoreID:1 Category:METRICS Description:ranges.underreplicated Value:35}]}›
I210401 21:16:21.034523 105 gossip/gossip.go:568 ⋮ [n1] gossip status (ok, 2 node‹s›)
gossip client (1/3 cur/max conns)
  2: ‹192.168.2.130:26257› (59s: infos 163/33 sent/received, bytes 26128B/7467B sent/received)
gossip server (0/3 cur/max conns, infos 177/40 sent/received, bytes 45609B/9064B sent/received)
gossip connectivity
  n1 [sentinel];
  n1 -> n2;
I210401 21:16:21.036660 109 server/status/runtime.go:522 ⋮ [n1] runtime stats: 148 MiB RSS, 251 goroutines, 38 MiB/17 MiB/58 MiB GO alloc/idle/total, 10 MiB/12 MiB CGO alloc/total, 0.2 CGO/sec, 1.6/0.6 %(u/s)time, 0.0 %gc (0x), 104 KiB/70 KiB (r/w)net
W210401 21:16:21.111016 310 server/node.go:785 ⋮ [n1,summaries] health alerts detected: ‹{Alerts:[{StoreID:1 Category:METRICS Description:ranges.underreplicated Value:35}]}›
I210401 21:16:27.386873 2554 sql/event_log.go:146 ⋮ [n1,client=‹[::1]:48468›,hostssl,user=root] Event: ‹"create_database"›, target: 52, info: ‹{DatabaseName:product Statement:CREATE DATABASE IF NOT EXISTS product User:root}›
I210401 21:16:27.398054 2554 sql/table.go:102 ⋮ [n1,client=‹[::1]:48468›,hostssl,user=root] queued new database schema change job 646320578217672705 for database 52
I210401 21:16:27.408924 2554 jobs/registry.go:308 ⋮ [n1,client=‹[::1]:48468›,hostssl,user=root] scheduled jobs ‹[646320578217672705]›
I210401 21:16:27.417815 2766 jobs/adopt.go:124 ⋮ job 646320578217672705: resuming execution
I210401 21:16:27.424326 3010 jobs/registry.go:1063 ⋮ [n1] SCHEMA CHANGE job 646320578217672705: stepping through state running with error: <nil>
I210401 21:16:27.437082 3010 sql/schema_changer.go:567 ⋮ [n1,job=646320578217672705,scExec,id=52] schema change on ‹"product"› (v2) starting execution...
I210401 21:16:27.437156 3010 sql/schema_changer.go:978 ⋮ [n1,job=646320578217672705,scExec,id=52] waiting for a single version...
I210401 21:16:27.439714 3010 sql/schema_changer.go:980 ⋮ [n1,job=646320578217672705,scExec,id=52] waiting for a single version... done (at v 2)
I210401 21:16:27.439771 3010 jobs/registry.go:1063 ⋮ [n1] SCHEMA CHANGE job 646320578217672705: stepping through state succeeded with error: <nil>
I210401 21:16:27.472464 2554 sql/table.go:162 ⋮ [n1,client=‹[::1]:48468›,hostssl,user=root] queued new schema change job 646320578460712961 for table 23, mutation 0
I210401 21:16:27.483971 2554 jobs/registry.go:308 ⋮ [n1,client=‹[::1]:48468›,hostssl,user=root] scheduled jobs ‹[646320578460712961]›
I210401 21:16:27.491219 2908 sql/catalog/lease/lease.go:780 ⋮ [n1] new lease: ‹23("role_members") ver=2:1617312084.828916312,0, refcount=0›
I210401 21:16:27.494250 2725 jobs/adopt.go:124 ⋮ job 646320578460712961: resuming execution
I210401 21:16:27.498036 2727 jobs/registry.go:1063 ⋮ [n1] SCHEMA CHANGE job 646320578460712961: stepping through state running with error: <nil>
I210401 21:16:27.510668 2727 sql/schema_changer.go:567 ⋮ [n1,job=646320578460712961,scExec,id=23] schema change on ‹"role_members"› (v2) starting execution...
I210401 21:16:27.510726 2727 sql/schema_changer.go:978 ⋮ [n1,job=646320578460712961,scExec,id=23] waiting for a single version...
I210401 21:16:27.513408 2727 sql/schema_changer.go:980 ⋮ [n1,job=646320578460712961,scExec,id=23] waiting for a single version... done (at v 2)
I210401 21:16:27.513447 2727 jobs/registry.go:1063 ⋮ [n1] SCHEMA CHANGE job 646320578460712961: stepping through state succeeded with error: <nil>
I210401 21:16:31.036497 109 server/status/runtime.go:522 ⋮ [n1] runtime stats: 150 MiB RSS, 250 goroutines, 40 MiB/15 MiB/59 MiB GO alloc/idle/total, 10 MiB/12 MiB CGO alloc/total, 0.1 CGO/sec, 5.3/0.8 %(u/s)time, 0.0 %gc (1x), 121 KiB/132 KiB (r/w)net
W210401 21:16:31.109966 310 server/node.go:785 ⋮ [n1,summaries] health alerts detected: ‹{Alerts:[{StoreID:1 Category:METRICS Description:ranges.underreplicated Value:35}]}›
I210401 21:16:40.165387 3264 sql/event_log.go:146 ⋮ [n1,client=‹[::1]:48472›,hostssl,user=‹madmin›] Event: ‹"create_table"›, target: 53, info: ‹{TableName:product.public.products Statement:CREATE TABLE IF NOT EXISTS products (id INT8 NOT NULL PRIMARY KEY DEFAULT unique_rowid(), image1 STRING NULL DEFAULT '', image2 STRING NULL DEFAULT '', image3 STRING NULL DEFAULT '', thumb STRING NULL DEFAULT '', name STRING NOT NULL, partno STRING NOT NULL UNIQUE, mfgpartno STRING NULL DEFAULT '', mfgname STRING NULL DEFAULT '', quantity INT8 DEFAULT 0, unlimitqty BOOL DEFAULT false, enable BOOL DEFAULT true, price FLOAT8 DEFAULT 0.0, msrp FLOAT8 DEFAULT 0.0, cost FLOAT8 DEFAULT 0.0, minorder INT8 DEFAULT 1, maxorder INT8 DEFAULT 100, location STRING NULL DEFAULT '', category STRING NULL DEFAULT '', subcategory STRING NULL DEFAULT '', type STRING NULL DEFAULT '', packagetype STRING NULL DEFAULT '', technology STRING NULL DEFAULT '', materials STRING NULL DEFAULT '', value FLOAT8 DEFAULT 0.0, valunit STRING NULL DEFAULT '', tolerance DECIMAL(3,2) DEFAULT 0.00, voltsrating FLOAT8 DEFAULT 0.0, ampsrating FLOAT8 DEFAULT 0.0, wattsrating FLOAT8 DEFAULT 0.0, temprating FLOAT8 DEFAULT 0.0, tempunit STRING NULL DEFAULT '', description1 STRING NULL DEFAULT '', description2 STRING NULL DEFAULT '', color1 STRING NULL DEFAULT '', color2 STRING NULL DEFAULT '', sourceinfo STRING NULL DEFAULT '', datasheet STRING NULL DEFAULT '', docs STRING NULL DEFAULT '', reference STRING NULL DEFAULT '', attributes STRING NULL DEFAULT '', condition STRING NULL DEFAULT '', note STRING NULL DEFAULT '', warning STRING NULL DEFAULT '', length FLOAT8 DEFAULT 0.0, width FLOAT8 DEFAULT 0.0, height FLOAT8 DEFAULT 0.0, weightlb FLOAT8 DEFAULT 0.0, weightoz FLOAT8 DEFAULT 0.0, metatitle STRING NULL DEFAULT '', metadesc STRING NULL DEFAULT '', metakeywords STRING NULL DEFAULT '') User:madmin}›
I210401 21:16:40.169648 3412 kv/kvserver/replica_command.go:414 ⋮ [n1,split,s1,r35/1:‹/{Table/39-Max}›] initiating a split of this range at key ‹/Table/53› [r36] (‹zone config›)‹›
I210401 21:16:41.036873 109 server/status/runtime.go:522 ⋮ [n1] runtime stats: 152 MiB RSS, 253 goroutines, 37 MiB/17 MiB/59 MiB GO alloc/idle/total, 10 MiB/12 MiB CGO alloc/total, 0.2 CGO/sec, 2.4/1.0 %(u/s)time, 0.0 %gc (1x), 117 KiB/106 KiB (r/w)net
W210401 21:16:41.115850 310 server/node.go:785 ⋮ [n1,summaries] health alerts detected: ‹{Alerts:[{StoreID:1 Category:METRICS Description:ranges.underreplicated Value:36}]}›
I210401 21:16:51.037057 109 server/status/runtime.go:522 ⋮ [n1] runtime stats: 153 MiB RSS, 251 goroutines, 27 MiB/23 MiB/60 MiB GO alloc/idle/total, 10 MiB/12 MiB CGO alloc/total, 0.1 CGO/sec, 2.1/0.4 %(u/s)time, 0.0 %gc (1x), 130 KiB/106 KiB (r/w)net
W210401 21:16:51.106378 310 server/node.go:785 ⋮ [n1,summaries] health alerts detected: ‹{Alerts:[{StoreID:1 Category:METRICS Description:ranges.underreplicated Value:36}]}›
I210401 21:17:01.037076 109 server/status/runtime.go:522 ⋮ [n1] runtime stats: 154 MiB RSS, 252 goroutines, 36 MiB/17 MiB/60 MiB GO alloc/idle/total, 10 MiB/12 MiB CGO alloc/total, 0.1 CGO/sec, 1.7/0.5 %(u/s)time, 0.0 %gc (0x), 125 KiB/108 KiB (r/w)net
W210401 21:17:01.115582 310 server/node.go:785 ⋮ [n1,summaries] health alerts detected: ‹{Alerts:[{StoreID:1 Category:METRICS Description:ranges.underreplicated Value:36}]}›
I210401 21:17:11.037253 109 server/status/runtime.go:522 ⋮ [n1] runtime stats: 155 MiB RSS, 252 goroutines, 45 MiB/9.6 MiB/61 MiB GO alloc/idle/total, 10 MiB/12 MiB CGO alloc/total, 0.1 CGO/sec, 1.9/0.5 %(u/s)time, 0.0 %gc (0x), 113 KiB/84 KiB (r/w)net
W210401 21:17:11.119534 310 server/node.go:785 ⋮ [n1,summaries] health alerts detected: ‹{Alerts:[{StoreID:1 Category:METRICS Description:ranges.underreplicated Value:36}]}›
I210401 21:17:21.034543 105 gossip/gossip.go:568 ⋮ [n1] gossip status (ok, 2 node‹s›)
gossip client (1/3 cur/max conns)
  2: ‹192.168.2.130:26257› (1m59s: infos 313/64 sent/received, bytes 138511B/14485B sent/received)
gossip server (0/3 cur/max conns, infos 327/71 sent/received, bytes 157992B/16082B sent/received)
I210401 21:17:21.037313 109 server/status/runtime.go:522 ⋮ [n1] runtime stats: 158 MiB RSS, 252 goroutines, 32 MiB/19 MiB/64 MiB GO alloc/idle/total, 10 MiB/12 MiB CGO alloc/total, 0.1 CGO/sec, 2.5/0.4 %(u/s)time, 0.0 %gc (1x), 93 KiB/72 KiB (r/w)net
W210401 21:17:21.110888 310 server/node.go:785 ⋮ [n1,summaries] health alerts detected: ‹{Alerts:[{StoreID:1 Category:METRICS Description:ranges.underreplicated Value:36}]}›
I210401 21:17:21.149499 4043 jobs/registry.go:1063 ⋮ [n1] AUTO CREATE STATS job 646320754211061761: stepping through state running with error: <nil>
I210401 21:17:21.566500 4043 jobs/registry.go:1063 ⋮ [n1] AUTO CREATE STATS job 646320754211061761: stepping through state succeeded with error: <nil>
I210401 21:17:31.037463 109 server/status/runtime.go:522 ⋮ [n1] runtime stats: 164 MiB RSS, 251 goroutines, 39 MiB/16 MiB/63 MiB GO alloc/idle/total, 18 MiB/20 MiB CGO alloc/total, 0.2 CGO/sec, 7.8/1.4 %(u/s)time, 0.0 %gc (2x), 100 KiB/76 KiB (r/w)net
W210401 21:17:31.104951 310 server/node.go:785 ⋮ [n1,summaries] health alerts detected: ‹{Alerts:[{StoreID:1 Category:METRICS Description:ranges.underreplicated Value:36}]}›
I210401 21:17:41.037677 109 server/status/runtime.go:522 ⋮ [n1] runtime stats: 165 MiB RSS, 251 goroutines, 27 MiB/23 MiB/63 MiB GO alloc/idle/total, 18 MiB/20 MiB CGO alloc/total, 0.1 CGO/sec, 2.1/0.6 %(u/s)time, 0.0 %gc (1x), 113 KiB/93 KiB (r/w)net
W210401 21:17:41.112441 310 server/node.go:785 ⋮ [n1,summaries] health alerts detected: ‹{Alerts:[{StoreID:1 Category:METRICS Description:ranges.underreplicated Value:36}]}›
I210401 21:17:51.037480 109 server/status/runtime.go:522 ⋮ [n1] runtime stats: 165 MiB RSS, 251 goroutines, 36 MiB/16 MiB/63 MiB GO alloc/idle/total, 18 MiB/20 MiB CGO alloc/total, 0.1 CGO/sec, 1.6/0.7 %(u/s)time, 0.0 %gc (0x), 90 KiB/66 KiB (r/w)net
W210401 21:17:51.111156 310 server/node.go:785 ⋮ [n1,summaries] health alerts detected: ‹{Alerts:[{StoreID:1 Category:METRICS Description:ranges.underreplicated Value:36}]}›
I210401 21:18:01.037775 109 server/status/runtime.go:522 ⋮ [n1] runtime stats: 166 MiB RSS, 252 goroutines, 28 MiB/23 MiB/64 MiB GO alloc/idle/total, 18 MiB/20 MiB CGO alloc/total, 0.1 CGO/sec, 2.8/0.5 %(u/s)time, 0.0 %gc (1x), 117 KiB/91 KiB (r/w)net
W210401 21:18:01.115868 310 server/node.go:785 ⋮ [n1,summaries] health alerts detected: ‹{Alerts:[{StoreID:1 Category:METRICS Description:ranges.underreplicated Value:36}]}›
I210401 21:18:11.037997 109 server/status/runtime.go:522 ⋮ [n1] runtime stats: 166 MiB RSS, 252 goroutines, 37 MiB/16 MiB/64 MiB GO alloc/idle/total, 18 MiB/20 MiB CGO alloc/total, 0.1 CGO/sec, 2.0/0.4 %(u/s)time, 0.0 %gc (0x), 101 KiB/72 KiB (r/w)net
W210401 21:18:11.115839 310 server/node.go:785 ⋮ [n1,summaries] health alerts detected: ‹{Alerts:[{StoreID:1 Category:METRICS Description:ranges.underreplicated Value:36}]}›
I210401 21:18:21.034553 105 gossip/gossip.go:568 ⋮ [n1] gossip status (ok, 2 node‹s›)
gossip client (1/3 cur/max conns)
  2: ‹192.168.2.130:26257› (2m59s: infos 457/95 sent/received, bytes 156957B/21251B sent/received)
gossip server (0/3 cur/max conns, infos 471/102 sent/received, bytes 176438B/22848B sent/received)
I210401 21:18:21.038138 109 server/status/runtime.go:522 ⋮ [n1] runtime stats: 167 MiB RSS, 252 goroutines, 46 MiB/9.2 MiB/64 MiB GO alloc/idle/total, 18 MiB/20 MiB CGO alloc/total, 0.1 CGO/sec, 1.9/0.3 %(u/s)time, 0.0 %gc (0x), 106 KiB/86 KiB (r/w)net
W210401 21:18:21.113319 310 server/node.go:785 ⋮ [n1,summaries] health alerts detected: ‹{Alerts:[{StoreID:1 Category:METRICS Description:ranges.underreplicated Value:36}]}›
I210401 21:18:31.038355 109 server/status/runtime.go:522 ⋮ [n1] runtime stats: 168 MiB RSS, 251 goroutines, 37 MiB/17 MiB/65 MiB GO alloc/idle/total, 18 MiB/20 MiB CGO alloc/total, 0.1 CGO/sec, 3.2/0.5 %(u/s)time, 0.0 %gc (1x), 92 KiB/80 KiB (r/w)net
W210401 21:18:31.115839 310 server/node.go:785 ⋮ [n1,summaries] health alerts detected: ‹{Alerts:[{StoreID:1 Category:METRICS Description:ranges.underreplicated Value:36}]}›
I210401 21:18:41.038420 109 server/status/runtime.go:522 ⋮ [n1] runtime stats: 168 MiB RSS, 251 goroutines, 46 MiB/10 MiB/65 MiB GO alloc/idle/total, 18 MiB/20 MiB CGO alloc/total, 0.1 CGO/sec, 1.6/0.8 %(u/s)time, 0.0 %gc (0x), 104 KiB/83 KiB (r/w)net
W210401 21:18:41.112038 310 server/node.go:785 ⋮ [n1,summaries] health alerts detected: ‹{Alerts:[{StoreID:1 Category:METRICS Description:ranges.underreplicated Value:36}]}›
I210401 21:18:51.038530 109 server/status/runtime.go:522 ⋮ [n1] runtime stats: 169 MiB RSS, 251 goroutines, 32 MiB/20 MiB/65 MiB GO alloc/idle/total, 18 MiB/20 MiB CGO alloc/total, 0.1 CGO/sec, 2.1/0.3 %(u/s)time, 0.0 %gc (1x), 84 KiB/61 KiB (r/w)net
W210401 21:18:51.110796 310 server/node.go:785 ⋮ [n1,summaries] health alerts detected: ‹{Alerts:[{StoreID:1 Category:METRICS Description:ranges.underreplicated Value:36}]}›
I210401 21:19:01.038769 109 server/status/runtime.go:522 ⋮ [n1] runtime stats: 169 MiB RSS, 252 goroutines, 41 MiB/13 MiB/65 MiB GO alloc/idle/total, 18 MiB/20 MiB CGO alloc/total, 0.1 CGO/sec, 2.0/0.3 %(u/s)time, 0.0 %gc (0x), 94 KiB/73 KiB (r/w)net
W210401 21:19:01.111730 310 server/node.go:785 ⋮ [n1,summaries] health alerts detected: ‹{Alerts:[{StoreID:1 Category:METRICS Description:ranges.underreplicated Value:36}]}›
I210401 21:19:02.513902 1 cli/start.go:732 ⋮ received signal 'interrupt'
I210401 21:19:02.516677 1 cli/start.go:816 ⋮ initiating graceful shutdown of server
I210401 21:19:03.569946 6241 server/drain.go:175 ⋮ [server drain process] drain remaining: 4
I210401 21:19:03.572401 6241 server/drain.go:177 ⋮ [server drain process] drain details: descriptor leases: 3, liveness record: 1
I210401 21:19:04.789434 6241 server/drain.go:175 ⋮ [server drain process] drain remaining: 0
I210401 21:19:04.791977 6241 util/stop/stopper.go:563 ⋮ [server drain process] quiescing
W210401 21:19:04.794511 316 sql/sqlliveness/slinstance/slinstance.go:182 ⋮ [n1] exiting heartbeat loop
W210401 21:19:04.794517 327 jobs/registry.go:669 ⋮ canceling all adopted jobs due to stopper quiescing
W210401 21:19:04.794830 128 gossip/gossip.go:1494 ⋮ [n1] no incoming or outgoing connections
I210401 21:19:04.840405 1 cli/start.go:868 ⋮ server drained and shutdown completed
E210401 21:19:04.843260 1 cli/error.go:398 ⋮ ‹ERROR: interrupted›
