I210404 20:09:04.072806 103 util/log/sync_buffer.go:195 ⋮ [config] file created at: 2021/04/04 20:09:04
I210404 20:09:04.072822 103 util/log/sync_buffer.go:195 ⋮ [config] running on machine: ‹magnetosphere›
I210404 20:09:04.072836 103 util/log/sync_buffer.go:195 ⋮ [config] binary: CockroachDB CCL v20.2.0 (x86_64-unknown-linux-gnu, built 2020/11/09 16:01:45, go1.13.14)
I210404 20:09:04.072847 103 util/log/sync_buffer.go:195 ⋮ [config] arguments: ‹[cockroach start --certs-dir=certs --advertise-addr=192.168.2.118 --join=192.168.2.130 --cache=.25 --max-sql-memory=.25]›
I210404 20:09:04.072864 103 util/log/sync_buffer.go:195 ⋮ [config] line format: [IWEF]yymmdd hh:mm:ss.uuuuuu goid file:line msg utf8=✓
I210404 20:09:04.072586 103 vendor/github.com/cockroachdb/pebble/version_set.go:142 ⋮ [n?] [JOB 1] MANIFEST created 000001
I210404 20:09:04.076610 103 vendor/github.com/cockroachdb/pebble/open.go:295 ⋮ [n?] [JOB 1] WAL created 000002
I210404 20:09:04.082672 16 vendor/github.com/cockroachdb/pebble/table_stats.go:118 ⋮ [n?] [JOB 2] all initial table stats loaded
I210404 20:09:04.237353 103 vendor/github.com/cockroachdb/pebble/compaction.go:1559 ⋮ [n?] [JOB 1] flushing: sstable created 000695
I210404 20:09:04.552040 103 vendor/github.com/cockroachdb/pebble/open.go:295 ⋮ [n?] [JOB 1] WAL created 000696
I210404 20:09:04.559273 103 vendor/github.com/cockroachdb/pebble/version_set.go:442 ⋮ [n?] [JOB 1] MANIFEST created 000697
I210404 20:09:04.571769 103 vendor/github.com/cockroachdb/pebble/compaction.go:2298 ⋮ [n?] [JOB 1] WAL deleted 000662
I210404 20:09:04.581669 103 vendor/github.com/cockroachdb/pebble/compaction.go:2298 ⋮ [n?] [JOB 1] WAL deleted 000673
I210404 20:09:04.591622 103 vendor/github.com/cockroachdb/pebble/compaction.go:2298 ⋮ [n?] [JOB 1] WAL deleted 000684
I210404 20:09:04.591740 103 vendor/github.com/cockroachdb/pebble/compaction.go:2305 ⋮ [n?] [JOB 1] MANIFEST deleted 000424
I210404 20:09:04.592000 172 vendor/github.com/cockroachdb/pebble/compaction.go:1369 ⋮ [n?] [JOB 3] compacting L0 [000695] (297 K) + L6 [000687 000688 000689 000690 000691 000692 000693 000694] (26 M)
I210404 20:09:04.592495 171 vendor/github.com/cockroachdb/pebble/table_stats.go:118 ⋮ [n?] [JOB 2] all initial table stats loaded
I210404 20:09:04.593003 172 vendor/github.com/cockroachdb/pebble/compaction.go:1559 ⋮ [n?] [JOB 3] compacting: sstable created 000699
I210404 20:09:04.663678 211 vendor/github.com/cockroachdb/pebble/db.go:1364 ⋮ [n1] [JOB 4] WAL created 000700
I210404 20:09:05.097781 172 vendor/github.com/cockroachdb/pebble/compaction.go:1559 ⋮ [n1] [JOB 3] compacting: sstable created 000701
I210404 20:09:05.777692 172 vendor/github.com/cockroachdb/pebble/compaction.go:1559 ⋮ [n1] [JOB 3] compacting: sstable created 000702
I210404 20:09:06.469607 172 vendor/github.com/cockroachdb/pebble/compaction.go:1559 ⋮ [n1] [JOB 3] compacting: sstable created 000703
I210404 20:09:06.716103 172 vendor/github.com/cockroachdb/pebble/compaction.go:1559 ⋮ [n1] [JOB 3] compacting: sstable created 000704
I210404 20:09:07.220132 172 vendor/github.com/cockroachdb/pebble/compaction.go:1559 ⋮ [n1] [JOB 3] compacting: sstable created 000705
I210404 20:09:07.748541 172 vendor/github.com/cockroachdb/pebble/compaction.go:1559 ⋮ [n1] [JOB 3] compacting: sstable created 000706
I210404 20:09:07.939449 172 vendor/github.com/cockroachdb/pebble/compaction.go:1408 ⋮ [n1] [JOB 3] compacted L0 [000695] (297 K) + L6 [000687 000688 000689 000690 000691 000692 000693 000694] (26 M) -> L6 [000699 000701 000702 000703 000704 000705 000706] (26 M), in 3.3s, output rate 7.7 M/s
I210404 20:09:07.942548 172 vendor/github.com/cockroachdb/pebble/compaction.go:2312 ⋮ [n1] [JOB 3] sstable deleted 000687
I210404 20:09:07.948049 172 vendor/github.com/cockroachdb/pebble/compaction.go:2312 ⋮ [n1] [JOB 3] sstable deleted 000688
I210404 20:09:07.955320 172 vendor/github.com/cockroachdb/pebble/compaction.go:2312 ⋮ [n1] [JOB 3] sstable deleted 000689
I210404 20:09:07.957772 172 vendor/github.com/cockroachdb/pebble/compaction.go:2312 ⋮ [n1] [JOB 3] sstable deleted 000690
I210404 20:09:07.962702 172 vendor/github.com/cockroachdb/pebble/compaction.go:2312 ⋮ [n1] [JOB 3] sstable deleted 000691
I210404 20:09:07.968428 172 vendor/github.com/cockroachdb/pebble/compaction.go:2312 ⋮ [n1] [JOB 3] sstable deleted 000692
I210404 20:09:07.969063 172 vendor/github.com/cockroachdb/pebble/compaction.go:2312 ⋮ [n1] [JOB 3] sstable deleted 000693
I210404 20:09:07.971286 172 vendor/github.com/cockroachdb/pebble/compaction.go:2312 ⋮ [n1] [JOB 3] sstable deleted 000694
I210404 20:09:07.971589 172 vendor/github.com/cockroachdb/pebble/compaction.go:2312 ⋮ [n1] [JOB 3] sstable deleted 000695
