I210401 21:15:20.969920 40 util/log/sync_buffer.go:195 ⋮ [config] file created at: 2021/04/01 21:15:20
I210401 21:15:20.969931 40 util/log/sync_buffer.go:195 ⋮ [config] running on machine: ‹magnetosphere›
I210401 21:15:20.969940 40 util/log/sync_buffer.go:195 ⋮ [config] binary: CockroachDB CCL v20.2.0 (x86_64-unknown-linux-gnu, built 2020/11/09 16:01:45, go1.13.14)
I210401 21:15:20.969947 40 util/log/sync_buffer.go:195 ⋮ [config] arguments: ‹[cockroach start --certs-dir=certs --advertise-addr=192.168.2.118 --join=192.168.2.130 --cache=.25 --max-sql-memory=.25]›
I210401 21:15:20.969957 40 util/log/sync_buffer.go:195 ⋮ [config] line format: [IWEF]yymmdd hh:mm:ss.uuuuuu goid file:line msg utf8=✓
I210401 21:15:20.969765 40 vendor/github.com/cockroachdb/pebble/version_set.go:142 ⋮ [n?] [JOB 1] MANIFEST created 000001
I210401 21:15:20.972832 40 vendor/github.com/cockroachdb/pebble/open.go:295 ⋮ [n?] [JOB 1] WAL created 000002
I210401 21:15:20.978633 132 vendor/github.com/cockroachdb/pebble/table_stats.go:118 ⋮ [n?] [JOB 2] all initial table stats loaded
I210401 21:15:20.990041 40 vendor/github.com/cockroachdb/pebble/compaction.go:1559 ⋮ [n?] [JOB 1] flushing: sstable created 000008
I210401 21:15:20.995554 40 vendor/github.com/cockroachdb/pebble/open.go:295 ⋮ [n?] [JOB 1] WAL created 000009
I210401 21:15:21.004308 40 vendor/github.com/cockroachdb/pebble/version_set.go:442 ⋮ [n?] [JOB 1] MANIFEST created 000010
I210401 21:15:21.007331 40 vendor/github.com/cockroachdb/pebble/compaction.go:2298 ⋮ [n?] [JOB 1] WAL deleted 000005
I210401 21:15:21.007436 40 vendor/github.com/cockroachdb/pebble/compaction.go:2305 ⋮ [n?] [JOB 1] MANIFEST deleted 000006
I210401 21:15:21.007790 191 vendor/github.com/cockroachdb/pebble/compaction.go:1369 ⋮ [n?] [JOB 3] compacting L0 [000008] (1.5 K) + L6 [000004] (13 K)
I210401 21:15:21.007969 190 vendor/github.com/cockroachdb/pebble/table_stats.go:118 ⋮ [n?] [JOB 2] all initial table stats loaded
I210401 21:15:21.008197 191 vendor/github.com/cockroachdb/pebble/compaction.go:1559 ⋮ [n?] [JOB 3] compacting: sstable created 000012
I210401 21:15:21.021776 191 vendor/github.com/cockroachdb/pebble/compaction.go:1408 ⋮ [n?] [JOB 3] compacted L0 [000008] (1.5 K) + L6 [000004] (13 K) -> L6 [000012] (11 K), in 0.0s, output rate 1012 K/s
I210401 21:15:21.021946 191 vendor/github.com/cockroachdb/pebble/compaction.go:2312 ⋮ [n1] [JOB 3] sstable deleted 000004
I210401 21:15:21.022042 191 vendor/github.com/cockroachdb/pebble/compaction.go:2312 ⋮ [n1] [JOB 3] sstable deleted 000008
I210401 21:15:21.215740 253 vendor/github.com/cockroachdb/pebble/db.go:1364 ⋮ [n1] [JOB 4] WAL created 000013
I210401 21:15:32.040470 223 vendor/github.com/cockroachdb/pebble/db.go:1364 ⋮ [n1] [JOB 5] WAL created 000014
I210401 21:16:11.265765 234 vendor/github.com/cockroachdb/pebble/db.go:1364 ⋮ [n1] [JOB 6] WAL created 000015
I210401 21:17:21.252414 267 vendor/github.com/cockroachdb/pebble/db.go:1364 ⋮ [n1] [JOB 7] WAL created 000016
