I210410 03:36:57.930854 45 util/log/sync_buffer.go:195 ⋮ [config] file created at: 2021/04/10 03:36:57
I210410 03:36:57.930869 45 util/log/sync_buffer.go:195 ⋮ [config] running on machine: ‹magnetosphere›
I210410 03:36:57.930885 45 util/log/sync_buffer.go:195 ⋮ [config] binary: CockroachDB CCL v20.2.0 (x86_64-unknown-linux-gnu, built 2020/11/09 16:01:45, go1.13.14)
I210410 03:36:57.930895 45 util/log/sync_buffer.go:195 ⋮ [config] arguments: ‹[cockroach start --certs-dir=certs --advertise-addr=192.168.2.118 --join=192.168.2.130 --cache=.25 --max-sql-memory=.25]›
I210410 03:36:57.930909 45 util/log/sync_buffer.go:195 ⋮ [config] line format: [IWEF]yymmdd hh:mm:ss.uuuuuu goid file:line msg utf8=✓
I210410 03:36:57.930641 45 vendor/github.com/cockroachdb/pebble/version_set.go:142 ⋮ [n?] [JOB 1] MANIFEST created 000001
I210410 03:36:57.934039 45 vendor/github.com/cockroachdb/pebble/open.go:295 ⋮ [n?] [JOB 1] WAL created 000002
I210410 03:36:57.939878 110 vendor/github.com/cockroachdb/pebble/table_stats.go:118 ⋮ [n?] [JOB 2] all initial table stats loaded
I210410 03:36:57.955992 45 vendor/github.com/cockroachdb/pebble/compaction.go:1559 ⋮ [n?] [JOB 1] flushing: sstable created 000707
I210410 03:36:58.051424 45 vendor/github.com/cockroachdb/pebble/compaction.go:1559 ⋮ [n?] [JOB 1] flushing: sstable created 000708
I210410 03:36:58.182876 45 vendor/github.com/cockroachdb/pebble/open.go:295 ⋮ [n?] [JOB 1] WAL created 000709
I210410 03:36:58.191791 45 vendor/github.com/cockroachdb/pebble/version_set.go:442 ⋮ [n?] [JOB 1] MANIFEST created 000710
I210410 03:36:58.195018 45 vendor/github.com/cockroachdb/pebble/compaction.go:2298 ⋮ [n?] [JOB 1] WAL deleted 000696
I210410 03:36:58.196171 45 vendor/github.com/cockroachdb/pebble/compaction.go:2298 ⋮ [n?] [JOB 1] WAL deleted 000700
I210410 03:36:58.196208 45 vendor/github.com/cockroachdb/pebble/compaction.go:2305 ⋮ [n?] [JOB 1] MANIFEST deleted 000697
I210410 03:36:58.196442 159 vendor/github.com/cockroachdb/pebble/compaction.go:1369 ⋮ [n?] [JOB 3] compacting L0 [000707 000708] (262 K) + L6 [000699 000701 000702 000703 000704 000705 000706 000608] (26 M)
I210410 03:36:58.200954 158 vendor/github.com/cockroachdb/pebble/table_stats.go:118 ⋮ [n?] [JOB 2] all initial table stats loaded
I210410 03:36:58.201509 159 vendor/github.com/cockroachdb/pebble/compaction.go:1559 ⋮ [n?] [JOB 3] compacting: sstable created 000712
I210410 03:36:58.279900 199 vendor/github.com/cockroachdb/pebble/db.go:1364 ⋮ [n1] [JOB 4] WAL created 000713
I210410 03:36:58.639527 159 vendor/github.com/cockroachdb/pebble/compaction.go:1559 ⋮ [n1] [JOB 3] compacting: sstable created 000714
I210410 03:36:59.241439 159 vendor/github.com/cockroachdb/pebble/compaction.go:1559 ⋮ [n1] [JOB 3] compacting: sstable created 000715
I210410 03:36:59.901152 159 vendor/github.com/cockroachdb/pebble/compaction.go:1559 ⋮ [n1] [JOB 3] compacting: sstable created 000716
I210410 03:37:00.136148 159 vendor/github.com/cockroachdb/pebble/compaction.go:1559 ⋮ [n1] [JOB 3] compacting: sstable created 000717
I210410 03:37:00.578623 159 vendor/github.com/cockroachdb/pebble/compaction.go:1559 ⋮ [n1] [JOB 3] compacting: sstable created 000718
I210410 03:37:00.987044 159 vendor/github.com/cockroachdb/pebble/compaction.go:1559 ⋮ [n1] [JOB 3] compacting: sstable created 000719
I210410 03:37:01.219204 159 vendor/github.com/cockroachdb/pebble/compaction.go:1408 ⋮ [n1] [JOB 3] compacted L0 [000707 000708] (262 K) + L6 [000699 000701 000702 000703 000704 000705 000706 000608] (26 M) -> L6 [000712 000714 000715 000716 000717 000718 000719] (26 M), in 3.0s, output rate 8.6 M/s
I210410 03:37:01.219687 159 vendor/github.com/cockroachdb/pebble/compaction.go:2312 ⋮ [n1] [JOB 3] sstable deleted 000608
I210410 03:37:01.223179 159 vendor/github.com/cockroachdb/pebble/compaction.go:2312 ⋮ [n1] [JOB 3] sstable deleted 000699
I210410 03:37:01.228978 159 vendor/github.com/cockroachdb/pebble/compaction.go:2312 ⋮ [n1] [JOB 3] sstable deleted 000701
I210410 03:37:01.236061 159 vendor/github.com/cockroachdb/pebble/compaction.go:2312 ⋮ [n1] [JOB 3] sstable deleted 000702
I210410 03:37:01.238643 159 vendor/github.com/cockroachdb/pebble/compaction.go:2312 ⋮ [n1] [JOB 3] sstable deleted 000703
I210410 03:37:01.243420 159 vendor/github.com/cockroachdb/pebble/compaction.go:2312 ⋮ [n1] [JOB 3] sstable deleted 000704
I210410 03:37:01.248284 159 vendor/github.com/cockroachdb/pebble/compaction.go:2312 ⋮ [n1] [JOB 3] sstable deleted 000705
I210410 03:37:01.250976 159 vendor/github.com/cockroachdb/pebble/compaction.go:2312 ⋮ [n1] [JOB 3] sstable deleted 000706
I210410 03:37:01.251105 159 vendor/github.com/cockroachdb/pebble/compaction.go:2312 ⋮ [n1] [JOB 3] sstable deleted 000707
I210410 03:37:01.251334 159 vendor/github.com/cockroachdb/pebble/compaction.go:2312 ⋮ [n1] [JOB 3] sstable deleted 000708
I210410 03:38:08.976093 1965 vendor/github.com/cockroachdb/pebble/db.go:1364 ⋮ [n1] [JOB 5] WAL created 000720
I210410 03:38:08.976382 2160 vendor/github.com/cockroachdb/pebble/compaction.go:953 ⋮ [n1] [JOB 6] flushing 2 memtables to L0
I210410 03:38:08.976575 2160 vendor/github.com/cockroachdb/pebble/compaction.go:1559 ⋮ [n1] [JOB 6] flushing: sstable created 000721
I210410 03:38:09.001481 2160 vendor/github.com/cockroachdb/pebble/compaction.go:1559 ⋮ [n1] [JOB 6] flushing: sstable created 000722
I210410 03:38:09.036401 2160 vendor/github.com/cockroachdb/pebble/compaction.go:1008 ⋮ [n1] [JOB 6] flushed 2 memtables to L0 [000721 000722] (1.0 M), in 0.1s, output rate 18 M/s
I210410 03:38:09.037601 2184 vendor/github.com/cockroachdb/pebble/compaction.go:1369 ⋮ [n1] [JOB 8] compacting L0 [000721] (131 K) + L6 [000712 000714 000715 000716 000717 000718] (24 M)
I210410 03:38:09.037979 2184 vendor/github.com/cockroachdb/pebble/compaction.go:1559 ⋮ [n1] [JOB 8] compacting: sstable created 000723
I210410 03:38:09.533222 2184 vendor/github.com/cockroachdb/pebble/compaction.go:1559 ⋮ [n1] [JOB 8] compacting: sstable created 000724
I210410 03:38:10.015844 2184 vendor/github.com/cockroachdb/pebble/compaction.go:1559 ⋮ [n1] [JOB 8] compacting: sstable created 000725
I210410 03:38:10.601098 2184 vendor/github.com/cockroachdb/pebble/compaction.go:1559 ⋮ [n1] [JOB 8] compacting: sstable created 000726
I210410 03:38:10.772957 2184 vendor/github.com/cockroachdb/pebble/compaction.go:1559 ⋮ [n1] [JOB 8] compacting: sstable created 000727
I210410 03:38:11.237293 2184 vendor/github.com/cockroachdb/pebble/compaction.go:1559 ⋮ [n1] [JOB 8] compacting: sstable created 000728
I210410 03:38:11.730106 2184 vendor/github.com/cockroachdb/pebble/compaction.go:1559 ⋮ [n1] [JOB 8] compacting: sstable created 000729
I210410 03:38:11.736572 2184 vendor/github.com/cockroachdb/pebble/compaction.go:1408 ⋮ [n1] [JOB 8] compacted L0 [000721] (131 K) + L6 [000712 000714 000715 000716 000717 000718] (24 M) -> L6 [000723 000724 000725 000726 000727 000728 000729] (24 M), in 2.7s, output rate 8.8 M/s
I210410 03:38:11.741708 2184 vendor/github.com/cockroachdb/pebble/compaction.go:2312 ⋮ [n1] [JOB 8] sstable deleted 000712
I210410 03:38:11.753062 2184 vendor/github.com/cockroachdb/pebble/compaction.go:2312 ⋮ [n1] [JOB 8] sstable deleted 000714
I210410 03:38:11.765935 2184 vendor/github.com/cockroachdb/pebble/compaction.go:2312 ⋮ [n1] [JOB 8] sstable deleted 000715
I210410 03:38:11.770950 2184 vendor/github.com/cockroachdb/pebble/compaction.go:2312 ⋮ [n1] [JOB 8] sstable deleted 000716
I210410 03:38:11.778954 2184 vendor/github.com/cockroachdb/pebble/compaction.go:2312 ⋮ [n1] [JOB 8] sstable deleted 000717
I210410 03:38:11.786387 2184 vendor/github.com/cockroachdb/pebble/compaction.go:2312 ⋮ [n1] [JOB 8] sstable deleted 000718
I210410 03:38:11.786616 2184 vendor/github.com/cockroachdb/pebble/compaction.go:2312 ⋮ [n1] [JOB 8] sstable deleted 000721
I210410 03:38:11.786726 2093 vendor/github.com/cockroachdb/pebble/compaction.go:1369 ⋮ [n1] [JOB 9] compacting L0 [000722] (896 K) + L6 [000719 000599 000470 000462 000454 000446] (3.2 M)
I210410 03:38:11.787208 2093 vendor/github.com/cockroachdb/pebble/compaction.go:1559 ⋮ [n1] [JOB 9] compacting: sstable created 000730
I210410 03:38:12.033916 2093 vendor/github.com/cockroachdb/pebble/compaction.go:1408 ⋮ [n1] [JOB 9] compacted L0 [000722] (896 K) + L6 [000719 000599 000470 000462 000454 000446] (3.2 M) -> L6 [000730] (1.4 M), in 0.2s, output rate 5.9 M/s
I210410 03:38:12.034125 2093 vendor/github.com/cockroachdb/pebble/compaction.go:2312 ⋮ [n1] [JOB 9] sstable deleted 000446
I210410 03:38:12.034249 2093 vendor/github.com/cockroachdb/pebble/compaction.go:2312 ⋮ [n1] [JOB 9] sstable deleted 000454
I210410 03:38:12.034416 2093 vendor/github.com/cockroachdb/pebble/compaction.go:2312 ⋮ [n1] [JOB 9] sstable deleted 000462
I210410 03:38:12.034620 2093 vendor/github.com/cockroachdb/pebble/compaction.go:2312 ⋮ [n1] [JOB 9] sstable deleted 000470
I210410 03:38:12.034694 2093 vendor/github.com/cockroachdb/pebble/compaction.go:2312 ⋮ [n1] [JOB 9] sstable deleted 000599
I210410 03:38:12.038416 2093 vendor/github.com/cockroachdb/pebble/compaction.go:2312 ⋮ [n1] [JOB 9] sstable deleted 000719
I210410 03:38:12.038935 2093 vendor/github.com/cockroachdb/pebble/compaction.go:2312 ⋮ [n1] [JOB 9] sstable deleted 000722
