I210410 03:36:57.915587 1 util/log/sync_buffer.go:195 ⋮ [config] file created at: 2021/04/10 03:36:57
I210410 03:36:57.915604 1 util/log/sync_buffer.go:195 ⋮ [config] running on machine: ‹magnetosphere›
I210410 03:36:57.915616 1 util/log/sync_buffer.go:195 ⋮ [config] binary: CockroachDB CCL v20.2.0 (x86_64-unknown-linux-gnu, built 2020/11/09 16:01:45, go1.13.14)
I210410 03:36:57.915629 1 util/log/sync_buffer.go:195 ⋮ [config] arguments: ‹[cockroach start --certs-dir=certs --advertise-addr=192.168.2.118 --join=192.168.2.130 --cache=.25 --max-sql-memory=.25]›
I210410 03:36:57.915650 1 util/log/sync_buffer.go:195 ⋮ [config] line format: [IWEF]yymmdd hh:mm:ss.uuuuuu goid file:line msg utf8=✓
I210410 03:36:57.915342 1 server/status/recorder.go:605 ⋮ ‹available memory from cgroups is unsupported, using system memory 16 GiB instead: can't read available memory from cgroup v2 at /sys/fs/cgroup/unified/user.slice/user-1000.slice/session-2.scope/memory.max: open /sys/fs/cgroup/unified/user.slice/user-1000.slice/session-2.scope/memory.max: no such file or directory›
I210410 03:36:57.915845 1 cli/start.go:1163 ⋮ ‹CockroachDB CCL v20.2.0 (x86_64-unknown-linux-gnu, built 2020/11/09 16:01:45, go1.13.14)›
I210410 03:36:57.916711 1 server/status/recorder.go:605 ⋮ ‹available memory from cgroups is unsupported, using system memory 16 GiB instead: can't read available memory from cgroup v2 at /sys/fs/cgroup/unified/user.slice/user-1000.slice/session-2.scope/memory.max: open /sys/fs/cgroup/unified/user.slice/user-1000.slice/session-2.scope/memory.max: no such file or directory›
I210410 03:36:57.916742 1 server/config.go:433 ⋮ system total memory: ‹16 GiB›
I210410 03:36:57.916776 1 server/config.go:435 ⋮ server configuration:
‹max offset             500000000›
‹cache size             3.9 GiB›
‹SQL memory pool size   3.9 GiB›
‹scan interval          10m0s›
‹scan min idle time     10ms›
‹scan max idle time     1s›
‹event log enabled      true›
I210410 03:36:57.916867 1 cli/start.go:967 ⋮ process identity: ‹uid 1000 euid 1000 gid 1000 egid 1000›
I210410 03:36:57.917182 1 cli/start.go:501 ⋮ could not initialize GEOS - spatial functions may not be available: geos: error during GEOS init: geos: cannot load GEOS from dir ‹"/usr/local/lib/cockroach"›: ‹geos error: /usr/local/lib/cockroach/libgeos.so: cannot open shared object file: No such file or directory›
I210410 03:36:57.917257 1 cli/start.go:508 ⋮ starting cockroach node
I210410 03:36:57.919318 45 rpc/tls.go:270 ⋮ [n?] server certificate addresses: ‹IP=127.0.0.1,192.168.2.118; DNS=localhost,magnetosphere,magnetosphere.net; CN=node›
I210410 03:36:57.919366 45 rpc/tls.go:319 ⋮ [n?] web UI certificate addresses: ‹IP=127.0.0.1,192.168.2.118; DNS=localhost,magnetosphere,magnetosphere.net; CN=node›
I210410 03:36:57.952188 45 server/server.go:781 ⋮ [n?] monitoring forward clock jumps based on server.clock.forward_jump_check_enabled
I210410 03:36:58.196283 45 server/config.go:624 ⋮ [n?] 1 storage engine‹› initialized
I210410 03:36:58.196309 45 server/config.go:627 ⋮ [n?] ‹Pebble cache size: 3.9 GiB›
I210410 03:36:58.196325 45 server/config.go:627 ⋮ [n?] ‹store 0: RocksDB, max size 0 B, max open file limit 10000›
I210410 03:36:58.204146 24 server/server.go:1411 ⋮ [n?] connecting to gossip network to verify cluster ID ‹"90546476-8089-48e5-80b3-e1e5c2e1c6d0"›
W210410 03:36:58.209294 45 gossip/gossip.go:1494 ⋮ [n?] no incoming or outgoing connections
I210410 03:36:58.209358 45 gossip/gossip.go:403 ⋮ [n1] NodeDescriptor set to ‹node_id:1 address:<network_field:"tcp" address_field:"192.168.2.118:26257" > attrs:<> locality:<> ServerVersion:<major_val:20 minor_val:2 patch:0 unstable:0 > build_tag:"v20.2.0" started_at:1618025818209349635 cluster_name:"" sql_address:<network_field:"tcp" address_field:"192.168.2.118:26257" >›
W210410 03:36:58.219101 260 kv/kvserver/replica_range_lease.go:555 ⋮ [n1,s1,r6/1:‹/Table/{SystemCon…-11}›] can't determine lease status of (n1,s1):1 due to node liveness error: node not in the liveness table
(1) attached stack trace
  -- stack trace:
  | github.com/cockroachdb/cockroach/pkg/kv/kvserver.init
  | 	/go/src/github.com/cockroachdb/cockroach/pkg/kv/kvserver/node_liveness.go:45
  | runtime.doInit
  | 	/usr/local/go/src/runtime/proc.go:5228
  | runtime.doInit
  | 	/usr/local/go/src/runtime/proc.go:5223
  | runtime.doInit
  | 	/usr/local/go/src/runtime/proc.go:5223
  | runtime.doInit
  | 	/usr/local/go/src/runtime/proc.go:5223
  | runtime.doInit
  | 	/usr/local/go/src/runtime/proc.go:5223
  | runtime.main
  | 	/usr/local/go/src/runtime/proc.go:190
  | runtime.goexit
  | 	/usr/local/go/src/runtime/asm_amd64.s:1357
Wraps: (2) node not in the liveness table
Error types: (1) *withstack.withStack (2) *errutil.leafError
I210410 03:36:58.219256 24 server/server.go:1414 ⋮ [n1] node connected via gossip
W210410 03:36:58.219362 260 kv/kvserver/store.go:1704 ⋮ [n1,s1,r6/1:‹/Table/{SystemCon…-11}›] could not gossip system config: ‹[NotLeaseHolderError] r6: replica (n1,s1):1 not lease holder; lease holder unknown›
(1) ‹[NotLeaseHolderError] r6: replica (n1,s1):1 not lease holder; lease holder unknown›
Error types: (1) *roachpb.NotLeaseHolderError
I210410 03:36:58.221043 45 server/node.go:430 ⋮ [n1] initialized store [n1,s1]: disk (capacity=109 GiB, available=58 GiB, used=95 MiB, logicalBytes=382 MiB), ranges=40, leases=0, queries=0.00, writes=0.00, bytesPerReplica={p10=0.00 p25=0.00 p50=0.00 p75=19531.00 p90=319963.00 pMax=397637420.00}, writesPerReplica={p10=0.00 p25=0.00 p50=0.00 p75=0.00 p90=0.00 pMax=0.00}
I210410 03:36:58.221893 45 kv/kvserver/stores.go:236 ⋮ [n1] read 0 node addresses from persistent storage
I210410 03:36:58.223170 25 vendor/github.com/cockroachdb/circuitbreaker/circuitbreaker.go:322 ⋮ [n1] circuitbreaker: ‹gossip [::]:26257->192.168.2.130:26257› tripped: ‹initial connection heartbeat failed›: ‹rpc error: code = Unknown desc = client cluster ID "90546476-8089-48e5-80b3-e1e5c2e1c6d0" doesn't match server cluster ID "13756f32-258e-4243-a6ac-86ff273b1de2"›
I210410 03:36:58.223295 25 vendor/github.com/cockroachdb/circuitbreaker/circuitbreaker.go:447 ⋮ [n1] circuitbreaker: ‹gossip [::]:26257->192.168.2.130:26257› event: ‹BreakerTripped›
W210410 03:36:58.223338 25 gossip/client.go:118 ⋮ [n1] failed to start gossip client to ‹192.168.2.130:26257›: ‹initial connection heartbeat failed›: ‹rpc error: code = Unknown desc = client cluster ID "90546476-8089-48e5-80b3-e1e5c2e1c6d0" doesn't match server cluster ID "13756f32-258e-4243-a6ac-86ff273b1de2"›
I210410 03:36:58.225017 45 server/node.go:489 ⋮ [n1] started with engine type ‹2›
I210410 03:36:58.225070 45 server/node.go:491 ⋮ [n1] started with attributes ‹[]›
I210410 03:36:58.225155 45 server/goroutinedumper/goroutinedumper.go:120 ⋮ [n1] writing goroutine dumps to ‹/home/d0mo/go/src/github.com/0pcom/magnets/cockroach-data/logs/goroutine_dump›
I210410 03:36:58.225178 45 server/heapprofiler/heapprofiler.go:49 ⋮ [n1] writing go heap profiles to ‹/home/d0mo/go/src/github.com/0pcom/magnets/cockroach-data/logs/heap_profiler› at least every 1h0m0s
I210410 03:36:58.225196 45 server/heapprofiler/cgoprofiler.go:53 ⋮ [n1] to enable jmalloc profiling: "export MALLOC_CONF=prof:true" or "ln -s prof:true /etc/malloc.conf"
I210410 03:36:58.225211 45 server/heapprofiler/statsprofiler.go:54 ⋮ [n1] writing memory stats to ‹/home/d0mo/go/src/github.com/0pcom/magnets/cockroach-data/logs/heap_profiler› at last every 1h0m0s
I210410 03:36:58.225234 45 server/server.go:1530 ⋮ [n1] starting https server at ‹[::]:8080› (use: ‹192.168.2.118:8080›)
I210410 03:36:58.225258 45 server/server.go:1537 ⋮ [n1] starting grpc/postgres server at ‹[::]:26257›
I210410 03:36:58.225278 45 server/server.go:1538 ⋮ [n1] advertising CockroachDB node at ‹192.168.2.118:26257›
I210410 03:36:58.266264 45 sql/sqlliveness/slinstance/slinstance.go:252 ⋮ [n1] starting SQL liveness instance
I210410 03:36:58.266469 80 sql/temporary_schema.go:497 ⋮ [n1] running temporary object cleanup background job
I210410 03:36:58.266758 45 server/server_sql.go:753 ⋮ [n1] done ensuring all necessary migrations have run
I210410 03:36:58.266784 45 server/server.go:1870 ⋮ [n1] serving sql connections
I210410 03:36:58.267316 334 jobs/job_scheduler.go:346 ⋮ [n1] waiting 4m0s before scheduled jobs daemon start
I210410 03:36:58.267616 45 cli/start.go:669 ⋮ [config] clusterID: ‹90546476-8089-48e5-80b3-e1e5c2e1c6d0›
I210410 03:36:58.267654 45 cli/start.go:679 ⋮ node startup completed:
CockroachDB node starting at 2021-04-10 03:36:58.266877188 +0000 UTC (took 0.4s)
build:               CCL v20.2.0 @ 2020/11/09 16:01:45 (go1.13.14)
webui:               ‹https://192.168.2.118:8080›
sql:                 ‹postgresql://root@192.168.2.118:26257?sslcert=certs%2Fclient.root.crt&sslkey=certs%2Fclient.root.key&sslmode=verify-full&sslrootcert=certs%2Fca.crt›
RPC client flags:    ‹cockroach <client cmd> --host=192.168.2.118:26257 --certs-dir=certs›
logs:                ‹/home/d0mo/go/src/github.com/0pcom/magnets/cockroach-data/logs›
temp dir:            ‹/home/d0mo/go/src/github.com/0pcom/magnets/cockroach-data/cockroach-temp651892674›
external I/O path:   ‹/home/d0mo/go/src/github.com/0pcom/magnets/cockroach-data/extern›
store[0]:            ‹path=/home/d0mo/go/src/github.com/0pcom/magnets/cockroach-data›
storage engine:      pebble
status:              restarted pre-existing node
clusterID:           ‹90546476-8089-48e5-80b3-e1e5c2e1c6d0›
nodeID:              1
I210410 03:36:58.293845 80 sql/temporary_schema.go:532 ⋮ [n1] found 0 temporary schemas
I210410 03:36:58.293906 80 sql/temporary_schema.go:535 ⋮ [n1] early exiting temporary schema cleaner as no temporary schemas were found
I210410 03:36:58.293930 80 sql/temporary_schema.go:536 ⋮ [n1] completed temporary object cleanup job
I210410 03:36:58.293956 80 sql/temporary_schema.go:614 ⋮ [n1] temporary object cleaner next scheduled to run at 2021-04-10 04:06:58.266394257 +0000 UTC
I210410 03:36:58.299051 335 server/server_update.go:55 ⋮ [n1] no need to upgrade, cluster already at the newest version
I210410 03:36:58.323099 78 sql/sqlliveness/slstorage/slstorage.go:342 ⋮ [n1] inserted sqlliveness session ‹6dde91586b594760aa430a93e6cabc93›
I210410 03:36:58.323188 78 sql/sqlliveness/slinstance/slinstance.go:143 ⋮ [n1] created new SQL liveness session ‹6dde91586b594760aa430a93e6cabc93›
I210410 03:36:58.342932 76 sql/event_log.go:146 ⋮ [n1] Event: ‹"node_restart"›, target: 1, info: ‹{Descriptor:{NodeID:1 Address:192.168.2.118:26257 Attrs: Locality: ServerVersion:20.2 BuildTag:v20.2.0 StartedAt:1618025818209349635 LocalityAddress:[] ClusterName: SQLAddress:192.168.2.118:26257} ClusterID:90546476-8089-48e5-80b3-e1e5c2e1c6d0 StartedAt:1618025818209349635 LastUp:1617567440031938381}›
I210410 03:36:58.353683 414 kv/kvserver/replica_command.go:671 ⋮ [n1,merge,s1,r80/1:‹/Table/56/{1-2}›] initiating a merge of r81:‹/{Table/56/2-Max}› [(n1,s1):1, next=2, gen=22, sticky=1617570934.908559241,0] into this range (‹lhs+rhs has (size=0 B+0 B=0 B qps=0.00+0.00=0.00qps) below threshold (size=128 MiB, qps=1250.00)›)
I210410 03:36:58.398545 213 kv/kvserver/store_remove_replica.go:124 ⋮ [n1,s1,r80/1:‹/Table/56/{1-2}›] removing replica r81/1
I210410 03:36:58.415572 533 kv/kvserver/replica_command.go:671 ⋮ [n1,merge,s1,r79/1:‹/Table/56{-/1}›] initiating a merge of r80:‹/{Table/56/1-Max}› [(n1,s1):1, next=2, gen=23, sticky=1617570934.908559241,0] into this range (‹lhs+rhs has (size=0 B+0 B=0 B qps=0.00+0.00=0.00qps) below threshold (size=128 MiB, qps=1250.00)›)
I210410 03:36:58.443113 194 kv/kvserver/store_remove_replica.go:124 ⋮ [n1,s1,r79/1:‹/Table/56{-/1}›] removing replica r80/1
I210410 03:36:59.213456 55 gossip/gossip.go:1508 ⋮ [n1] node has connected to cluster via gossip
I210410 03:36:59.216330 55 kv/kvserver/stores.go:255 ⋮ [n1] wrote 0 node addresses to persistent storage
I210410 03:37:08.226376 309 server/status/runtime.go:522 ⋮ [n1] runtime stats: 178 MiB RSS, 227 goroutines, 30 MiB/27 MiB/50 MiB GO alloc/idle/total, 31 MiB/73 MiB CGO alloc/total, 0.0 CGO/sec, 0.0/0.0 %(u/s)time, 0.0 %gc (136x), 47 KiB/38 KiB (r/w)net
I210410 03:37:18.226552 309 server/status/runtime.go:522 ⋮ [n1] runtime stats: 181 MiB RSS, 228 goroutines, 35 MiB/22 MiB/51 MiB GO alloc/idle/total, 32 MiB/74 MiB CGO alloc/total, 13.3 CGO/sec, 3.1/0.4 %(u/s)time, 0.0 %gc (1x), 49 KiB/45 KiB (r/w)net
I210410 03:37:18.228073 112 kv/kvserver/store.go:2638 ⋮ [n1,s1] sstables (read amplification = 1):
‹6 [ 27M 12 ]: 4M[6] 2M 285K 228K 215K 13K 9K›
I210410 03:37:18.228380 112 kv/kvserver/store.go:2639 ⋮ [n1,s1] ‹›
‹__level_____count____size___score______in__ingest(sz_cnt)____move(sz_cnt)___write(sz_cnt)____read___r-amp___w-amp›
‹    WAL         2   959 K       -   954 K       -       -       -       -   959 K       -       -       -     1.0›
‹      0         0     0 B    0.00     0 B     0 B       0     0 B       0     0 B       0     0 B       0     0.0›
‹      1         0     0 B    0.00     0 B     0 B       0     0 B       0     0 B       0     0 B       0     0.0›
‹      2         0     0 B    0.00     0 B     0 B       0     0 B       0     0 B       0     0 B       0     0.0›
‹      3         0     0 B    0.00     0 B     0 B       0     0 B       0     0 B       0     0 B       0     0.0›
‹      4         0     0 B    0.00     0 B     0 B       0     0 B       0     0 B       0     0 B       0     0.0›
‹      5         0     0 B    0.00     0 B     0 B       0     0 B       0     0 B       0     0 B       0     0.0›
‹      6        12    27 M       -   262 K     0 B       0     0 B       0    26 M       7    26 M       1   101.8›
‹  total        12    27 M       -   959 K     0 B       0     0 B       0    27 M       7    26 M       1    28.9›
‹  flush         0›
‹compact         1     0 B          (size == estimated-debt)›
‹ memtbl         2    16 M›
‹zmemtbl         0     0 B›
‹   ztbl         0     0 B›
‹ bcache        62   1.5 M   49.7%  (score == hit-rate)›
‹ tcache         7   4.2 K   99.4%  (score == hit-rate)›
‹ titers         0›
‹ filter         -       -   70.5%  (score == utility)›
I210410 03:37:28.226673 309 server/status/runtime.go:522 ⋮ [n1] runtime stats: 199 MiB RSS, 225 goroutines, 31 MiB/24 MiB/61 MiB GO alloc/idle/total, 34 MiB/75 MiB CGO alloc/total, 44.4 CGO/sec, 5.4/0.5 %(u/s)time, 0.0 %gc (2x), 49 KiB/47 KiB (r/w)net
I210410 03:37:28.276771 331 jobs/adopt.go:42 ⋮ claimed 10 jobs
I210410 03:37:28.285978 1197 jobs/adopt.go:124 ⋮ job 647157800049967105: resuming execution
I210410 03:37:28.294640 1179 jobs/registry.go:1063 ⋮ [n1] SCHEMA CHANGE GC job 647157800049967105: stepping through state running with error: <nil>
I210410 03:37:28.316962 1179 sql/gcjob/gc_job_utils.go:179 ⋮ [n1,job=647157800049967105] updated progress payload: ‹tables:<id:55 status:DELETING >›
I210410 03:37:28.334824 1179 sql/gcjob/gc_job_utils.go:179 ⋮ [n1,job=647157800049967105] updated progress payload: ‹tables:<id:55 status:DELETING >›
I210410 03:37:28.335079 1179 sql/gcjob/table_garbage_collection.go:104 ⋮ [n1,job=647157800049967105] clearing data for table 55
I210410 03:37:28.856816 1179 sql/gcjob/descriptor_utils.go:64 ⋮ [n1,job=647157800049967105] removing table descriptor for table 55
I210410 03:37:28.883447 1238 kv/kvserver/replica_command.go:671 ⋮ [n1,merge,s1,r48/1:‹/Table/5{4-5}›] initiating a merge of r76:‹/Table/5{5-6}› [(n1,s1):1, next=2, gen=20] into this range (‹lhs+rhs has (size=26 KiB+0 B=26 KiB qps=0.00+0.00=0.00qps) below threshold (size=128 MiB, qps=1250.00)›)
I210410 03:37:28.896926 1179 sql/gcjob/gc_job_utils.go:179 ⋮ [n1,job=647157800049967105] updated progress payload: ‹tables:<id:55 status:DELETED >›
I210410 03:37:28.897045 1179 jobs/registry.go:1063 ⋮ [n1] SCHEMA CHANGE GC job 647157800049967105: stepping through state succeeded with error: <nil>
I210410 03:37:28.912334 194 kv/kvserver/store_remove_replica.go:124 ⋮ [n1,s1,r48/1:‹/Table/5{4-5}›] removing replica r76/1
I210410 03:37:38.226942 309 server/status/runtime.go:522 ⋮ [n1] runtime stats: 299 MiB RSS, 232 goroutines, 33 MiB/23 MiB/51 MiB GO alloc/idle/total, 142 MiB/172 MiB CGO alloc/total, 1348.9 CGO/sec, 61.7/16.0 %(u/s)time, 0.0 %gc (70x), 366 KiB/354 KiB (r/w)net
I210410 03:37:48.226960 309 server/status/runtime.go:522 ⋮ [n1] runtime stats: 374 MiB RSS, 232 goroutines, 26 MiB/30 MiB/50 MiB GO alloc/idle/total, 214 MiB/249 MiB CGO alloc/total, 921.3 CGO/sec, 57.7/16.5 %(u/s)time, 0.0 %gc (66x), 54 KiB/40 KiB (r/w)net
I210410 03:37:50.689453 1014 kv/kvserver/replica_consistency.go:257 ⋮ [n1,consistencyChecker,s1,r4/1:‹/System{/tsd-tse}›] triggering stats recomputation to resolve delta of {ContainsEstimates:10944426 LastUpdateNanos:1618025838298940788 IntentAge:0 GCBytesAge:0 LiveBytes:200948436 LiveCount:-16214 KeyBytes:-810766 KeyCount:-16214 ValBytes:201759202 ValCount:-16214 IntentBytes:0 IntentCount:0 SysBytes:0 SysCount:0 AbortSpanBytes:0}
I210410 03:37:58.225288 113 gossip/gossip.go:568 ⋮ [n1] gossip status (ok, 1 node‹›)
gossip client (0/3 cur/max conns)
gossip server (0/3 cur/max conns, infos 0/0 sent/received, bytes 0B/0B sent/received)
gossip connectivity
  n1 [sentinel];
I210410 03:37:58.227448 309 server/status/runtime.go:522 ⋮ [n1] runtime stats: 393 MiB RSS, 228 goroutines, 30 MiB/26 MiB/58 MiB GO alloc/idle/total, 232 MiB/268 MiB CGO alloc/total, 218.9 CGO/sec, 73.1/4.3 %(u/s)time, 0.0 %gc (134x), 34 KiB/28 KiB (r/w)net
I210410 03:37:58.339945 331 jobs/adopt.go:42 ⋮ claimed 10 jobs
I210410 03:37:58.346681 1751 jobs/registry.go:1063 ⋮ [n1] AUTO CREATE STATS job 648660511197954049: stepping through state running with error: <nil>
I210410 03:37:58.356284 1724 jobs/adopt.go:124 ⋮ job 647157508187160577: resuming execution
I210410 03:37:58.360243 1726 jobs/registry.go:1063 ⋮ [n1] SCHEMA CHANGE GC job 647157508187160577: stepping through state running with error: <nil>
I210410 03:37:58.375107 1726 sql/gcjob/gc_job_utils.go:179 ⋮ [n1,job=647157508187160577] updated progress payload: ‹tables:<id:54 status:DELETING >›
I210410 03:37:58.389101 1726 sql/gcjob/gc_job_utils.go:179 ⋮ [n1,job=647157508187160577] updated progress payload: ‹tables:<id:54 status:DELETING >›
I210410 03:37:58.389584 1726 sql/gcjob/table_garbage_collection.go:104 ⋮ [n1,job=647157508187160577] clearing data for table 54
I210410 03:37:58.712754 1751 jobs/registry.go:1063 ⋮ [n1] AUTO CREATE STATS job 648660511197954049: stepping through state succeeded with error: <nil>
I210410 03:37:58.896994 1726 sql/gcjob/descriptor_utils.go:64 ⋮ [n1,job=647157508187160577] removing table descriptor for table 54
I210410 03:37:58.928099 1960 kv/kvserver/replica_command.go:671 ⋮ [n1,merge,s1,r35/1:‹/Table/{39-54}›] initiating a merge of r48:‹/Table/5{4-6}› [(n1,s1):1, next=2, gen=21] into this range (‹lhs+rhs has (size=521 B+0 B=521 B qps=0.00+0.00=0.00qps) below threshold (size=128 MiB, qps=1250.00)›)
I210410 03:37:58.945176 1726 sql/gcjob/gc_job_utils.go:179 ⋮ [n1,job=647157508187160577] updated progress payload: ‹tables:<id:54 status:DELETED >›
I210410 03:37:58.945275 1726 jobs/registry.go:1063 ⋮ [n1] SCHEMA CHANGE GC job 647157508187160577: stepping through state succeeded with error: <nil>
I210410 03:37:58.952408 222 kv/kvserver/store_remove_replica.go:124 ⋮ [n1,s1,r35/1:‹/Table/{39-54}›] removing replica r48/1
I210410 03:38:08.227191 309 server/status/runtime.go:522 ⋮ [n1] runtime stats: 395 MiB RSS, 228 goroutines, 36 MiB/21 MiB/55 MiB GO alloc/idle/total, 232 MiB/268 MiB CGO alloc/total, 0.1 CGO/sec, 7.8/0.4 %(u/s)time, 0.0 %gc (3x), 34 KiB/30 KiB (r/w)net
I210410 03:38:18.226873 309 server/status/runtime.go:522 ⋮ [n1] runtime stats: 195 MiB RSS, 227 goroutines, 19 MiB/36 MiB/50 MiB GO alloc/idle/total, 50 MiB/86 MiB CGO alloc/total, 1306.2 CGO/sec, 64.3/3.2 %(u/s)time, 0.0 %gc (110x), 42 KiB/36 KiB (r/w)net
I210410 03:38:28.227415 309 server/status/runtime.go:522 ⋮ [n1] runtime stats: 195 MiB RSS, 227 goroutines, 26 MiB/30 MiB/50 MiB GO alloc/idle/total, 50 MiB/86 MiB CGO alloc/total, 3.7 CGO/sec, 0.9/0.4 %(u/s)time, 0.0 %gc (0x), 33 KiB/31 KiB (r/w)net
I210410 03:38:28.364768 331 jobs/adopt.go:42 ⋮ claimed 10 jobs
I210410 03:38:38.227531 309 server/status/runtime.go:522 ⋮ [n1] runtime stats: 195 MiB RSS, 228 goroutines, 21 MiB/34 MiB/50 MiB GO alloc/idle/total, 50 MiB/87 MiB CGO alloc/total, 13.3 CGO/sec, 1.6/0.3 %(u/s)time, 0.0 %gc (1x), 34 KiB/28 KiB (r/w)net
I210410 03:38:48.227747 309 server/status/runtime.go:522 ⋮ [n1] runtime stats: 195 MiB RSS, 228 goroutines, 29 MiB/28 MiB/50 MiB GO alloc/idle/total, 50 MiB/87 MiB CGO alloc/total, 0.1 CGO/sec, 1.2/0.3 %(u/s)time, 0.0 %gc (0x), 38 KiB/33 KiB (r/w)net
I210410 03:38:58.225314 113 gossip/gossip.go:568 ⋮ [n1] gossip status (ok, 1 node‹›)
gossip client (0/3 cur/max conns)
gossip server (0/3 cur/max conns, infos 0/0 sent/received, bytes 0B/0B sent/received)
I210410 03:38:58.227871 309 server/status/runtime.go:522 ⋮ [n1] runtime stats: 196 MiB RSS, 228 goroutines, 36 MiB/21 MiB/50 MiB GO alloc/idle/total, 50 MiB/87 MiB CGO alloc/total, 0.1 CGO/sec, 1.1/0.4 %(u/s)time, 0.0 %gc (0x), 22 KiB/21 KiB (r/w)net
I210410 03:39:08.228244 309 server/status/runtime.go:522 ⋮ [n1] runtime stats: 196 MiB RSS, 227 goroutines, 33 MiB/24 MiB/52 MiB GO alloc/idle/total, 50 MiB/87 MiB CGO alloc/total, 0.1 CGO/sec, 2.2/0.1 %(u/s)time, 0.0 %gc (1x), 41 KiB/35 KiB (r/w)net
I210410 03:39:18.228018 309 server/status/runtime.go:522 ⋮ [n1] runtime stats: 197 MiB RSS, 227 goroutines, 39 MiB/18 MiB/53 MiB GO alloc/idle/total, 50 MiB/87 MiB CGO alloc/total, 0.1 CGO/sec, 1.2/0.2 %(u/s)time, 0.0 %gc (0x), 92 KiB/61 KiB (r/w)net
I210410 03:39:22.808132 1 cli/start.go:732 ⋮ received signal 'interrupt'
I210410 03:39:22.811307 1 cli/start.go:816 ⋮ initiating graceful shutdown of server
I210410 03:39:24.312696 2074 server/drain.go:175 ⋮ [server drain process] drain remaining: 4
I210410 03:39:24.315096 2074 server/drain.go:177 ⋮ [server drain process] drain details: SQL clients: 1, descriptor leases: 2, liveness record: 1
I210410 03:39:24.550831 2074 server/drain.go:175 ⋮ [server drain process] drain remaining: 0
I210410 03:39:24.553256 2074 util/stop/stopper.go:563 ⋮ [server drain process] quiescing
W210410 03:39:24.555606 78 sql/sqlliveness/slinstance/slinstance.go:182 ⋮ [n1] exiting heartbeat loop
W210410 03:39:24.555685 329 jobs/registry.go:669 ⋮ canceling all adopted jobs due to stopper quiescing
I210410 03:39:24.567647 1 cli/start.go:868 ⋮ server drained and shutdown completed
E210410 03:39:24.570198 1 cli/error.go:398 ⋮ ‹ERROR: interrupted›
