I210403 23:39:52.244237 87 util/log/sync_buffer.go:195 ⋮ [config] file created at: 2021/04/03 23:39:52
I210403 23:39:52.244244 87 util/log/sync_buffer.go:195 ⋮ [config] running on machine: ‹magnetosphere›
I210403 23:39:52.244251 87 util/log/sync_buffer.go:195 ⋮ [config] binary: CockroachDB CCL v20.2.0 (x86_64-unknown-linux-gnu, built 2020/11/09 16:01:45, go1.13.14)
I210403 23:39:52.244256 87 util/log/sync_buffer.go:195 ⋮ [config] arguments: ‹[cockroach start --certs-dir=certs --advertise-addr=192.168.2.118 --join=192.168.2.130 --cache=.25 --max-sql-memory=.25]›
I210403 23:39:52.244265 87 util/log/sync_buffer.go:195 ⋮ [config] line format: [IWEF]yymmdd hh:mm:ss.uuuuuu goid file:line msg utf8=✓
I210403 23:39:52.244128 87 vendor/github.com/cockroachdb/pebble/version_set.go:142 ⋮ [n?] [JOB 1] MANIFEST created 000001
I210403 23:39:52.246978 87 vendor/github.com/cockroachdb/pebble/open.go:295 ⋮ [n?] [JOB 1] WAL created 000002
I210403 23:39:52.252942 24 vendor/github.com/cockroachdb/pebble/table_stats.go:118 ⋮ [n?] [JOB 2] all initial table stats loaded
I210403 23:39:52.332567 87 vendor/github.com/cockroachdb/pebble/compaction.go:1559 ⋮ [n?] [JOB 1] flushing: sstable created 000422
I210403 23:39:52.532918 87 vendor/github.com/cockroachdb/pebble/open.go:295 ⋮ [n?] [JOB 1] WAL created 000423
I210403 23:39:52.541449 87 vendor/github.com/cockroachdb/pebble/version_set.go:442 ⋮ [n?] [JOB 1] MANIFEST created 000424
I210403 23:39:52.560636 87 vendor/github.com/cockroachdb/pebble/compaction.go:2298 ⋮ [n?] [JOB 1] WAL deleted 000394
I210403 23:39:52.573029 87 vendor/github.com/cockroachdb/pebble/compaction.go:2298 ⋮ [n?] [JOB 1] WAL deleted 000401
I210403 23:39:52.587796 87 vendor/github.com/cockroachdb/pebble/compaction.go:2298 ⋮ [n?] [JOB 1] WAL deleted 000408
I210403 23:39:52.600262 87 vendor/github.com/cockroachdb/pebble/compaction.go:2298 ⋮ [n?] [JOB 1] WAL deleted 000415
I210403 23:39:52.600387 87 vendor/github.com/cockroachdb/pebble/compaction.go:2305 ⋮ [n?] [JOB 1] MANIFEST deleted 000023
I210403 23:39:52.600653 156 vendor/github.com/cockroachdb/pebble/compaction.go:1369 ⋮ [n?] [JOB 3] compacting L0 [000422] (169 K) + L6 [000417 000418 000419 000420 000421] (19 M)
I210403 23:39:52.601113 155 vendor/github.com/cockroachdb/pebble/table_stats.go:118 ⋮ [n?] [JOB 2] all initial table stats loaded
I210403 23:39:52.601810 156 vendor/github.com/cockroachdb/pebble/compaction.go:1559 ⋮ [n?] [JOB 3] compacting: sstable created 000426
I210403 23:39:52.810805 217 vendor/github.com/cockroachdb/pebble/db.go:1364 ⋮ [n1] [JOB 4] WAL created 000427
I210403 23:39:53.053613 156 vendor/github.com/cockroachdb/pebble/compaction.go:1559 ⋮ [n1] [JOB 3] compacting: sstable created 000428
I210403 23:39:53.734010 156 vendor/github.com/cockroachdb/pebble/compaction.go:1559 ⋮ [n1] [JOB 3] compacting: sstable created 000429
I210403 23:39:54.032468 156 vendor/github.com/cockroachdb/pebble/compaction.go:1559 ⋮ [n1] [JOB 3] compacting: sstable created 000430
I210403 23:39:54.583352 156 vendor/github.com/cockroachdb/pebble/compaction.go:1559 ⋮ [n1] [JOB 3] compacting: sstable created 000431
I210403 23:39:54.921117 156 vendor/github.com/cockroachdb/pebble/compaction.go:1408 ⋮ [n1] [JOB 3] compacted L0 [000422] (169 K) + L6 [000417 000418 000419 000420 000421] (19 M) -> L6 [000426 000428 000429 000430 000431] (19 M), in 2.3s, output rate 8.1 M/s
I210403 23:39:54.926197 156 vendor/github.com/cockroachdb/pebble/compaction.go:2312 ⋮ [n1] [JOB 3] sstable deleted 000417
I210403 23:39:54.934100 156 vendor/github.com/cockroachdb/pebble/compaction.go:2312 ⋮ [n1] [JOB 3] sstable deleted 000418
I210403 23:39:54.937464 156 vendor/github.com/cockroachdb/pebble/compaction.go:2312 ⋮ [n1] [JOB 3] sstable deleted 000419
I210403 23:39:54.942763 156 vendor/github.com/cockroachdb/pebble/compaction.go:2312 ⋮ [n1] [JOB 3] sstable deleted 000420
I210403 23:39:54.946244 156 vendor/github.com/cockroachdb/pebble/compaction.go:2312 ⋮ [n1] [JOB 3] sstable deleted 000421
I210403 23:39:54.946465 156 vendor/github.com/cockroachdb/pebble/compaction.go:2312 ⋮ [n1] [JOB 3] sstable deleted 000422
I210403 23:59:42.840620 218 vendor/github.com/cockroachdb/pebble/db.go:1364 ⋮ [n1] [JOB 5] WAL created 000432
I210403 23:59:42.840956 17421 vendor/github.com/cockroachdb/pebble/compaction.go:953 ⋮ [n1] [JOB 6] flushing 2 memtables to L0
I210403 23:59:42.841177 17421 vendor/github.com/cockroachdb/pebble/compaction.go:1559 ⋮ [n1] [JOB 6] flushing: sstable created 000433
I210403 23:59:43.047955 17421 vendor/github.com/cockroachdb/pebble/compaction.go:1008 ⋮ [n1] [JOB 6] flushed 2 memtables to L0 [000433] (322 K), in 0.2s, output rate 1.5 M/s
I210403 23:59:43.053483 17543 vendor/github.com/cockroachdb/pebble/compaction.go:1369 ⋮ [n1] [JOB 7] compacting L0 [000433] (322 K) + L6 [000426 000428 000429 000430 000431 000337 000330 000323 000076] (19 M)
I210403 23:59:43.054092 17543 vendor/github.com/cockroachdb/pebble/compaction.go:1559 ⋮ [n1] [JOB 7] compacting: sstable created 000434
I210403 23:59:43.563916 17543 vendor/github.com/cockroachdb/pebble/compaction.go:1559 ⋮ [n1] [JOB 7] compacting: sstable created 000435
I210403 23:59:44.203384 17543 vendor/github.com/cockroachdb/pebble/compaction.go:1559 ⋮ [n1] [JOB 7] compacting: sstable created 000436
I210403 23:59:44.555132 17543 vendor/github.com/cockroachdb/pebble/compaction.go:1559 ⋮ [n1] [JOB 7] compacting: sstable created 000437
I210403 23:59:44.941381 17543 vendor/github.com/cockroachdb/pebble/compaction.go:1559 ⋮ [n1] [JOB 7] compacting: sstable created 000438
I210403 23:59:45.296886 17543 vendor/github.com/cockroachdb/pebble/compaction.go:1408 ⋮ [n1] [JOB 7] compacted L0 [000433] (322 K) + L6 [000426 000428 000429 000430 000431 000337 000330 000323 000076] (19 M) -> L6 [000434 000435 000436 000437 000438] (19 M), in 2.2s, output rate 8.7 M/s
I210403 23:59:45.297071 17543 vendor/github.com/cockroachdb/pebble/compaction.go:2312 ⋮ [n1] [JOB 7] sstable deleted 000076
I210403 23:59:45.297129 17543 vendor/github.com/cockroachdb/pebble/compaction.go:2312 ⋮ [n1] [JOB 7] sstable deleted 000323
I210403 23:59:45.297218 17543 vendor/github.com/cockroachdb/pebble/compaction.go:2312 ⋮ [n1] [JOB 7] sstable deleted 000330
I210403 23:59:45.297322 17543 vendor/github.com/cockroachdb/pebble/compaction.go:2312 ⋮ [n1] [JOB 7] sstable deleted 000337
I210403 23:59:45.302582 17543 vendor/github.com/cockroachdb/pebble/compaction.go:2312 ⋮ [n1] [JOB 7] sstable deleted 000426
I210403 23:59:45.314112 17543 vendor/github.com/cockroachdb/pebble/compaction.go:2312 ⋮ [n1] [JOB 7] sstable deleted 000428
I210403 23:59:45.318898 17543 vendor/github.com/cockroachdb/pebble/compaction.go:2312 ⋮ [n1] [JOB 7] sstable deleted 000429
I210403 23:59:45.327038 17543 vendor/github.com/cockroachdb/pebble/compaction.go:2312 ⋮ [n1] [JOB 7] sstable deleted 000430
I210403 23:59:45.331662 17543 vendor/github.com/cockroachdb/pebble/compaction.go:2312 ⋮ [n1] [JOB 7] sstable deleted 000431
I210403 23:59:45.332225 17543 vendor/github.com/cockroachdb/pebble/compaction.go:2312 ⋮ [n1] [JOB 7] sstable deleted 000433
I210404 00:40:32.839872 211 vendor/github.com/cockroachdb/pebble/db.go:1364 ⋮ [n1] [JOB 8] WAL created 000439 (recycled 000423)
I210404 00:40:32.840190 50501 vendor/github.com/cockroachdb/pebble/compaction.go:953 ⋮ [n1] [JOB 9] flushing 1 memtable to L0
I210404 00:40:32.840322 50501 vendor/github.com/cockroachdb/pebble/compaction.go:1559 ⋮ [n1] [JOB 9] flushing: sstable created 000440
I210404 00:40:33.192824 50501 vendor/github.com/cockroachdb/pebble/compaction.go:1008 ⋮ [n1] [JOB 9] flushed 1 memtable to L0 [000440] (404 K), in 0.4s, output rate 1.1 M/s
I210404 00:40:33.201419 50422 vendor/github.com/cockroachdb/pebble/compaction.go:1369 ⋮ [n1] [JOB 10] compacting L0 [000440] (404 K) + L6 [000434 000435 000436 000437 000438] (19 M)
I210404 00:40:33.202321 50422 vendor/github.com/cockroachdb/pebble/compaction.go:1559 ⋮ [n1] [JOB 10] compacting: sstable created 000441
I210404 00:40:33.834263 50422 vendor/github.com/cockroachdb/pebble/compaction.go:1559 ⋮ [n1] [JOB 10] compacting: sstable created 000442
I210404 00:40:34.488907 50422 vendor/github.com/cockroachdb/pebble/compaction.go:1559 ⋮ [n1] [JOB 10] compacting: sstable created 000443
I210404 00:40:34.762345 50422 vendor/github.com/cockroachdb/pebble/compaction.go:1559 ⋮ [n1] [JOB 10] compacting: sstable created 000444
I210404 00:40:35.299548 50422 vendor/github.com/cockroachdb/pebble/compaction.go:1559 ⋮ [n1] [JOB 10] compacting: sstable created 000445
I210404 00:40:35.712882 50422 vendor/github.com/cockroachdb/pebble/compaction.go:1559 ⋮ [n1] [JOB 10] compacting: sstable created 000446
I210404 00:40:35.719833 50422 vendor/github.com/cockroachdb/pebble/compaction.go:1408 ⋮ [n1] [JOB 10] compacted L0 [000440] (404 K) + L6 [000434 000435 000436 000437 000438] (19 M) -> L6 [000441 000442 000443 000444 000445 000446] (20 M), in 2.5s, output rate 7.8 M/s
I210404 00:40:35.727466 50422 vendor/github.com/cockroachdb/pebble/compaction.go:2312 ⋮ [n1] [JOB 10] sstable deleted 000434
I210404 00:40:35.739935 50422 vendor/github.com/cockroachdb/pebble/compaction.go:2312 ⋮ [n1] [JOB 10] sstable deleted 000435
I210404 00:40:35.745199 50422 vendor/github.com/cockroachdb/pebble/compaction.go:2312 ⋮ [n1] [JOB 10] sstable deleted 000436
I210404 00:40:35.753633 50422 vendor/github.com/cockroachdb/pebble/compaction.go:2312 ⋮ [n1] [JOB 10] sstable deleted 000437
I210404 00:40:35.759111 50422 vendor/github.com/cockroachdb/pebble/compaction.go:2312 ⋮ [n1] [JOB 10] sstable deleted 000438
I210404 00:40:35.759516 50422 vendor/github.com/cockroachdb/pebble/compaction.go:2312 ⋮ [n1] [JOB 10] sstable deleted 000440
I210404 01:21:22.837907 221 vendor/github.com/cockroachdb/pebble/db.go:1364 ⋮ [n1] [JOB 11] WAL created 000447 (recycled 000427)
I210404 01:21:22.838210 83356 vendor/github.com/cockroachdb/pebble/compaction.go:953 ⋮ [n1] [JOB 12] flushing 1 memtable to L0
I210404 01:21:22.838335 83356 vendor/github.com/cockroachdb/pebble/compaction.go:1559 ⋮ [n1] [JOB 12] flushing: sstable created 000448
I210404 01:21:23.178536 83356 vendor/github.com/cockroachdb/pebble/compaction.go:1008 ⋮ [n1] [JOB 12] flushed 1 memtable to L0 [000448] (410 K), in 0.3s, output rate 1.2 M/s
I210404 01:21:23.187359 83412 vendor/github.com/cockroachdb/pebble/compaction.go:1369 ⋮ [n1] [JOB 13] compacting L0 [000448] (410 K) + L6 [000441 000442 000443 000444 000445] (20 M)
I210404 01:21:23.188335 83412 vendor/github.com/cockroachdb/pebble/compaction.go:1559 ⋮ [n1] [JOB 13] compacting: sstable created 000449
I210404 01:21:23.690473 83412 vendor/github.com/cockroachdb/pebble/compaction.go:1559 ⋮ [n1] [JOB 13] compacting: sstable created 000450
I210404 01:21:24.333365 83412 vendor/github.com/cockroachdb/pebble/compaction.go:1559 ⋮ [n1] [JOB 13] compacting: sstable created 000451
I210404 01:21:24.648136 83412 vendor/github.com/cockroachdb/pebble/compaction.go:1559 ⋮ [n1] [JOB 13] compacting: sstable created 000452
I210404 01:21:25.099692 83412 vendor/github.com/cockroachdb/pebble/compaction.go:1559 ⋮ [n1] [JOB 13] compacting: sstable created 000453
I210404 01:21:25.543765 83412 vendor/github.com/cockroachdb/pebble/compaction.go:1559 ⋮ [n1] [JOB 13] compacting: sstable created 000454
I210404 01:21:25.555823 83412 vendor/github.com/cockroachdb/pebble/compaction.go:1408 ⋮ [n1] [JOB 13] compacted L0 [000448] (410 K) + L6 [000441 000442 000443 000444 000445] (20 M) -> L6 [000449 000450 000451 000452 000453 000454] (20 M), in 2.4s, output rate 8.4 M/s
I210404 01:21:25.561782 83412 vendor/github.com/cockroachdb/pebble/compaction.go:2312 ⋮ [n1] [JOB 13] sstable deleted 000441
I210404 01:21:25.572575 83412 vendor/github.com/cockroachdb/pebble/compaction.go:2312 ⋮ [n1] [JOB 13] sstable deleted 000442
I210404 01:21:25.577678 83412 vendor/github.com/cockroachdb/pebble/compaction.go:2312 ⋮ [n1] [JOB 13] sstable deleted 000443
I210404 01:21:25.584629 83412 vendor/github.com/cockroachdb/pebble/compaction.go:2312 ⋮ [n1] [JOB 13] sstable deleted 000444
I210404 01:21:25.589561 83412 vendor/github.com/cockroachdb/pebble/compaction.go:2312 ⋮ [n1] [JOB 13] sstable deleted 000445
I210404 01:21:25.590102 83412 vendor/github.com/cockroachdb/pebble/compaction.go:2312 ⋮ [n1] [JOB 13] sstable deleted 000448
I210404 02:02:12.835508 230 vendor/github.com/cockroachdb/pebble/db.go:1364 ⋮ [n1] [JOB 14] WAL created 000455 (recycled 000432)
I210404 02:02:12.835843 116308 vendor/github.com/cockroachdb/pebble/compaction.go:953 ⋮ [n1] [JOB 15] flushing 1 memtable to L0
I210404 02:02:12.836026 116308 vendor/github.com/cockroachdb/pebble/compaction.go:1559 ⋮ [n1] [JOB 15] flushing: sstable created 000456
I210404 02:02:13.215666 116308 vendor/github.com/cockroachdb/pebble/compaction.go:1008 ⋮ [n1] [JOB 15] flushed 1 memtable to L0 [000456] (412 K), in 0.4s, output rate 1.1 M/s
I210404 02:02:13.226708 116200 vendor/github.com/cockroachdb/pebble/compaction.go:1369 ⋮ [n1] [JOB 16] compacting L0 [000456] (412 K) + L6 [000449 000450 000451 000452 000453] (20 M)
I210404 02:02:13.227869 116200 vendor/github.com/cockroachdb/pebble/compaction.go:1559 ⋮ [n1] [JOB 16] compacting: sstable created 000457
I210404 02:02:13.720479 116200 vendor/github.com/cockroachdb/pebble/compaction.go:1559 ⋮ [n1] [JOB 16] compacting: sstable created 000458
I210404 02:02:14.377969 116200 vendor/github.com/cockroachdb/pebble/compaction.go:1559 ⋮ [n1] [JOB 16] compacting: sstable created 000459
I210404 02:02:14.737246 116200 vendor/github.com/cockroachdb/pebble/compaction.go:1559 ⋮ [n1] [JOB 16] compacting: sstable created 000460
I210404 02:02:15.207299 116200 vendor/github.com/cockroachdb/pebble/compaction.go:1559 ⋮ [n1] [JOB 16] compacting: sstable created 000461
I210404 02:02:15.637097 116200 vendor/github.com/cockroachdb/pebble/compaction.go:1559 ⋮ [n1] [JOB 16] compacting: sstable created 000462
I210404 02:02:15.653308 116200 vendor/github.com/cockroachdb/pebble/compaction.go:1408 ⋮ [n1] [JOB 16] compacted L0 [000456] (412 K) + L6 [000449 000450 000451 000452 000453] (20 M) -> L6 [000457 000458 000459 000460 000461 000462] (20 M), in 2.4s, output rate 8.2 M/s
I210404 02:02:15.660229 116200 vendor/github.com/cockroachdb/pebble/compaction.go:2312 ⋮ [n1] [JOB 16] sstable deleted 000449
I210404 02:02:15.669064 116200 vendor/github.com/cockroachdb/pebble/compaction.go:2312 ⋮ [n1] [JOB 16] sstable deleted 000450
I210404 02:02:15.673408 116200 vendor/github.com/cockroachdb/pebble/compaction.go:2312 ⋮ [n1] [JOB 16] sstable deleted 000451
I210404 02:02:15.680403 116200 vendor/github.com/cockroachdb/pebble/compaction.go:2312 ⋮ [n1] [JOB 16] sstable deleted 000452
I210404 02:02:15.685637 116200 vendor/github.com/cockroachdb/pebble/compaction.go:2312 ⋮ [n1] [JOB 16] sstable deleted 000453
I210404 02:02:15.686470 116200 vendor/github.com/cockroachdb/pebble/compaction.go:2312 ⋮ [n1] [JOB 16] sstable deleted 000456
I210404 02:43:02.847159 223 vendor/github.com/cockroachdb/pebble/db.go:1364 ⋮ [n1] [JOB 17] WAL created 000463 (recycled 000439)
I210404 02:43:02.847512 149138 vendor/github.com/cockroachdb/pebble/compaction.go:953 ⋮ [n1] [JOB 18] flushing 1 memtable to L0
I210404 02:43:02.847682 149138 vendor/github.com/cockroachdb/pebble/compaction.go:1559 ⋮ [n1] [JOB 18] flushing: sstable created 000464
I210404 02:43:03.169646 149138 vendor/github.com/cockroachdb/pebble/compaction.go:1008 ⋮ [n1] [JOB 18] flushed 1 memtable to L0 [000464] (406 K), in 0.3s, output rate 1.2 M/s
I210404 02:43:03.179748 149102 vendor/github.com/cockroachdb/pebble/compaction.go:1369 ⋮ [n1] [JOB 19] compacting L0 [000464] (406 K) + L6 [000457 000458 000459 000460 000461] (20 M)
I210404 02:43:03.180878 149102 vendor/github.com/cockroachdb/pebble/compaction.go:1559 ⋮ [n1] [JOB 19] compacting: sstable created 000465
I210404 02:43:03.715074 149102 vendor/github.com/cockroachdb/pebble/compaction.go:1559 ⋮ [n1] [JOB 19] compacting: sstable created 000466
I210404 02:43:04.361720 149102 vendor/github.com/cockroachdb/pebble/compaction.go:1559 ⋮ [n1] [JOB 19] compacting: sstable created 000467
I210404 02:43:04.700246 149102 vendor/github.com/cockroachdb/pebble/compaction.go:1559 ⋮ [n1] [JOB 19] compacting: sstable created 000468
I210404 02:43:05.175740 149102 vendor/github.com/cockroachdb/pebble/compaction.go:1559 ⋮ [n1] [JOB 19] compacting: sstable created 000469
I210404 02:43:05.639034 149102 vendor/github.com/cockroachdb/pebble/compaction.go:1559 ⋮ [n1] [JOB 19] compacting: sstable created 000470
I210404 02:43:05.654557 149102 vendor/github.com/cockroachdb/pebble/compaction.go:1408 ⋮ [n1] [JOB 19] compacted L0 [000464] (406 K) + L6 [000457 000458 000459 000460 000461] (20 M) -> L6 [000465 000466 000467 000468 000469 000470] (20 M), in 2.5s, output rate 8.0 M/s
I210404 02:43:05.661981 149102 vendor/github.com/cockroachdb/pebble/compaction.go:2312 ⋮ [n1] [JOB 19] sstable deleted 000457
I210404 02:43:05.673960 149102 vendor/github.com/cockroachdb/pebble/compaction.go:2312 ⋮ [n1] [JOB 19] sstable deleted 000458
I210404 02:43:05.679743 149102 vendor/github.com/cockroachdb/pebble/compaction.go:2312 ⋮ [n1] [JOB 19] sstable deleted 000459
I210404 02:43:05.687277 149102 vendor/github.com/cockroachdb/pebble/compaction.go:2312 ⋮ [n1] [JOB 19] sstable deleted 000460
I210404 02:43:05.693161 149102 vendor/github.com/cockroachdb/pebble/compaction.go:2312 ⋮ [n1] [JOB 19] sstable deleted 000461
I210404 02:43:05.694016 149102 vendor/github.com/cockroachdb/pebble/compaction.go:2312 ⋮ [n1] [JOB 19] sstable deleted 000464
I210404 03:23:52.838465 261 vendor/github.com/cockroachdb/pebble/db.go:1364 ⋮ [n1] [JOB 20] WAL created 000471 (recycled 000447)
I210404 03:23:52.838856 181938 vendor/github.com/cockroachdb/pebble/compaction.go:953 ⋮ [n1] [JOB 21] flushing 1 memtable to L0
I210404 03:23:52.839034 181938 vendor/github.com/cockroachdb/pebble/compaction.go:1559 ⋮ [n1] [JOB 21] flushing: sstable created 000472
I210404 03:23:53.244274 181938 vendor/github.com/cockroachdb/pebble/compaction.go:1008 ⋮ [n1] [JOB 21] flushed 1 memtable to L0 [000472] (409 K), in 0.4s, output rate 1016 K/s
I210404 03:23:53.255345 181695 vendor/github.com/cockroachdb/pebble/compaction.go:1369 ⋮ [n1] [JOB 22] compacting L0 [000472] (409 K) + L6 [000465 000466 000467 000468 000469] (20 M)
I210404 03:23:53.256562 181695 vendor/github.com/cockroachdb/pebble/compaction.go:1559 ⋮ [n1] [JOB 22] compacting: sstable created 000473
I210404 03:23:53.738450 181695 vendor/github.com/cockroachdb/pebble/compaction.go:1559 ⋮ [n1] [JOB 22] compacting: sstable created 000474
I210404 03:23:54.362681 181695 vendor/github.com/cockroachdb/pebble/compaction.go:1559 ⋮ [n1] [JOB 22] compacting: sstable created 000475
I210404 03:23:54.743709 181695 vendor/github.com/cockroachdb/pebble/compaction.go:1559 ⋮ [n1] [JOB 22] compacting: sstable created 000476
I210404 03:23:55.213016 181695 vendor/github.com/cockroachdb/pebble/compaction.go:1559 ⋮ [n1] [JOB 22] compacting: sstable created 000477
I210404 03:23:55.630900 181695 vendor/github.com/cockroachdb/pebble/compaction.go:1559 ⋮ [n1] [JOB 22] compacting: sstable created 000478
I210404 03:23:55.642959 181695 vendor/github.com/cockroachdb/pebble/compaction.go:1408 ⋮ [n1] [JOB 22] compacted L0 [000472] (409 K) + L6 [000465 000466 000467 000468 000469] (20 M) -> L6 [000473 000474 000475 000476 000477 000478] (20 M), in 2.4s, output rate 8.4 M/s
I210404 03:23:55.648427 181695 vendor/github.com/cockroachdb/pebble/compaction.go:2312 ⋮ [n1] [JOB 22] sstable deleted 000465
I210404 03:23:55.655867 181695 vendor/github.com/cockroachdb/pebble/compaction.go:2312 ⋮ [n1] [JOB 22] sstable deleted 000466
I210404 03:23:55.660375 181695 vendor/github.com/cockroachdb/pebble/compaction.go:2312 ⋮ [n1] [JOB 22] sstable deleted 000467
I210404 03:23:55.666582 181695 vendor/github.com/cockroachdb/pebble/compaction.go:2312 ⋮ [n1] [JOB 22] sstable deleted 000468
I210404 03:23:55.672469 181695 vendor/github.com/cockroachdb/pebble/compaction.go:2312 ⋮ [n1] [JOB 22] sstable deleted 000469
I210404 03:23:55.672975 181695 vendor/github.com/cockroachdb/pebble/compaction.go:2312 ⋮ [n1] [JOB 22] sstable deleted 000472
I210404 04:04:42.857338 224 vendor/github.com/cockroachdb/pebble/db.go:1364 ⋮ [n1] [JOB 23] WAL created 000479 (recycled 000455)
I210404 04:04:42.857667 214591 vendor/github.com/cockroachdb/pebble/compaction.go:953 ⋮ [n1] [JOB 24] flushing 1 memtable to L0
I210404 04:04:42.857848 214591 vendor/github.com/cockroachdb/pebble/compaction.go:1559 ⋮ [n1] [JOB 24] flushing: sstable created 000480
I210404 04:04:43.218135 214591 vendor/github.com/cockroachdb/pebble/compaction.go:1008 ⋮ [n1] [JOB 24] flushed 1 memtable to L0 [000480] (435 K), in 0.4s, output rate 1.2 M/s
I210404 04:04:43.229164 214746 vendor/github.com/cockroachdb/pebble/compaction.go:1369 ⋮ [n1] [JOB 25] compacting L0 [000480] (435 K) + L6 [000473 000474 000475 000476 000477 000478] (20 M)
I210404 04:04:43.230478 214746 vendor/github.com/cockroachdb/pebble/compaction.go:1559 ⋮ [n1] [JOB 25] compacting: sstable created 000481
I210404 04:04:43.798148 214746 vendor/github.com/cockroachdb/pebble/compaction.go:1559 ⋮ [n1] [JOB 25] compacting: sstable created 000482
I210404 04:04:44.458068 214746 vendor/github.com/cockroachdb/pebble/compaction.go:1559 ⋮ [n1] [JOB 25] compacting: sstable created 000483
I210404 04:04:44.794526 214746 vendor/github.com/cockroachdb/pebble/compaction.go:1559 ⋮ [n1] [JOB 25] compacting: sstable created 000484
I210404 04:04:45.280565 214746 vendor/github.com/cockroachdb/pebble/compaction.go:1559 ⋮ [n1] [JOB 25] compacting: sstable created 000485
I210404 04:04:45.810849 214746 vendor/github.com/cockroachdb/pebble/compaction.go:1559 ⋮ [n1] [JOB 25] compacting: sstable created 000486
I210404 04:04:45.843454 214746 vendor/github.com/cockroachdb/pebble/compaction.go:1408 ⋮ [n1] [JOB 25] compacted L0 [000480] (435 K) + L6 [000473 000474 000475 000476 000477 000478] (20 M) -> L6 [000481 000482 000483 000484 000485 000486] (20 M), in 2.6s, output rate 7.7 M/s
I210404 04:04:45.853232 214746 vendor/github.com/cockroachdb/pebble/compaction.go:2312 ⋮ [n1] [JOB 25] sstable deleted 000473
I210404 04:04:45.865816 214746 vendor/github.com/cockroachdb/pebble/compaction.go:2312 ⋮ [n1] [JOB 25] sstable deleted 000474
I210404 04:04:45.873790 214746 vendor/github.com/cockroachdb/pebble/compaction.go:2312 ⋮ [n1] [JOB 25] sstable deleted 000475
I210404 04:04:45.881422 214746 vendor/github.com/cockroachdb/pebble/compaction.go:2312 ⋮ [n1] [JOB 25] sstable deleted 000476
I210404 04:04:45.888446 214746 vendor/github.com/cockroachdb/pebble/compaction.go:2312 ⋮ [n1] [JOB 25] sstable deleted 000477
I210404 04:04:45.888634 214746 vendor/github.com/cockroachdb/pebble/compaction.go:2312 ⋮ [n1] [JOB 25] sstable deleted 000478
I210404 04:04:45.889572 214746 vendor/github.com/cockroachdb/pebble/compaction.go:2312 ⋮ [n1] [JOB 25] sstable deleted 000480
I210404 04:45:32.859187 259 vendor/github.com/cockroachdb/pebble/db.go:1364 ⋮ [n1] [JOB 26] WAL created 000487 (recycled 000463)
I210404 04:45:32.859511 246164 vendor/github.com/cockroachdb/pebble/compaction.go:953 ⋮ [n1] [JOB 27] flushing 1 memtable to L0
I210404 04:45:32.859737 246164 vendor/github.com/cockroachdb/pebble/compaction.go:1559 ⋮ [n1] [JOB 27] flushing: sstable created 000488
I210404 04:45:33.227433 246164 vendor/github.com/cockroachdb/pebble/compaction.go:1008 ⋮ [n1] [JOB 27] flushed 1 memtable to L0 [000488] (434 K), in 0.4s, output rate 1.2 M/s
I210404 04:45:33.233230 246056 vendor/github.com/cockroachdb/pebble/compaction.go:1369 ⋮ [n1] [JOB 28] compacting L0 [000488] (434 K) + L6 [000481 000482 000483 000484 000485 000486] (20 M)
I210404 04:45:33.233925 246056 vendor/github.com/cockroachdb/pebble/compaction.go:1559 ⋮ [n1] [JOB 28] compacting: sstable created 000489
I210404 04:45:33.800064 246056 vendor/github.com/cockroachdb/pebble/compaction.go:1559 ⋮ [n1] [JOB 28] compacting: sstable created 000490
I210404 04:45:34.476529 246056 vendor/github.com/cockroachdb/pebble/compaction.go:1559 ⋮ [n1] [JOB 28] compacting: sstable created 000491
I210404 04:45:34.847690 246056 vendor/github.com/cockroachdb/pebble/compaction.go:1559 ⋮ [n1] [JOB 28] compacting: sstable created 000492
I210404 04:45:35.231316 246056 vendor/github.com/cockroachdb/pebble/compaction.go:1559 ⋮ [n1] [JOB 28] compacting: sstable created 000493
I210404 04:45:35.786331 246056 vendor/github.com/cockroachdb/pebble/compaction.go:1559 ⋮ [n1] [JOB 28] compacting: sstable created 000494
I210404 04:45:35.826549 246056 vendor/github.com/cockroachdb/pebble/compaction.go:1408 ⋮ [n1] [JOB 28] compacted L0 [000488] (434 K) + L6 [000481 000482 000483 000484 000485 000486] (20 M) -> L6 [000489 000490 000491 000492 000493 000494] (20 M), in 2.6s, output rate 7.9 M/s
I210404 04:45:35.834986 246056 vendor/github.com/cockroachdb/pebble/compaction.go:2312 ⋮ [n1] [JOB 28] sstable deleted 000481
I210404 04:45:35.848480 246056 vendor/github.com/cockroachdb/pebble/compaction.go:2312 ⋮ [n1] [JOB 28] sstable deleted 000482
I210404 04:45:35.855669 246056 vendor/github.com/cockroachdb/pebble/compaction.go:2312 ⋮ [n1] [JOB 28] sstable deleted 000483
I210404 04:45:35.863586 246056 vendor/github.com/cockroachdb/pebble/compaction.go:2312 ⋮ [n1] [JOB 28] sstable deleted 000484
I210404 04:45:35.871906 246056 vendor/github.com/cockroachdb/pebble/compaction.go:2312 ⋮ [n1] [JOB 28] sstable deleted 000485
I210404 04:45:35.872227 246056 vendor/github.com/cockroachdb/pebble/compaction.go:2312 ⋮ [n1] [JOB 28] sstable deleted 000486
I210404 04:45:35.872862 246056 vendor/github.com/cockroachdb/pebble/compaction.go:2312 ⋮ [n1] [JOB 28] sstable deleted 000488
I210404 05:26:22.838476 218 vendor/github.com/cockroachdb/pebble/db.go:1364 ⋮ [n1] [JOB 29] WAL created 000495 (recycled 000471)
I210404 05:26:22.838795 276498 vendor/github.com/cockroachdb/pebble/compaction.go:953 ⋮ [n1] [JOB 30] flushing 1 memtable to L0
I210404 05:26:22.839031 276498 vendor/github.com/cockroachdb/pebble/compaction.go:1559 ⋮ [n1] [JOB 30] flushing: sstable created 000496
I210404 05:26:23.207154 276498 vendor/github.com/cockroachdb/pebble/compaction.go:1008 ⋮ [n1] [JOB 30] flushed 1 memtable to L0 [000496] (416 K), in 0.4s, output rate 1.1 M/s
I210404 05:26:23.217542 276405 vendor/github.com/cockroachdb/pebble/compaction.go:1369 ⋮ [n1] [JOB 31] compacting L0 [000496] (416 K) + L6 [000489 000490 000491 000492 000493 000494] (20 M)
I210404 05:26:23.218806 276405 vendor/github.com/cockroachdb/pebble/compaction.go:1559 ⋮ [n1] [JOB 31] compacting: sstable created 000497
I210404 05:26:23.776108 276405 vendor/github.com/cockroachdb/pebble/compaction.go:1559 ⋮ [n1] [JOB 31] compacting: sstable created 000498
I210404 05:26:24.442971 276405 vendor/github.com/cockroachdb/pebble/compaction.go:1559 ⋮ [n1] [JOB 31] compacting: sstable created 000499
I210404 05:26:24.761167 276405 vendor/github.com/cockroachdb/pebble/compaction.go:1559 ⋮ [n1] [JOB 31] compacting: sstable created 000500
I210404 05:26:25.184992 276405 vendor/github.com/cockroachdb/pebble/compaction.go:1559 ⋮ [n1] [JOB 31] compacting: sstable created 000501
I210404 05:26:25.705958 276405 vendor/github.com/cockroachdb/pebble/compaction.go:1559 ⋮ [n1] [JOB 31] compacting: sstable created 000502
I210404 05:26:25.764398 276405 vendor/github.com/cockroachdb/pebble/compaction.go:1408 ⋮ [n1] [JOB 31] compacted L0 [000496] (416 K) + L6 [000489 000490 000491 000492 000493 000494] (20 M) -> L6 [000497 000498 000499 000500 000501 000502] (21 M), in 2.5s, output rate 8.1 M/s
I210404 05:26:25.772196 276405 vendor/github.com/cockroachdb/pebble/compaction.go:2312 ⋮ [n1] [JOB 31] sstable deleted 000489
I210404 05:26:25.783357 276405 vendor/github.com/cockroachdb/pebble/compaction.go:2312 ⋮ [n1] [JOB 31] sstable deleted 000490
I210404 05:26:25.790319 276405 vendor/github.com/cockroachdb/pebble/compaction.go:2312 ⋮ [n1] [JOB 31] sstable deleted 000491
I210404 05:26:25.797193 276405 vendor/github.com/cockroachdb/pebble/compaction.go:2312 ⋮ [n1] [JOB 31] sstable deleted 000492
I210404 05:26:25.804616 276405 vendor/github.com/cockroachdb/pebble/compaction.go:2312 ⋮ [n1] [JOB 31] sstable deleted 000493
I210404 05:26:25.804964 276405 vendor/github.com/cockroachdb/pebble/compaction.go:2312 ⋮ [n1] [JOB 31] sstable deleted 000494
I210404 05:26:25.805588 276405 vendor/github.com/cockroachdb/pebble/compaction.go:2312 ⋮ [n1] [JOB 31] sstable deleted 000496
I210404 06:07:12.845949 235 vendor/github.com/cockroachdb/pebble/db.go:1364 ⋮ [n1] [JOB 32] WAL created 000503 (recycled 000479)
I210404 06:07:12.846250 306840 vendor/github.com/cockroachdb/pebble/compaction.go:953 ⋮ [n1] [JOB 33] flushing 1 memtable to L0
I210404 06:07:12.846426 306840 vendor/github.com/cockroachdb/pebble/compaction.go:1559 ⋮ [n1] [JOB 33] flushing: sstable created 000504
I210404 06:07:13.155165 306840 vendor/github.com/cockroachdb/pebble/compaction.go:1008 ⋮ [n1] [JOB 33] flushed 1 memtable to L0 [000504] (434 K), in 0.3s, output rate 1.4 M/s
I210404 06:07:13.162656 306913 vendor/github.com/cockroachdb/pebble/compaction.go:1369 ⋮ [n1] [JOB 34] compacting L0 [000504] (434 K) + L6 [000497 000498 000499 000500 000501 000502] (21 M)
I210404 06:07:13.163555 306913 vendor/github.com/cockroachdb/pebble/compaction.go:1559 ⋮ [n1] [JOB 34] compacting: sstable created 000505
I210404 06:07:13.685935 306913 vendor/github.com/cockroachdb/pebble/compaction.go:1559 ⋮ [n1] [JOB 34] compacting: sstable created 000506
I210404 06:07:14.330365 306913 vendor/github.com/cockroachdb/pebble/compaction.go:1559 ⋮ [n1] [JOB 34] compacting: sstable created 000507
I210404 06:07:14.690315 306913 vendor/github.com/cockroachdb/pebble/compaction.go:1559 ⋮ [n1] [JOB 34] compacting: sstable created 000508
I210404 06:07:15.016030 306913 vendor/github.com/cockroachdb/pebble/compaction.go:1559 ⋮ [n1] [JOB 34] compacting: sstable created 000509
I210404 06:07:15.523418 306913 vendor/github.com/cockroachdb/pebble/compaction.go:1559 ⋮ [n1] [JOB 34] compacting: sstable created 000510
I210404 06:07:15.665404 306913 vendor/github.com/cockroachdb/pebble/compaction.go:1408 ⋮ [n1] [JOB 34] compacted L0 [000504] (434 K) + L6 [000497 000498 000499 000500 000501 000502] (21 M) -> L6 [000505 000506 000507 000508 000509 000510] (21 M), in 2.5s, output rate 8.4 M/s
I210404 06:07:15.674020 306913 vendor/github.com/cockroachdb/pebble/compaction.go:2312 ⋮ [n1] [JOB 34] sstable deleted 000497
I210404 06:07:15.687806 306913 vendor/github.com/cockroachdb/pebble/compaction.go:2312 ⋮ [n1] [JOB 34] sstable deleted 000498
I210404 06:07:15.695534 306913 vendor/github.com/cockroachdb/pebble/compaction.go:2312 ⋮ [n1] [JOB 34] sstable deleted 000499
I210404 06:07:15.702957 306913 vendor/github.com/cockroachdb/pebble/compaction.go:2312 ⋮ [n1] [JOB 34] sstable deleted 000500
I210404 06:07:15.710921 306913 vendor/github.com/cockroachdb/pebble/compaction.go:2312 ⋮ [n1] [JOB 34] sstable deleted 000501
I210404 06:07:15.712415 306913 vendor/github.com/cockroachdb/pebble/compaction.go:2312 ⋮ [n1] [JOB 34] sstable deleted 000502
I210404 06:07:15.713284 306913 vendor/github.com/cockroachdb/pebble/compaction.go:2312 ⋮ [n1] [JOB 34] sstable deleted 000504
I210404 06:48:02.832694 254 vendor/github.com/cockroachdb/pebble/db.go:1364 ⋮ [n1] [JOB 35] WAL created 000511 (recycled 000487)
I210404 06:48:02.833011 337286 vendor/github.com/cockroachdb/pebble/compaction.go:953 ⋮ [n1] [JOB 36] flushing 1 memtable to L0
I210404 06:48:02.833164 337286 vendor/github.com/cockroachdb/pebble/compaction.go:1559 ⋮ [n1] [JOB 36] flushing: sstable created 000512
I210404 06:48:03.146074 337286 vendor/github.com/cockroachdb/pebble/compaction.go:1008 ⋮ [n1] [JOB 36] flushed 1 memtable to L0 [000512] (394 K), in 0.3s, output rate 1.2 M/s
I210404 06:48:03.152898 337262 vendor/github.com/cockroachdb/pebble/compaction.go:1369 ⋮ [n1] [JOB 37] compacting L0 [000512] (394 K) + L6 [000505 000506 000507 000508 000509 000510] (21 M)
I210404 06:48:03.154437 337262 vendor/github.com/cockroachdb/pebble/compaction.go:1559 ⋮ [n1] [JOB 37] compacting: sstable created 000513
I210404 06:48:03.642608 337262 vendor/github.com/cockroachdb/pebble/compaction.go:1559 ⋮ [n1] [JOB 37] compacting: sstable created 000514
I210404 06:48:04.314641 337262 vendor/github.com/cockroachdb/pebble/compaction.go:1559 ⋮ [n1] [JOB 37] compacting: sstable created 000515
I210404 06:48:04.683814 337262 vendor/github.com/cockroachdb/pebble/compaction.go:1559 ⋮ [n1] [JOB 37] compacting: sstable created 000516
I210404 06:48:05.028350 337262 vendor/github.com/cockroachdb/pebble/compaction.go:1559 ⋮ [n1] [JOB 37] compacting: sstable created 000517
I210404 06:48:05.526160 337262 vendor/github.com/cockroachdb/pebble/compaction.go:1559 ⋮ [n1] [JOB 37] compacting: sstable created 000518
I210404 06:48:05.674448 337262 vendor/github.com/cockroachdb/pebble/compaction.go:1408 ⋮ [n1] [JOB 37] compacted L0 [000512] (394 K) + L6 [000505 000506 000507 000508 000509 000510] (21 M) -> L6 [000513 000514 000515 000516 000517 000518] (21 M), in 2.5s, output rate 8.4 M/s
I210404 06:48:05.683854 337262 vendor/github.com/cockroachdb/pebble/compaction.go:2312 ⋮ [n1] [JOB 37] sstable deleted 000505
I210404 06:48:05.698073 337262 vendor/github.com/cockroachdb/pebble/compaction.go:2312 ⋮ [n1] [JOB 37] sstable deleted 000506
I210404 06:48:05.705601 337262 vendor/github.com/cockroachdb/pebble/compaction.go:2312 ⋮ [n1] [JOB 37] sstable deleted 000507
I210404 06:48:05.711215 337262 vendor/github.com/cockroachdb/pebble/compaction.go:2312 ⋮ [n1] [JOB 37] sstable deleted 000508
I210404 06:48:05.718994 337262 vendor/github.com/cockroachdb/pebble/compaction.go:2312 ⋮ [n1] [JOB 37] sstable deleted 000509
I210404 06:48:05.720772 337262 vendor/github.com/cockroachdb/pebble/compaction.go:2312 ⋮ [n1] [JOB 37] sstable deleted 000510
I210404 06:48:05.721378 337262 vendor/github.com/cockroachdb/pebble/compaction.go:2312 ⋮ [n1] [JOB 37] sstable deleted 000512
I210404 07:28:52.849379 236 vendor/github.com/cockroachdb/pebble/db.go:1364 ⋮ [n1] [JOB 38] WAL created 000519 (recycled 000495)
I210404 07:28:52.849641 367521 vendor/github.com/cockroachdb/pebble/compaction.go:953 ⋮ [n1] [JOB 39] flushing 1 memtable to L0
I210404 07:28:52.849829 367521 vendor/github.com/cockroachdb/pebble/compaction.go:1559 ⋮ [n1] [JOB 39] flushing: sstable created 000520
I210404 07:28:53.171932 367521 vendor/github.com/cockroachdb/pebble/compaction.go:1008 ⋮ [n1] [JOB 39] flushed 1 memtable to L0 [000520] (428 K), in 0.3s, output rate 1.3 M/s
I210404 07:28:53.179980 367557 vendor/github.com/cockroachdb/pebble/compaction.go:1369 ⋮ [n1] [JOB 40] compacting L0 [000520] (428 K) + L6 [000513 000514 000515 000516 000517 000518] (21 M)
I210404 07:28:53.180985 367557 vendor/github.com/cockroachdb/pebble/compaction.go:1559 ⋮ [n1] [JOB 40] compacting: sstable created 000521
I210404 07:28:53.686841 367557 vendor/github.com/cockroachdb/pebble/compaction.go:1559 ⋮ [n1] [JOB 40] compacting: sstable created 000522
I210404 07:28:54.277374 367557 vendor/github.com/cockroachdb/pebble/compaction.go:1559 ⋮ [n1] [JOB 40] compacting: sstable created 000523
I210404 07:28:54.673773 367557 vendor/github.com/cockroachdb/pebble/compaction.go:1559 ⋮ [n1] [JOB 40] compacting: sstable created 000524
I210404 07:28:54.981806 367557 vendor/github.com/cockroachdb/pebble/compaction.go:1559 ⋮ [n1] [JOB 40] compacting: sstable created 000525
I210404 07:28:55.493320 367557 vendor/github.com/cockroachdb/pebble/compaction.go:1559 ⋮ [n1] [JOB 40] compacting: sstable created 000526
I210404 07:28:55.681027 367557 vendor/github.com/cockroachdb/pebble/compaction.go:1408 ⋮ [n1] [JOB 40] compacted L0 [000520] (428 K) + L6 [000513 000514 000515 000516 000517 000518] (21 M) -> L6 [000521 000522 000523 000524 000525 000526] (21 M), in 2.5s, output rate 8.6 M/s
I210404 07:28:55.690294 367557 vendor/github.com/cockroachdb/pebble/compaction.go:2312 ⋮ [n1] [JOB 40] sstable deleted 000513
I210404 07:28:55.704937 367557 vendor/github.com/cockroachdb/pebble/compaction.go:2312 ⋮ [n1] [JOB 40] sstable deleted 000514
I210404 07:28:55.714058 367557 vendor/github.com/cockroachdb/pebble/compaction.go:2312 ⋮ [n1] [JOB 40] sstable deleted 000515
I210404 07:28:55.721011 367557 vendor/github.com/cockroachdb/pebble/compaction.go:2312 ⋮ [n1] [JOB 40] sstable deleted 000516
I210404 07:28:55.729275 367557 vendor/github.com/cockroachdb/pebble/compaction.go:2312 ⋮ [n1] [JOB 40] sstable deleted 000517
I210404 07:28:55.731683 367557 vendor/github.com/cockroachdb/pebble/compaction.go:2312 ⋮ [n1] [JOB 40] sstable deleted 000518
I210404 07:28:55.732644 367557 vendor/github.com/cockroachdb/pebble/compaction.go:2312 ⋮ [n1] [JOB 40] sstable deleted 000520
I210404 08:09:42.839202 250 vendor/github.com/cockroachdb/pebble/db.go:1364 ⋮ [n1] [JOB 41] WAL created 000527 (recycled 000503)
I210404 08:09:42.839595 398038 vendor/github.com/cockroachdb/pebble/compaction.go:953 ⋮ [n1] [JOB 42] flushing 1 memtable to L0
I210404 08:09:42.839773 398038 vendor/github.com/cockroachdb/pebble/compaction.go:1559 ⋮ [n1] [JOB 42] flushing: sstable created 000528
I210404 08:09:43.164178 398038 vendor/github.com/cockroachdb/pebble/compaction.go:1008 ⋮ [n1] [JOB 42] flushed 1 memtable to L0 [000528] (434 K), in 0.3s, output rate 1.3 M/s
I210404 08:09:43.173445 398006 vendor/github.com/cockroachdb/pebble/compaction.go:1369 ⋮ [n1] [JOB 43] compacting L0 [000528] (434 K) + L6 [000521 000522 000523 000524 000525 000526] (21 M)
I210404 08:09:43.174709 398006 vendor/github.com/cockroachdb/pebble/compaction.go:1559 ⋮ [n1] [JOB 43] compacting: sstable created 000529
I210404 08:09:43.720631 398006 vendor/github.com/cockroachdb/pebble/compaction.go:1559 ⋮ [n1] [JOB 43] compacting: sstable created 000530
I210404 08:09:44.360062 398006 vendor/github.com/cockroachdb/pebble/compaction.go:1559 ⋮ [n1] [JOB 43] compacting: sstable created 000531
I210404 08:09:44.750255 398006 vendor/github.com/cockroachdb/pebble/compaction.go:1559 ⋮ [n1] [JOB 43] compacting: sstable created 000532
I210404 08:09:45.125841 398006 vendor/github.com/cockroachdb/pebble/compaction.go:1559 ⋮ [n1] [JOB 43] compacting: sstable created 000533
I210404 08:09:45.585382 398006 vendor/github.com/cockroachdb/pebble/compaction.go:1559 ⋮ [n1] [JOB 43] compacting: sstable created 000534
I210404 08:09:45.815372 398006 vendor/github.com/cockroachdb/pebble/compaction.go:1408 ⋮ [n1] [JOB 43] compacted L0 [000528] (434 K) + L6 [000521 000522 000523 000524 000525 000526] (21 M) -> L6 [000529 000530 000531 000532 000533 000534] (22 M), in 2.6s, output rate 8.2 M/s
I210404 08:09:45.821847 398006 vendor/github.com/cockroachdb/pebble/compaction.go:2312 ⋮ [n1] [JOB 43] sstable deleted 000521
I210404 08:09:45.836023 398006 vendor/github.com/cockroachdb/pebble/compaction.go:2312 ⋮ [n1] [JOB 43] sstable deleted 000522
I210404 08:09:45.844156 398006 vendor/github.com/cockroachdb/pebble/compaction.go:2312 ⋮ [n1] [JOB 43] sstable deleted 000523
I210404 08:09:45.850559 398006 vendor/github.com/cockroachdb/pebble/compaction.go:2312 ⋮ [n1] [JOB 43] sstable deleted 000524
I210404 08:09:45.858340 398006 vendor/github.com/cockroachdb/pebble/compaction.go:2312 ⋮ [n1] [JOB 43] sstable deleted 000525
I210404 08:09:45.861431 398006 vendor/github.com/cockroachdb/pebble/compaction.go:2312 ⋮ [n1] [JOB 43] sstable deleted 000526
I210404 08:09:45.862101 398006 vendor/github.com/cockroachdb/pebble/compaction.go:2312 ⋮ [n1] [JOB 43] sstable deleted 000528
I210404 08:50:32.845002 271 vendor/github.com/cockroachdb/pebble/db.go:1364 ⋮ [n1] [JOB 44] WAL created 000535 (recycled 000511)
I210404 08:50:32.845220 428426 vendor/github.com/cockroachdb/pebble/compaction.go:953 ⋮ [n1] [JOB 45] flushing 1 memtable to L0
I210404 08:50:32.845324 428426 vendor/github.com/cockroachdb/pebble/compaction.go:1559 ⋮ [n1] [JOB 45] flushing: sstable created 000536
I210404 08:50:33.159603 428426 vendor/github.com/cockroachdb/pebble/compaction.go:1008 ⋮ [n1] [JOB 45] flushed 1 memtable to L0 [000536] (408 K), in 0.3s, output rate 1.3 M/s
I210404 08:50:33.169854 428445 vendor/github.com/cockroachdb/pebble/compaction.go:1369 ⋮ [n1] [JOB 46] compacting L0 [000536] (408 K) + L6 [000529 000530 000531 000532 000533 000534] (22 M)
I210404 08:50:33.171294 428445 vendor/github.com/cockroachdb/pebble/compaction.go:1559 ⋮ [n1] [JOB 46] compacting: sstable created 000537
I210404 08:50:33.664558 428445 vendor/github.com/cockroachdb/pebble/compaction.go:1559 ⋮ [n1] [JOB 46] compacting: sstable created 000538
I210404 08:50:34.261432 428445 vendor/github.com/cockroachdb/pebble/compaction.go:1559 ⋮ [n1] [JOB 46] compacting: sstable created 000539
I210404 08:50:34.712291 428445 vendor/github.com/cockroachdb/pebble/compaction.go:1559 ⋮ [n1] [JOB 46] compacting: sstable created 000540
I210404 08:50:35.048297 428445 vendor/github.com/cockroachdb/pebble/compaction.go:1559 ⋮ [n1] [JOB 46] compacting: sstable created 000541
I210404 08:50:35.534019 428445 vendor/github.com/cockroachdb/pebble/compaction.go:1559 ⋮ [n1] [JOB 46] compacting: sstable created 000542
I210404 08:50:35.721734 428445 vendor/github.com/cockroachdb/pebble/compaction.go:1408 ⋮ [n1] [JOB 46] compacted L0 [000536] (408 K) + L6 [000529 000530 000531 000532 000533 000534] (22 M) -> L6 [000537 000538 000539 000540 000541 000542] (22 M), in 2.5s, output rate 8.6 M/s
I210404 08:50:35.726578 428445 vendor/github.com/cockroachdb/pebble/compaction.go:2312 ⋮ [n1] [JOB 46] sstable deleted 000529
I210404 08:50:35.737149 428445 vendor/github.com/cockroachdb/pebble/compaction.go:2312 ⋮ [n1] [JOB 46] sstable deleted 000530
I210404 08:50:35.743387 428445 vendor/github.com/cockroachdb/pebble/compaction.go:2312 ⋮ [n1] [JOB 46] sstable deleted 000531
I210404 08:50:35.747686 428445 vendor/github.com/cockroachdb/pebble/compaction.go:2312 ⋮ [n1] [JOB 46] sstable deleted 000532
I210404 08:50:35.754303 428445 vendor/github.com/cockroachdb/pebble/compaction.go:2312 ⋮ [n1] [JOB 46] sstable deleted 000533
I210404 08:50:35.756959 428445 vendor/github.com/cockroachdb/pebble/compaction.go:2312 ⋮ [n1] [JOB 46] sstable deleted 000534
I210404 08:50:35.757515 428445 vendor/github.com/cockroachdb/pebble/compaction.go:2312 ⋮ [n1] [JOB 46] sstable deleted 000536
I210404 09:31:22.838430 222 vendor/github.com/cockroachdb/pebble/db.go:1364 ⋮ [n1] [JOB 47] WAL created 000543 (recycled 000519)
I210404 09:31:22.838761 458736 vendor/github.com/cockroachdb/pebble/compaction.go:953 ⋮ [n1] [JOB 48] flushing 1 memtable to L0
I210404 09:31:22.838956 458736 vendor/github.com/cockroachdb/pebble/compaction.go:1559 ⋮ [n1] [JOB 48] flushing: sstable created 000544
I210404 09:31:23.201313 458736 vendor/github.com/cockroachdb/pebble/compaction.go:1008 ⋮ [n1] [JOB 48] flushed 1 memtable to L0 [000544] (424 K), in 0.4s, output rate 1.1 M/s
I210404 09:31:23.212162 458787 vendor/github.com/cockroachdb/pebble/compaction.go:1369 ⋮ [n1] [JOB 49] compacting L0 [000544] (424 K) + L6 [000537 000538 000539 000540 000541 000542] (22 M)
I210404 09:31:23.213572 458787 vendor/github.com/cockroachdb/pebble/compaction.go:1559 ⋮ [n1] [JOB 49] compacting: sstable created 000545
I210404 09:31:23.694026 458787 vendor/github.com/cockroachdb/pebble/compaction.go:1559 ⋮ [n1] [JOB 49] compacting: sstable created 000546
I210404 09:31:24.333191 458787 vendor/github.com/cockroachdb/pebble/compaction.go:1559 ⋮ [n1] [JOB 49] compacting: sstable created 000547
I210404 09:31:24.764397 458787 vendor/github.com/cockroachdb/pebble/compaction.go:1559 ⋮ [n1] [JOB 49] compacting: sstable created 000548
I210404 09:31:25.062683 458787 vendor/github.com/cockroachdb/pebble/compaction.go:1559 ⋮ [n1] [JOB 49] compacting: sstable created 000549
I210404 09:31:25.589679 458787 vendor/github.com/cockroachdb/pebble/compaction.go:1559 ⋮ [n1] [JOB 49] compacting: sstable created 000550
I210404 09:31:25.772097 458787 vendor/github.com/cockroachdb/pebble/compaction.go:1408 ⋮ [n1] [JOB 49] compacted L0 [000544] (424 K) + L6 [000537 000538 000539 000540 000541 000542] (22 M) -> L6 [000545 000546 000547 000548 000549 000550] (22 M), in 2.6s, output rate 8.7 M/s
I210404 09:31:25.777560 458787 vendor/github.com/cockroachdb/pebble/compaction.go:2312 ⋮ [n1] [JOB 49] sstable deleted 000537
I210404 09:31:25.787265 458787 vendor/github.com/cockroachdb/pebble/compaction.go:2312 ⋮ [n1] [JOB 49] sstable deleted 000538
I210404 09:31:25.793786 458787 vendor/github.com/cockroachdb/pebble/compaction.go:2312 ⋮ [n1] [JOB 49] sstable deleted 000539
I210404 09:31:25.798391 458787 vendor/github.com/cockroachdb/pebble/compaction.go:2312 ⋮ [n1] [JOB 49] sstable deleted 000540
I210404 09:31:25.805133 458787 vendor/github.com/cockroachdb/pebble/compaction.go:2312 ⋮ [n1] [JOB 49] sstable deleted 000541
I210404 09:31:25.808601 458787 vendor/github.com/cockroachdb/pebble/compaction.go:2312 ⋮ [n1] [JOB 49] sstable deleted 000542
I210404 09:31:25.809391 458787 vendor/github.com/cockroachdb/pebble/compaction.go:2312 ⋮ [n1] [JOB 49] sstable deleted 000544
I210404 10:12:12.845944 265 vendor/github.com/cockroachdb/pebble/db.go:1364 ⋮ [n1] [JOB 50] WAL created 000551 (recycled 000527)
I210404 10:12:12.846277 489180 vendor/github.com/cockroachdb/pebble/compaction.go:953 ⋮ [n1] [JOB 51] flushing 1 memtable to L0
I210404 10:12:12.846457 489180 vendor/github.com/cockroachdb/pebble/compaction.go:1559 ⋮ [n1] [JOB 51] flushing: sstable created 000552
I210404 10:12:13.200582 489180 vendor/github.com/cockroachdb/pebble/compaction.go:1008 ⋮ [n1] [JOB 51] flushed 1 memtable to L0 [000552] (438 K), in 0.4s, output rate 1.2 M/s
I210404 10:12:13.211723 489084 vendor/github.com/cockroachdb/pebble/compaction.go:1369 ⋮ [n1] [JOB 52] compacting L0 [000552] (438 K) + L6 [000545 000546 000547 000548 000549 000550] (22 M)
I210404 10:12:13.213180 489084 vendor/github.com/cockroachdb/pebble/compaction.go:1559 ⋮ [n1] [JOB 52] compacting: sstable created 000553
I210404 10:12:13.624936 489084 vendor/github.com/cockroachdb/pebble/compaction.go:1559 ⋮ [n1] [JOB 52] compacting: sstable created 000554
I210404 10:12:14.274977 489084 vendor/github.com/cockroachdb/pebble/compaction.go:1559 ⋮ [n1] [JOB 52] compacting: sstable created 000555
I210404 10:12:14.709294 489084 vendor/github.com/cockroachdb/pebble/compaction.go:1559 ⋮ [n1] [JOB 52] compacting: sstable created 000556
I210404 10:12:15.057433 489084 vendor/github.com/cockroachdb/pebble/compaction.go:1559 ⋮ [n1] [JOB 52] compacting: sstable created 000557
I210404 10:12:15.535350 489084 vendor/github.com/cockroachdb/pebble/compaction.go:1559 ⋮ [n1] [JOB 52] compacting: sstable created 000558
I210404 10:12:15.782414 489084 vendor/github.com/cockroachdb/pebble/compaction.go:1408 ⋮ [n1] [JOB 52] compacted L0 [000552] (438 K) + L6 [000545 000546 000547 000548 000549 000550] (22 M) -> L6 [000553 000554 000555 000556 000557 000558] (22 M), in 2.6s, output rate 8.7 M/s
I210404 10:12:15.787926 489084 vendor/github.com/cockroachdb/pebble/compaction.go:2312 ⋮ [n1] [JOB 52] sstable deleted 000545
I210404 10:12:15.797163 489084 vendor/github.com/cockroachdb/pebble/compaction.go:2312 ⋮ [n1] [JOB 52] sstable deleted 000546
I210404 10:12:15.804444 489084 vendor/github.com/cockroachdb/pebble/compaction.go:2312 ⋮ [n1] [JOB 52] sstable deleted 000547
I210404 10:12:15.809136 489084 vendor/github.com/cockroachdb/pebble/compaction.go:2312 ⋮ [n1] [JOB 52] sstable deleted 000548
I210404 10:12:15.816420 489084 vendor/github.com/cockroachdb/pebble/compaction.go:2312 ⋮ [n1] [JOB 52] sstable deleted 000549
I210404 10:12:15.819768 489084 vendor/github.com/cockroachdb/pebble/compaction.go:2312 ⋮ [n1] [JOB 52] sstable deleted 000550
I210404 10:12:15.820539 489084 vendor/github.com/cockroachdb/pebble/compaction.go:2312 ⋮ [n1] [JOB 52] sstable deleted 000552
I210404 10:53:02.840780 253 vendor/github.com/cockroachdb/pebble/db.go:1364 ⋮ [n1] [JOB 53] WAL created 000559 (recycled 000535)
I210404 10:53:02.841189 519599 vendor/github.com/cockroachdb/pebble/compaction.go:953 ⋮ [n1] [JOB 54] flushing 1 memtable to L0
I210404 10:53:02.841384 519599 vendor/github.com/cockroachdb/pebble/compaction.go:1559 ⋮ [n1] [JOB 54] flushing: sstable created 000560
I210404 10:53:03.108619 519599 vendor/github.com/cockroachdb/pebble/compaction.go:1008 ⋮ [n1] [JOB 54] flushed 1 memtable to L0 [000560] (413 K), in 0.3s, output rate 1.5 M/s
I210404 10:53:03.115406 519560 vendor/github.com/cockroachdb/pebble/compaction.go:1369 ⋮ [n1] [JOB 55] compacting L0 [000560] (413 K) + L6 [000553 000554 000555 000556 000557 000558] (22 M)
I210404 10:53:03.116208 519560 vendor/github.com/cockroachdb/pebble/compaction.go:1559 ⋮ [n1] [JOB 55] compacting: sstable created 000561
I210404 10:53:03.535095 519560 vendor/github.com/cockroachdb/pebble/compaction.go:1559 ⋮ [n1] [JOB 55] compacting: sstable created 000562
I210404 10:53:04.099963 519560 vendor/github.com/cockroachdb/pebble/compaction.go:1559 ⋮ [n1] [JOB 55] compacting: sstable created 000563
I210404 10:53:04.560645 519560 vendor/github.com/cockroachdb/pebble/compaction.go:1559 ⋮ [n1] [JOB 55] compacting: sstable created 000564
I210404 10:53:04.894422 519560 vendor/github.com/cockroachdb/pebble/compaction.go:1559 ⋮ [n1] [JOB 55] compacting: sstable created 000565
I210404 10:53:05.373648 519560 vendor/github.com/cockroachdb/pebble/compaction.go:1559 ⋮ [n1] [JOB 55] compacting: sstable created 000566
I210404 10:53:05.641449 519560 vendor/github.com/cockroachdb/pebble/compaction.go:1408 ⋮ [n1] [JOB 55] compacted L0 [000560] (413 K) + L6 [000553 000554 000555 000556 000557 000558] (22 M) -> L6 [000561 000562 000563 000564 000565 000566] (23 M), in 2.5s, output rate 9.0 M/s
I210404 10:53:05.646306 519560 vendor/github.com/cockroachdb/pebble/compaction.go:2312 ⋮ [n1] [JOB 55] sstable deleted 000553
I210404 10:53:05.653444 519560 vendor/github.com/cockroachdb/pebble/compaction.go:2312 ⋮ [n1] [JOB 55] sstable deleted 000554
I210404 10:53:05.659169 519560 vendor/github.com/cockroachdb/pebble/compaction.go:2312 ⋮ [n1] [JOB 55] sstable deleted 000555
I210404 10:53:05.662368 519560 vendor/github.com/cockroachdb/pebble/compaction.go:2312 ⋮ [n1] [JOB 55] sstable deleted 000556
I210404 10:53:05.667767 519560 vendor/github.com/cockroachdb/pebble/compaction.go:2312 ⋮ [n1] [JOB 55] sstable deleted 000557
I210404 10:53:05.671352 519560 vendor/github.com/cockroachdb/pebble/compaction.go:2312 ⋮ [n1] [JOB 55] sstable deleted 000558
I210404 10:53:05.671762 519560 vendor/github.com/cockroachdb/pebble/compaction.go:2312 ⋮ [n1] [JOB 55] sstable deleted 000560
I210404 11:33:52.847095 223 vendor/github.com/cockroachdb/pebble/db.go:1364 ⋮ [n1] [JOB 56] WAL created 000567 (recycled 000543)
I210404 11:33:52.847458 549849 vendor/github.com/cockroachdb/pebble/compaction.go:953 ⋮ [n1] [JOB 57] flushing 1 memtable to L0
I210404 11:33:52.847659 549849 vendor/github.com/cockroachdb/pebble/compaction.go:1559 ⋮ [n1] [JOB 57] flushing: sstable created 000568
I210404 11:33:53.160150 549849 vendor/github.com/cockroachdb/pebble/compaction.go:1008 ⋮ [n1] [JOB 57] flushed 1 memtable to L0 [000568] (432 K), in 0.3s, output rate 1.4 M/s
I210404 11:33:53.168107 549871 vendor/github.com/cockroachdb/pebble/compaction.go:1369 ⋮ [n1] [JOB 58] compacting L0 [000568] (432 K) + L6 [000561 000562 000563 000564 000565 000566] (23 M)
I210404 11:33:53.169072 549871 vendor/github.com/cockroachdb/pebble/compaction.go:1559 ⋮ [n1] [JOB 58] compacting: sstable created 000569
I210404 11:33:53.547950 549871 vendor/github.com/cockroachdb/pebble/compaction.go:1559 ⋮ [n1] [JOB 58] compacting: sstable created 000570
I210404 11:33:54.115434 549871 vendor/github.com/cockroachdb/pebble/compaction.go:1559 ⋮ [n1] [JOB 58] compacting: sstable created 000571
I210404 11:33:54.553969 549871 vendor/github.com/cockroachdb/pebble/compaction.go:1559 ⋮ [n1] [JOB 58] compacting: sstable created 000572
I210404 11:33:54.802906 549871 vendor/github.com/cockroachdb/pebble/compaction.go:1559 ⋮ [n1] [JOB 58] compacting: sstable created 000573
I210404 11:33:55.270183 549871 vendor/github.com/cockroachdb/pebble/compaction.go:1559 ⋮ [n1] [JOB 58] compacting: sstable created 000574
I210404 11:33:55.643494 549871 vendor/github.com/cockroachdb/pebble/compaction.go:1408 ⋮ [n1] [JOB 58] compacted L0 [000568] (432 K) + L6 [000561 000562 000563 000564 000565 000566] (23 M) -> L6 [000569 000570 000571 000572 000573 000574] (23 M), in 2.5s, output rate 9.3 M/s
I210404 11:33:55.651052 549871 vendor/github.com/cockroachdb/pebble/compaction.go:2312 ⋮ [n1] [JOB 58] sstable deleted 000561
I210404 11:33:55.664290 549871 vendor/github.com/cockroachdb/pebble/compaction.go:2312 ⋮ [n1] [JOB 58] sstable deleted 000562
I210404 11:33:55.674627 549871 vendor/github.com/cockroachdb/pebble/compaction.go:2312 ⋮ [n1] [JOB 58] sstable deleted 000563
I210404 11:33:55.680595 549871 vendor/github.com/cockroachdb/pebble/compaction.go:2312 ⋮ [n1] [JOB 58] sstable deleted 000564
I210404 11:33:55.689469 549871 vendor/github.com/cockroachdb/pebble/compaction.go:2312 ⋮ [n1] [JOB 58] sstable deleted 000565
I210404 11:33:55.694480 549871 vendor/github.com/cockroachdb/pebble/compaction.go:2312 ⋮ [n1] [JOB 58] sstable deleted 000566
I210404 11:33:55.695184 549871 vendor/github.com/cockroachdb/pebble/compaction.go:2312 ⋮ [n1] [JOB 58] sstable deleted 000568
I210404 12:14:42.845002 210 vendor/github.com/cockroachdb/pebble/db.go:1364 ⋮ [n1] [JOB 59] WAL created 000575 (recycled 000551)
I210404 12:14:42.845320 580331 vendor/github.com/cockroachdb/pebble/compaction.go:953 ⋮ [n1] [JOB 60] flushing 1 memtable to L0
I210404 12:14:42.845478 580331 vendor/github.com/cockroachdb/pebble/compaction.go:1559 ⋮ [n1] [JOB 60] flushing: sstable created 000576
I210404 12:14:43.169058 580331 vendor/github.com/cockroachdb/pebble/compaction.go:1008 ⋮ [n1] [JOB 60] flushed 1 memtable to L0 [000576] (420 K), in 0.3s, output rate 1.3 M/s
I210404 12:14:43.180217 580285 vendor/github.com/cockroachdb/pebble/compaction.go:1369 ⋮ [n1] [JOB 61] compacting L0 [000576] (420 K) + L6 [000569 000570 000571 000572 000573 000574] (23 M)
I210404 12:14:43.181674 580285 vendor/github.com/cockroachdb/pebble/compaction.go:1559 ⋮ [n1] [JOB 61] compacting: sstable created 000577
I210404 12:14:43.595509 580285 vendor/github.com/cockroachdb/pebble/compaction.go:1559 ⋮ [n1] [JOB 61] compacting: sstable created 000578
I210404 12:14:44.142676 580285 vendor/github.com/cockroachdb/pebble/compaction.go:1559 ⋮ [n1] [JOB 61] compacting: sstable created 000579
I210404 12:14:44.579308 580285 vendor/github.com/cockroachdb/pebble/compaction.go:1559 ⋮ [n1] [JOB 61] compacting: sstable created 000580
I210404 12:14:44.778085 580285 vendor/github.com/cockroachdb/pebble/compaction.go:1559 ⋮ [n1] [JOB 61] compacting: sstable created 000581
I210404 12:14:45.266890 580285 vendor/github.com/cockroachdb/pebble/compaction.go:1559 ⋮ [n1] [JOB 61] compacting: sstable created 000582
I210404 12:14:45.583264 580285 vendor/github.com/cockroachdb/pebble/compaction.go:1408 ⋮ [n1] [JOB 61] compacted L0 [000576] (420 K) + L6 [000569 000570 000571 000572 000573 000574] (23 M) -> L6 [000577 000578 000579 000580 000581 000582] (23 M), in 2.4s, output rate 9.6 M/s
I210404 12:14:45.587434 580285 vendor/github.com/cockroachdb/pebble/compaction.go:2312 ⋮ [n1] [JOB 61] sstable deleted 000569
I210404 12:14:45.594820 580285 vendor/github.com/cockroachdb/pebble/compaction.go:2312 ⋮ [n1] [JOB 61] sstable deleted 000570
I210404 12:14:45.601223 580285 vendor/github.com/cockroachdb/pebble/compaction.go:2312 ⋮ [n1] [JOB 61] sstable deleted 000571
I210404 12:14:45.604646 580285 vendor/github.com/cockroachdb/pebble/compaction.go:2312 ⋮ [n1] [JOB 61] sstable deleted 000572
I210404 12:14:45.610366 580285 vendor/github.com/cockroachdb/pebble/compaction.go:2312 ⋮ [n1] [JOB 61] sstable deleted 000573
I210404 12:14:45.614675 580285 vendor/github.com/cockroachdb/pebble/compaction.go:2312 ⋮ [n1] [JOB 61] sstable deleted 000574
I210404 12:14:45.615342 580285 vendor/github.com/cockroachdb/pebble/compaction.go:2312 ⋮ [n1] [JOB 61] sstable deleted 000576
I210404 12:55:32.839563 263 vendor/github.com/cockroachdb/pebble/db.go:1364 ⋮ [n1] [JOB 62] WAL created 000583 (recycled 000559)
I210404 12:55:32.839951 610734 vendor/github.com/cockroachdb/pebble/compaction.go:953 ⋮ [n1] [JOB 63] flushing 1 memtable to L0
I210404 12:55:32.840152 610734 vendor/github.com/cockroachdb/pebble/compaction.go:1559 ⋮ [n1] [JOB 63] flushing: sstable created 000584
I210404 12:55:33.147194 610734 vendor/github.com/cockroachdb/pebble/compaction.go:1008 ⋮ [n1] [JOB 63] flushed 1 memtable to L0 [000584] (403 K), in 0.3s, output rate 1.3 M/s
I210404 12:55:33.157842 610694 vendor/github.com/cockroachdb/pebble/compaction.go:1369 ⋮ [n1] [JOB 64] compacting L0 [000584] (403 K) + L6 [000577 000578 000579 000580 000581 000582] (23 M)
I210404 12:55:33.159260 610694 vendor/github.com/cockroachdb/pebble/compaction.go:1559 ⋮ [n1] [JOB 64] compacting: sstable created 000585
I210404 12:55:33.606806 610694 vendor/github.com/cockroachdb/pebble/compaction.go:1559 ⋮ [n1] [JOB 64] compacting: sstable created 000586
I210404 12:55:34.149735 610694 vendor/github.com/cockroachdb/pebble/compaction.go:1559 ⋮ [n1] [JOB 64] compacting: sstable created 000587
I210404 12:55:34.625294 610694 vendor/github.com/cockroachdb/pebble/compaction.go:1559 ⋮ [n1] [JOB 64] compacting: sstable created 000588
I210404 12:55:34.845134 610694 vendor/github.com/cockroachdb/pebble/compaction.go:1559 ⋮ [n1] [JOB 64] compacting: sstable created 000589
I210404 12:55:35.329375 610694 vendor/github.com/cockroachdb/pebble/compaction.go:1559 ⋮ [n1] [JOB 64] compacting: sstable created 000590
I210404 12:55:35.665732 610694 vendor/github.com/cockroachdb/pebble/compaction.go:1408 ⋮ [n1] [JOB 64] compacted L0 [000584] (403 K) + L6 [000577 000578 000579 000580 000581 000582] (23 M) -> L6 [000585 000586 000587 000588 000589 000590] (23 M), in 2.5s, output rate 9.3 M/s
I210404 12:55:35.670334 610694 vendor/github.com/cockroachdb/pebble/compaction.go:2312 ⋮ [n1] [JOB 64] sstable deleted 000577
I210404 12:55:35.677354 610694 vendor/github.com/cockroachdb/pebble/compaction.go:2312 ⋮ [n1] [JOB 64] sstable deleted 000578
I210404 12:55:35.684284 610694 vendor/github.com/cockroachdb/pebble/compaction.go:2312 ⋮ [n1] [JOB 64] sstable deleted 000579
I210404 12:55:35.687704 610694 vendor/github.com/cockroachdb/pebble/compaction.go:2312 ⋮ [n1] [JOB 64] sstable deleted 000580
I210404 12:55:35.695159 610694 vendor/github.com/cockroachdb/pebble/compaction.go:2312 ⋮ [n1] [JOB 64] sstable deleted 000581
I210404 12:55:35.700244 610694 vendor/github.com/cockroachdb/pebble/compaction.go:2312 ⋮ [n1] [JOB 64] sstable deleted 000582
I210404 12:55:35.700809 610694 vendor/github.com/cockroachdb/pebble/compaction.go:2312 ⋮ [n1] [JOB 64] sstable deleted 000584
I210404 13:36:22.830480 236 vendor/github.com/cockroachdb/pebble/db.go:1364 ⋮ [n1] [JOB 65] WAL created 000591 (recycled 000567)
I210404 13:36:22.830798 641091 vendor/github.com/cockroachdb/pebble/compaction.go:953 ⋮ [n1] [JOB 66] flushing 1 memtable to L0
I210404 13:36:22.830900 641091 vendor/github.com/cockroachdb/pebble/compaction.go:1559 ⋮ [n1] [JOB 66] flushing: sstable created 000592
I210404 13:36:23.109419 641091 vendor/github.com/cockroachdb/pebble/compaction.go:1008 ⋮ [n1] [JOB 66] flushed 1 memtable to L0 [000592] (414 K), in 0.3s, output rate 1.5 M/s
I210404 13:36:23.115997 640937 vendor/github.com/cockroachdb/pebble/compaction.go:1369 ⋮ [n1] [JOB 67] compacting L0 [000592] (414 K) + L6 [000585 000586 000587 000588 000589 000590] (23 M)
I210404 13:36:23.116756 640937 vendor/github.com/cockroachdb/pebble/compaction.go:1559 ⋮ [n1] [JOB 67] compacting: sstable created 000593
I210404 13:36:23.565228 640937 vendor/github.com/cockroachdb/pebble/compaction.go:1559 ⋮ [n1] [JOB 67] compacting: sstable created 000594
I210404 13:36:24.068027 640937 vendor/github.com/cockroachdb/pebble/compaction.go:1559 ⋮ [n1] [JOB 67] compacting: sstable created 000595
I210404 13:36:24.494246 640937 vendor/github.com/cockroachdb/pebble/compaction.go:1559 ⋮ [n1] [JOB 67] compacting: sstable created 000596
I210404 13:36:24.726943 640937 vendor/github.com/cockroachdb/pebble/compaction.go:1559 ⋮ [n1] [JOB 67] compacting: sstable created 000597
I210404 13:36:25.210382 640937 vendor/github.com/cockroachdb/pebble/compaction.go:1559 ⋮ [n1] [JOB 67] compacting: sstable created 000598
I210404 13:36:25.620845 640937 vendor/github.com/cockroachdb/pebble/compaction.go:1559 ⋮ [n1] [JOB 67] compacting: sstable created 000599
I210404 13:36:25.626912 640937 vendor/github.com/cockroachdb/pebble/compaction.go:1408 ⋮ [n1] [JOB 67] compacted L0 [000592] (414 K) + L6 [000585 000586 000587 000588 000589 000590] (23 M) -> L6 [000593 000594 000595 000596 000597 000598 000599] (24 M), in 2.5s, output rate 9.4 M/s
I210404 13:36:25.632318 640937 vendor/github.com/cockroachdb/pebble/compaction.go:2312 ⋮ [n1] [JOB 67] sstable deleted 000585
I210404 13:36:25.639442 640937 vendor/github.com/cockroachdb/pebble/compaction.go:2312 ⋮ [n1] [JOB 67] sstable deleted 000586
I210404 13:36:25.644948 640937 vendor/github.com/cockroachdb/pebble/compaction.go:2312 ⋮ [n1] [JOB 67] sstable deleted 000587
I210404 13:36:25.647699 640937 vendor/github.com/cockroachdb/pebble/compaction.go:2312 ⋮ [n1] [JOB 67] sstable deleted 000588
I210404 13:36:25.653570 640937 vendor/github.com/cockroachdb/pebble/compaction.go:2312 ⋮ [n1] [JOB 67] sstable deleted 000589
I210404 13:36:25.658206 640937 vendor/github.com/cockroachdb/pebble/compaction.go:2312 ⋮ [n1] [JOB 67] sstable deleted 000590
I210404 13:36:25.658621 640937 vendor/github.com/cockroachdb/pebble/compaction.go:2312 ⋮ [n1] [JOB 67] sstable deleted 000592
I210404 14:17:12.830740 262 vendor/github.com/cockroachdb/pebble/db.go:1364 ⋮ [n1] [JOB 68] WAL created 000600 (recycled 000575)
I210404 14:17:12.830930 671437 vendor/github.com/cockroachdb/pebble/compaction.go:953 ⋮ [n1] [JOB 69] flushing 1 memtable to L0
I210404 14:17:12.831050 671437 vendor/github.com/cockroachdb/pebble/compaction.go:1559 ⋮ [n1] [JOB 69] flushing: sstable created 000601
I210404 14:17:13.103376 671437 vendor/github.com/cockroachdb/pebble/compaction.go:1008 ⋮ [n1] [JOB 69] flushed 1 memtable to L0 [000601] (412 K), in 0.3s, output rate 1.5 M/s
I210404 14:17:13.114708 671476 vendor/github.com/cockroachdb/pebble/compaction.go:1369 ⋮ [n1] [JOB 70] compacting L0 [000601] (412 K) + L6 [000593 000594 000595 000596 000597 000598] (24 M)
I210404 14:17:13.116092 671476 vendor/github.com/cockroachdb/pebble/compaction.go:1559 ⋮ [n1] [JOB 70] compacting: sstable created 000602
I210404 14:17:13.592603 671476 vendor/github.com/cockroachdb/pebble/compaction.go:1559 ⋮ [n1] [JOB 70] compacting: sstable created 000603
I210404 14:17:14.129330 671476 vendor/github.com/cockroachdb/pebble/compaction.go:1559 ⋮ [n1] [JOB 70] compacting: sstable created 000604
I210404 14:17:14.653126 671476 vendor/github.com/cockroachdb/pebble/compaction.go:1559 ⋮ [n1] [JOB 70] compacting: sstable created 000605
I210404 14:17:14.841048 671476 vendor/github.com/cockroachdb/pebble/compaction.go:1559 ⋮ [n1] [JOB 70] compacting: sstable created 000606
I210404 14:17:15.286406 671476 vendor/github.com/cockroachdb/pebble/compaction.go:1559 ⋮ [n1] [JOB 70] compacting: sstable created 000607
I210404 14:17:15.685943 671476 vendor/github.com/cockroachdb/pebble/compaction.go:1559 ⋮ [n1] [JOB 70] compacting: sstable created 000608
I210404 14:17:15.698821 671476 vendor/github.com/cockroachdb/pebble/compaction.go:1408 ⋮ [n1] [JOB 70] compacted L0 [000601] (412 K) + L6 [000593 000594 000595 000596 000597 000598] (24 M) -> L6 [000602 000603 000604 000605 000606 000607 000608] (24 M), in 2.6s, output rate 9.2 M/s
I210404 14:17:15.704657 671476 vendor/github.com/cockroachdb/pebble/compaction.go:2312 ⋮ [n1] [JOB 70] sstable deleted 000593
I210404 14:17:15.714584 671476 vendor/github.com/cockroachdb/pebble/compaction.go:2312 ⋮ [n1] [JOB 70] sstable deleted 000594
I210404 14:17:15.723110 671476 vendor/github.com/cockroachdb/pebble/compaction.go:2312 ⋮ [n1] [JOB 70] sstable deleted 000595
I210404 14:17:15.726662 671476 vendor/github.com/cockroachdb/pebble/compaction.go:2312 ⋮ [n1] [JOB 70] sstable deleted 000596
I210404 14:17:15.733739 671476 vendor/github.com/cockroachdb/pebble/compaction.go:2312 ⋮ [n1] [JOB 70] sstable deleted 000597
I210404 14:17:15.739699 671476 vendor/github.com/cockroachdb/pebble/compaction.go:2312 ⋮ [n1] [JOB 70] sstable deleted 000598
I210404 14:17:15.740812 671476 vendor/github.com/cockroachdb/pebble/compaction.go:2312 ⋮ [n1] [JOB 70] sstable deleted 000601
I210404 14:58:02.840561 214 vendor/github.com/cockroachdb/pebble/db.go:1364 ⋮ [n1] [JOB 71] WAL created 000609 (recycled 000583)
I210404 14:58:02.840957 701901 vendor/github.com/cockroachdb/pebble/compaction.go:953 ⋮ [n1] [JOB 72] flushing 1 memtable to L0
I210404 14:58:02.841144 701901 vendor/github.com/cockroachdb/pebble/compaction.go:1559 ⋮ [n1] [JOB 72] flushing: sstable created 000610
I210404 14:58:03.118056 701901 vendor/github.com/cockroachdb/pebble/compaction.go:1008 ⋮ [n1] [JOB 72] flushed 1 memtable to L0 [000610] (407 K), in 0.3s, output rate 1.4 M/s
I210404 14:58:03.126272 701889 vendor/github.com/cockroachdb/pebble/compaction.go:1369 ⋮ [n1] [JOB 73] compacting L0 [000610] (407 K) + L6 [000602 000603 000604 000605 000606 000607] (24 M)
I210404 14:58:03.127352 701889 vendor/github.com/cockroachdb/pebble/compaction.go:1559 ⋮ [n1] [JOB 73] compacting: sstable created 000611
I210404 14:58:03.635652 701889 vendor/github.com/cockroachdb/pebble/compaction.go:1559 ⋮ [n1] [JOB 73] compacting: sstable created 000612
I210404 14:58:04.198881 701889 vendor/github.com/cockroachdb/pebble/compaction.go:1559 ⋮ [n1] [JOB 73] compacting: sstable created 000613
I210404 14:58:04.626796 701889 vendor/github.com/cockroachdb/pebble/compaction.go:1559 ⋮ [n1] [JOB 73] compacting: sstable created 000614
I210404 14:58:04.851864 701889 vendor/github.com/cockroachdb/pebble/compaction.go:1559 ⋮ [n1] [JOB 73] compacting: sstable created 000615
I210404 14:58:05.354818 701889 vendor/github.com/cockroachdb/pebble/compaction.go:1559 ⋮ [n1] [JOB 73] compacting: sstable created 000616
I210404 14:58:05.775363 701889 vendor/github.com/cockroachdb/pebble/compaction.go:1559 ⋮ [n1] [JOB 73] compacting: sstable created 000617
I210404 14:58:05.791078 701889 vendor/github.com/cockroachdb/pebble/compaction.go:1408 ⋮ [n1] [JOB 73] compacted L0 [000610] (407 K) + L6 [000602 000603 000604 000605 000606 000607] (24 M) -> L6 [000611 000612 000613 000614 000615 000616 000617] (24 M), in 2.7s, output rate 9.0 M/s
I210404 14:58:05.798168 701889 vendor/github.com/cockroachdb/pebble/compaction.go:2312 ⋮ [n1] [JOB 73] sstable deleted 000602
I210404 14:58:05.813543 701889 vendor/github.com/cockroachdb/pebble/compaction.go:2312 ⋮ [n1] [JOB 73] sstable deleted 000603
I210404 14:58:05.821466 701889 vendor/github.com/cockroachdb/pebble/compaction.go:2312 ⋮ [n1] [JOB 73] sstable deleted 000604
I210404 14:58:05.824879 701889 vendor/github.com/cockroachdb/pebble/compaction.go:2312 ⋮ [n1] [JOB 73] sstable deleted 000605
I210404 14:58:05.833791 701889 vendor/github.com/cockroachdb/pebble/compaction.go:2312 ⋮ [n1] [JOB 73] sstable deleted 000606
I210404 14:58:05.840090 701889 vendor/github.com/cockroachdb/pebble/compaction.go:2312 ⋮ [n1] [JOB 73] sstable deleted 000607
I210404 14:58:05.841029 701889 vendor/github.com/cockroachdb/pebble/compaction.go:2312 ⋮ [n1] [JOB 73] sstable deleted 000610
I210404 15:38:52.838906 249 vendor/github.com/cockroachdb/pebble/db.go:1364 ⋮ [n1] [JOB 74] WAL created 000618 (recycled 000591)
I210404 15:38:52.839312 732222 vendor/github.com/cockroachdb/pebble/compaction.go:953 ⋮ [n1] [JOB 75] flushing 1 memtable to L0
I210404 15:38:52.839499 732222 vendor/github.com/cockroachdb/pebble/compaction.go:1559 ⋮ [n1] [JOB 75] flushing: sstable created 000619
I210404 15:38:53.121493 732222 vendor/github.com/cockroachdb/pebble/compaction.go:1559 ⋮ [n1] [JOB 75] flushing: sstable created 000620
I210404 15:38:53.127614 732222 vendor/github.com/cockroachdb/pebble/compaction.go:1008 ⋮ [n1] [JOB 75] flushed 1 memtable to L0 [000619 000620] (426 K), in 0.3s, output rate 1.5 M/s
I210404 15:38:53.138365 732209 vendor/github.com/cockroachdb/pebble/compaction.go:1369 ⋮ [n1] [JOB 76] compacting L0 [000619] (411 K) + L6 [000611 000612 000613 000614 000615 000616] (24 M)
I210404 15:38:53.139802 732209 vendor/github.com/cockroachdb/pebble/compaction.go:1559 ⋮ [n1] [JOB 76] compacting: sstable created 000621
I210404 15:38:53.628507 732209 vendor/github.com/cockroachdb/pebble/compaction.go:1559 ⋮ [n1] [JOB 76] compacting: sstable created 000622
I210404 15:38:54.147744 732209 vendor/github.com/cockroachdb/pebble/compaction.go:1559 ⋮ [n1] [JOB 76] compacting: sstable created 000623
I210404 15:38:54.722557 732209 vendor/github.com/cockroachdb/pebble/compaction.go:1559 ⋮ [n1] [JOB 76] compacting: sstable created 000624
I210404 15:38:54.972311 732209 vendor/github.com/cockroachdb/pebble/compaction.go:1559 ⋮ [n1] [JOB 76] compacting: sstable created 000625
I210404 15:38:55.470987 732209 vendor/github.com/cockroachdb/pebble/compaction.go:1559 ⋮ [n1] [JOB 76] compacting: sstable created 000626
I210404 15:38:55.871504 732209 vendor/github.com/cockroachdb/pebble/compaction.go:1559 ⋮ [n1] [JOB 76] compacting: sstable created 000627
I210404 15:38:55.887280 732209 vendor/github.com/cockroachdb/pebble/compaction.go:1408 ⋮ [n1] [JOB 76] compacted L0 [000619] (411 K) + L6 [000611 000612 000613 000614 000615 000616] (24 M) -> L6 [000621 000622 000623 000624 000625 000626 000627] (24 M), in 2.7s, output rate 8.7 M/s
I210404 15:38:55.895317 732209 vendor/github.com/cockroachdb/pebble/compaction.go:2312 ⋮ [n1] [JOB 76] sstable deleted 000611
I210404 15:38:55.908660 732209 vendor/github.com/cockroachdb/pebble/compaction.go:2312 ⋮ [n1] [JOB 76] sstable deleted 000612
I210404 15:38:55.921114 732209 vendor/github.com/cockroachdb/pebble/compaction.go:2312 ⋮ [n1] [JOB 76] sstable deleted 000613
I210404 15:38:55.924435 732209 vendor/github.com/cockroachdb/pebble/compaction.go:2312 ⋮ [n1] [JOB 76] sstable deleted 000614
I210404 15:38:55.933739 732209 vendor/github.com/cockroachdb/pebble/compaction.go:2312 ⋮ [n1] [JOB 76] sstable deleted 000615
I210404 15:38:55.940720 732209 vendor/github.com/cockroachdb/pebble/compaction.go:2312 ⋮ [n1] [JOB 76] sstable deleted 000616
I210404 15:38:55.941574 732209 vendor/github.com/cockroachdb/pebble/compaction.go:2312 ⋮ [n1] [JOB 76] sstable deleted 000619
I210404 15:38:55.941668 732364 vendor/github.com/cockroachdb/pebble/compaction.go:1369 ⋮ [n1] [JOB 77] compacting L0 [000620] (15 K) + L6 [000617] (257 K)
I210404 15:38:55.941872 732364 vendor/github.com/cockroachdb/pebble/compaction.go:1559 ⋮ [n1] [JOB 77] compacting: sstable created 000628
I210404 15:38:55.979538 732364 vendor/github.com/cockroachdb/pebble/compaction.go:1408 ⋮ [n1] [JOB 77] compacted L0 [000620] (15 K) + L6 [000617] (257 K) -> L6 [000628] (269 K), in 0.0s, output rate 7.4 M/s
I210404 15:38:55.979910 732364 vendor/github.com/cockroachdb/pebble/compaction.go:2312 ⋮ [n1] [JOB 77] sstable deleted 000617
I210404 15:38:55.980039 732364 vendor/github.com/cockroachdb/pebble/compaction.go:2312 ⋮ [n1] [JOB 77] sstable deleted 000620
I210404 16:19:42.849667 221 vendor/github.com/cockroachdb/pebble/db.go:1364 ⋮ [n1] [JOB 78] WAL created 000629 (recycled 000600)
I210404 16:19:42.849991 762788 vendor/github.com/cockroachdb/pebble/compaction.go:953 ⋮ [n1] [JOB 79] flushing 1 memtable to L0
I210404 16:19:42.850167 762788 vendor/github.com/cockroachdb/pebble/compaction.go:1559 ⋮ [n1] [JOB 79] flushing: sstable created 000630
I210404 16:19:43.160958 762788 vendor/github.com/cockroachdb/pebble/compaction.go:1559 ⋮ [n1] [JOB 79] flushing: sstable created 000631
I210404 16:19:43.167665 762788 vendor/github.com/cockroachdb/pebble/compaction.go:1008 ⋮ [n1] [JOB 79] flushed 1 memtable to L0 [000630 000631] (426 K), in 0.3s, output rate 1.3 M/s
I210404 16:19:43.178324 762725 vendor/github.com/cockroachdb/pebble/compaction.go:1369 ⋮ [n1] [JOB 80] compacting L0 [000630] (409 K) + L6 [000621 000622 000623 000624 000625 000626] (24 M)
I210404 16:19:43.179678 762725 vendor/github.com/cockroachdb/pebble/compaction.go:1559 ⋮ [n1] [JOB 80] compacting: sstable created 000632
I210404 16:19:43.700522 762725 vendor/github.com/cockroachdb/pebble/compaction.go:1559 ⋮ [n1] [JOB 80] compacting: sstable created 000633
I210404 16:19:44.210296 762725 vendor/github.com/cockroachdb/pebble/compaction.go:1559 ⋮ [n1] [JOB 80] compacting: sstable created 000634
I210404 16:19:44.757040 762725 vendor/github.com/cockroachdb/pebble/compaction.go:1559 ⋮ [n1] [JOB 80] compacting: sstable created 000635
I210404 16:19:44.989603 762725 vendor/github.com/cockroachdb/pebble/compaction.go:1559 ⋮ [n1] [JOB 80] compacting: sstable created 000636
I210404 16:19:45.452712 762725 vendor/github.com/cockroachdb/pebble/compaction.go:1559 ⋮ [n1] [JOB 80] compacting: sstable created 000637
I210404 16:19:45.837318 762725 vendor/github.com/cockroachdb/pebble/compaction.go:1559 ⋮ [n1] [JOB 80] compacting: sstable created 000638
I210404 16:19:45.851463 762725 vendor/github.com/cockroachdb/pebble/compaction.go:1408 ⋮ [n1] [JOB 80] compacted L0 [000630] (409 K) + L6 [000621 000622 000623 000624 000625 000626] (24 M) -> L6 [000632 000633 000634 000635 000636 000637 000638] (24 M), in 2.7s, output rate 8.9 M/s
I210404 16:19:45.857412 762725 vendor/github.com/cockroachdb/pebble/compaction.go:2312 ⋮ [n1] [JOB 80] sstable deleted 000621
I210404 16:19:45.866330 762725 vendor/github.com/cockroachdb/pebble/compaction.go:2312 ⋮ [n1] [JOB 80] sstable deleted 000622
I210404 16:19:45.876190 762725 vendor/github.com/cockroachdb/pebble/compaction.go:2312 ⋮ [n1] [JOB 80] sstable deleted 000623
I210404 16:19:45.879111 762725 vendor/github.com/cockroachdb/pebble/compaction.go:2312 ⋮ [n1] [JOB 80] sstable deleted 000624
I210404 16:19:45.886722 762725 vendor/github.com/cockroachdb/pebble/compaction.go:2312 ⋮ [n1] [JOB 80] sstable deleted 000625
I210404 16:19:45.893018 762725 vendor/github.com/cockroachdb/pebble/compaction.go:2312 ⋮ [n1] [JOB 80] sstable deleted 000626
I210404 16:19:45.893535 762725 vendor/github.com/cockroachdb/pebble/compaction.go:2312 ⋮ [n1] [JOB 80] sstable deleted 000630
I210404 16:19:45.893617 762733 vendor/github.com/cockroachdb/pebble/compaction.go:1369 ⋮ [n1] [JOB 81] compacting L0 [000631] (18 K) + L6 [000627 000628] (489 K)
I210404 16:19:45.893814 762733 vendor/github.com/cockroachdb/pebble/compaction.go:1559 ⋮ [n1] [JOB 81] compacting: sstable created 000639
I210404 16:19:45.936916 762733 vendor/github.com/cockroachdb/pebble/compaction.go:1408 ⋮ [n1] [JOB 81] compacted L0 [000631] (18 K) + L6 [000627 000628] (489 K) -> L6 [000639] (502 K), in 0.0s, output rate 12 M/s
I210404 16:19:45.937157 762733 vendor/github.com/cockroachdb/pebble/compaction.go:2312 ⋮ [n1] [JOB 81] sstable deleted 000627
I210404 16:19:45.937363 762733 vendor/github.com/cockroachdb/pebble/compaction.go:2312 ⋮ [n1] [JOB 81] sstable deleted 000628
I210404 16:19:45.937432 762733 vendor/github.com/cockroachdb/pebble/compaction.go:2312 ⋮ [n1] [JOB 81] sstable deleted 000631
I210404 17:00:32.845127 233 vendor/github.com/cockroachdb/pebble/db.go:1364 ⋮ [n1] [JOB 82] WAL created 000640 (recycled 000609)
I210404 17:00:32.845443 793105 vendor/github.com/cockroachdb/pebble/compaction.go:953 ⋮ [n1] [JOB 83] flushing 1 memtable to L0
I210404 17:00:32.845658 793105 vendor/github.com/cockroachdb/pebble/compaction.go:1559 ⋮ [n1] [JOB 83] flushing: sstable created 000641
I210404 17:00:33.152970 793105 vendor/github.com/cockroachdb/pebble/compaction.go:1559 ⋮ [n1] [JOB 83] flushing: sstable created 000642
I210404 17:00:33.159249 793105 vendor/github.com/cockroachdb/pebble/compaction.go:1008 ⋮ [n1] [JOB 83] flushed 1 memtable to L0 [000641 000642] (447 K), in 0.3s, output rate 1.4 M/s
I210404 17:00:33.166989 793079 vendor/github.com/cockroachdb/pebble/compaction.go:1369 ⋮ [n1] [JOB 84] compacting L0 [000641] (424 K) + L6 [000632 000633 000634 000635 000636 000637] (24 M)
I210404 17:00:33.168192 793079 vendor/github.com/cockroachdb/pebble/compaction.go:1559 ⋮ [n1] [JOB 84] compacting: sstable created 000643
I210404 17:00:33.630907 793079 vendor/github.com/cockroachdb/pebble/compaction.go:1559 ⋮ [n1] [JOB 84] compacting: sstable created 000644
I210404 17:00:34.145262 793079 vendor/github.com/cockroachdb/pebble/compaction.go:1559 ⋮ [n1] [JOB 84] compacting: sstable created 000645
I210404 17:00:34.645769 793079 vendor/github.com/cockroachdb/pebble/compaction.go:1559 ⋮ [n1] [JOB 84] compacting: sstable created 000646
I210404 17:00:34.853375 793079 vendor/github.com/cockroachdb/pebble/compaction.go:1559 ⋮ [n1] [JOB 84] compacting: sstable created 000647
I210404 17:00:35.279913 793079 vendor/github.com/cockroachdb/pebble/compaction.go:1559 ⋮ [n1] [JOB 84] compacting: sstable created 000648
I210404 17:00:35.666791 793079 vendor/github.com/cockroachdb/pebble/compaction.go:1559 ⋮ [n1] [JOB 84] compacting: sstable created 000649
I210404 17:00:35.692126 793079 vendor/github.com/cockroachdb/pebble/compaction.go:1408 ⋮ [n1] [JOB 84] compacted L0 [000641] (424 K) + L6 [000632 000633 000634 000635 000636 000637] (24 M) -> L6 [000643 000644 000645 000646 000647 000648 000649] (24 M), in 2.5s, output rate 9.5 M/s
I210404 17:00:35.696833 793079 vendor/github.com/cockroachdb/pebble/compaction.go:2312 ⋮ [n1] [JOB 84] sstable deleted 000632
I210404 17:00:35.705369 793079 vendor/github.com/cockroachdb/pebble/compaction.go:2312 ⋮ [n1] [JOB 84] sstable deleted 000633
I210404 17:00:35.713397 793079 vendor/github.com/cockroachdb/pebble/compaction.go:2312 ⋮ [n1] [JOB 84] sstable deleted 000634
I210404 17:00:35.716063 793079 vendor/github.com/cockroachdb/pebble/compaction.go:2312 ⋮ [n1] [JOB 84] sstable deleted 000635
I210404 17:00:35.723113 793079 vendor/github.com/cockroachdb/pebble/compaction.go:2312 ⋮ [n1] [JOB 84] sstable deleted 000636
I210404 17:00:35.728975 793079 vendor/github.com/cockroachdb/pebble/compaction.go:2312 ⋮ [n1] [JOB 84] sstable deleted 000637
I210404 17:00:35.729627 793079 vendor/github.com/cockroachdb/pebble/compaction.go:2312 ⋮ [n1] [JOB 84] sstable deleted 000641
I210404 17:00:35.729718 793087 vendor/github.com/cockroachdb/pebble/compaction.go:1369 ⋮ [n1] [JOB 85] compacting L0 [000642] (23 K) + L6 [000638 000639] (749 K)
I210404 17:00:35.729943 793087 vendor/github.com/cockroachdb/pebble/compaction.go:1559 ⋮ [n1] [JOB 85] compacting: sstable created 000650
I210404 17:00:35.771486 793087 vendor/github.com/cockroachdb/pebble/compaction.go:1408 ⋮ [n1] [JOB 85] compacted L0 [000642] (23 K) + L6 [000638 000639] (749 K) -> L6 [000650] (766 K), in 0.0s, output rate 19 M/s
I210404 17:00:35.771771 793087 vendor/github.com/cockroachdb/pebble/compaction.go:2312 ⋮ [n1] [JOB 85] sstable deleted 000638
I210404 17:00:35.772068 793087 vendor/github.com/cockroachdb/pebble/compaction.go:2312 ⋮ [n1] [JOB 85] sstable deleted 000639
I210404 17:00:35.772141 793087 vendor/github.com/cockroachdb/pebble/compaction.go:2312 ⋮ [n1] [JOB 85] sstable deleted 000642
I210404 17:41:22.830471 254 vendor/github.com/cockroachdb/pebble/db.go:1364 ⋮ [n1] [JOB 86] WAL created 000651 (recycled 000618)
I210404 17:41:22.830769 823453 vendor/github.com/cockroachdb/pebble/compaction.go:953 ⋮ [n1] [JOB 87] flushing 1 memtable to L0
I210404 17:41:22.830902 823453 vendor/github.com/cockroachdb/pebble/compaction.go:1559 ⋮ [n1] [JOB 87] flushing: sstable created 000652
I210404 17:41:23.061574 823453 vendor/github.com/cockroachdb/pebble/compaction.go:1559 ⋮ [n1] [JOB 87] flushing: sstable created 000653
I210404 17:41:23.069525 823453 vendor/github.com/cockroachdb/pebble/compaction.go:1008 ⋮ [n1] [JOB 87] flushed 1 memtable to L0 [000652 000653] (403 K), in 0.2s, output rate 1.7 M/s
I210404 17:41:23.077260 823480 vendor/github.com/cockroachdb/pebble/compaction.go:1369 ⋮ [n1] [JOB 88] compacting L0 [000652] (379 K) + L6 [000643 000644 000645 000646 000647 000648] (24 M)
I210404 17:41:23.078325 823480 vendor/github.com/cockroachdb/pebble/compaction.go:1559 ⋮ [n1] [JOB 88] compacting: sstable created 000654
I210404 17:41:23.542070 823480 vendor/github.com/cockroachdb/pebble/compaction.go:1559 ⋮ [n1] [JOB 88] compacting: sstable created 000655
I210404 17:41:23.983006 823480 vendor/github.com/cockroachdb/pebble/compaction.go:1559 ⋮ [n1] [JOB 88] compacting: sstable created 000656
I210404 17:41:24.440588 823480 vendor/github.com/cockroachdb/pebble/compaction.go:1559 ⋮ [n1] [JOB 88] compacting: sstable created 000657
I210404 17:41:24.592538 823480 vendor/github.com/cockroachdb/pebble/compaction.go:1559 ⋮ [n1] [JOB 88] compacting: sstable created 000658
I210404 17:41:25.050522 823480 vendor/github.com/cockroachdb/pebble/compaction.go:1559 ⋮ [n1] [JOB 88] compacting: sstable created 000659
I210404 17:41:25.427105 823480 vendor/github.com/cockroachdb/pebble/compaction.go:1559 ⋮ [n1] [JOB 88] compacting: sstable created 000660
I210404 17:41:25.464096 823480 vendor/github.com/cockroachdb/pebble/compaction.go:1408 ⋮ [n1] [JOB 88] compacted L0 [000652] (379 K) + L6 [000643 000644 000645 000646 000647 000648] (24 M) -> L6 [000654 000655 000656 000657 000658 000659 000660] (24 M), in 2.4s, output rate 10 M/s
I210404 17:41:25.474578 823480 vendor/github.com/cockroachdb/pebble/compaction.go:2312 ⋮ [n1] [JOB 88] sstable deleted 000643
I210404 17:41:25.485638 823480 vendor/github.com/cockroachdb/pebble/compaction.go:2312 ⋮ [n1] [JOB 88] sstable deleted 000644
I210404 17:41:25.497611 823480 vendor/github.com/cockroachdb/pebble/compaction.go:2312 ⋮ [n1] [JOB 88] sstable deleted 000645
I210404 17:41:25.500737 823480 vendor/github.com/cockroachdb/pebble/compaction.go:2312 ⋮ [n1] [JOB 88] sstable deleted 000646
I210404 17:41:25.509176 823480 vendor/github.com/cockroachdb/pebble/compaction.go:2312 ⋮ [n1] [JOB 88] sstable deleted 000647
I210404 17:41:25.516476 823480 vendor/github.com/cockroachdb/pebble/compaction.go:2312 ⋮ [n1] [JOB 88] sstable deleted 000648
I210404 17:41:25.517008 823480 vendor/github.com/cockroachdb/pebble/compaction.go:2312 ⋮ [n1] [JOB 88] sstable deleted 000652
I210404 17:41:25.517100 823457 vendor/github.com/cockroachdb/pebble/compaction.go:1369 ⋮ [n1] [JOB 89] compacting L0 [000653] (24 K) + L6 [000649 000650] (1.0 M)
I210404 17:41:25.517486 823457 vendor/github.com/cockroachdb/pebble/compaction.go:1559 ⋮ [n1] [JOB 89] compacting: sstable created 000661
I210404 17:41:25.581812 823457 vendor/github.com/cockroachdb/pebble/compaction.go:1408 ⋮ [n1] [JOB 89] compacted L0 [000653] (24 K) + L6 [000649 000650] (1.0 M) -> L6 [000661] (1.0 M), in 0.1s, output rate 16 M/s
I210404 17:41:25.582148 823457 vendor/github.com/cockroachdb/pebble/compaction.go:2312 ⋮ [n1] [JOB 89] sstable deleted 000649
I210404 17:41:25.582946 823457 vendor/github.com/cockroachdb/pebble/compaction.go:2312 ⋮ [n1] [JOB 89] sstable deleted 000650
I210404 17:41:25.583021 823457 vendor/github.com/cockroachdb/pebble/compaction.go:2312 ⋮ [n1] [JOB 89] sstable deleted 000653
I210404 18:22:12.839577 215 vendor/github.com/cockroachdb/pebble/db.go:1364 ⋮ [n1] [JOB 90] WAL created 000662 (recycled 000629)
I210404 18:22:12.839995 853632 vendor/github.com/cockroachdb/pebble/compaction.go:953 ⋮ [n1] [JOB 91] flushing 1 memtable to L0
I210404 18:22:12.840185 853632 vendor/github.com/cockroachdb/pebble/compaction.go:1559 ⋮ [n1] [JOB 91] flushing: sstable created 000663
I210404 18:22:13.115424 853632 vendor/github.com/cockroachdb/pebble/compaction.go:1559 ⋮ [n1] [JOB 91] flushing: sstable created 000664
I210404 18:22:13.125568 853632 vendor/github.com/cockroachdb/pebble/compaction.go:1008 ⋮ [n1] [JOB 91] flushed 1 memtable to L0 [000663 000664] (397 K), in 0.3s, output rate 1.4 M/s
I210404 18:22:13.131906 853907 vendor/github.com/cockroachdb/pebble/compaction.go:1369 ⋮ [n1] [JOB 92] compacting L0 [000663] (371 K) + L6 [000654 000655 000656 000657 000658 000659] (24 M)
I210404 18:22:13.132799 853907 vendor/github.com/cockroachdb/pebble/compaction.go:1559 ⋮ [n1] [JOB 92] compacting: sstable created 000665
I210404 18:22:13.604470 853907 vendor/github.com/cockroachdb/pebble/compaction.go:1559 ⋮ [n1] [JOB 92] compacting: sstable created 000666
I210404 18:22:14.171282 853907 vendor/github.com/cockroachdb/pebble/compaction.go:1559 ⋮ [n1] [JOB 92] compacting: sstable created 000667
I210404 18:22:14.745724 853907 vendor/github.com/cockroachdb/pebble/compaction.go:1559 ⋮ [n1] [JOB 92] compacting: sstable created 000668
I210404 18:22:15.005809 853907 vendor/github.com/cockroachdb/pebble/compaction.go:1559 ⋮ [n1] [JOB 92] compacting: sstable created 000669
I210404 18:22:15.532224 853907 vendor/github.com/cockroachdb/pebble/compaction.go:1559 ⋮ [n1] [JOB 92] compacting: sstable created 000670
I210404 18:22:15.901109 853907 vendor/github.com/cockroachdb/pebble/compaction.go:1559 ⋮ [n1] [JOB 92] compacting: sstable created 000671
I210404 18:22:15.944273 853907 vendor/github.com/cockroachdb/pebble/compaction.go:1408 ⋮ [n1] [JOB 92] compacted L0 [000663] (371 K) + L6 [000654 000655 000656 000657 000658 000659] (24 M) -> L6 [000665 000666 000667 000668 000669 000670 000671] (24 M), in 2.8s, output rate 8.5 M/s
I210404 18:22:15.948810 853907 vendor/github.com/cockroachdb/pebble/compaction.go:2312 ⋮ [n1] [JOB 92] sstable deleted 000654
I210404 18:22:15.957011 853907 vendor/github.com/cockroachdb/pebble/compaction.go:2312 ⋮ [n1] [JOB 92] sstable deleted 000655
I210404 18:22:15.966581 853907 vendor/github.com/cockroachdb/pebble/compaction.go:2312 ⋮ [n1] [JOB 92] sstable deleted 000656
I210404 18:22:15.969033 853907 vendor/github.com/cockroachdb/pebble/compaction.go:2312 ⋮ [n1] [JOB 92] sstable deleted 000657
I210404 18:22:15.976901 853907 vendor/github.com/cockroachdb/pebble/compaction.go:2312 ⋮ [n1] [JOB 92] sstable deleted 000658
I210404 18:22:15.983693 853907 vendor/github.com/cockroachdb/pebble/compaction.go:2312 ⋮ [n1] [JOB 92] sstable deleted 000659
I210404 18:22:15.984154 853907 vendor/github.com/cockroachdb/pebble/compaction.go:2312 ⋮ [n1] [JOB 92] sstable deleted 000663
I210404 18:22:15.984246 853936 vendor/github.com/cockroachdb/pebble/compaction.go:1369 ⋮ [n1] [JOB 93] compacting L0 [000664] (26 K) + L6 [000660 000661] (1.2 M)
I210404 18:22:15.984580 853936 vendor/github.com/cockroachdb/pebble/compaction.go:1559 ⋮ [n1] [JOB 93] compacting: sstable created 000672
I210404 18:22:16.084401 853936 vendor/github.com/cockroachdb/pebble/compaction.go:1408 ⋮ [n1] [JOB 93] compacted L0 [000664] (26 K) + L6 [000660 000661] (1.2 M) -> L6 [000672] (1.2 M), in 0.1s, output rate 12 M/s
I210404 18:22:16.084943 853936 vendor/github.com/cockroachdb/pebble/compaction.go:2312 ⋮ [n1] [JOB 93] sstable deleted 000660
I210404 18:22:16.086276 853936 vendor/github.com/cockroachdb/pebble/compaction.go:2312 ⋮ [n1] [JOB 93] sstable deleted 000661
I210404 18:22:16.086408 853936 vendor/github.com/cockroachdb/pebble/compaction.go:2312 ⋮ [n1] [JOB 93] sstable deleted 000664
I210404 19:03:02.839573 221 vendor/github.com/cockroachdb/pebble/db.go:1364 ⋮ [n1] [JOB 94] WAL created 000673 (recycled 000640)
I210404 19:03:02.839967 884033 vendor/github.com/cockroachdb/pebble/compaction.go:953 ⋮ [n1] [JOB 95] flushing 1 memtable to L0
I210404 19:03:02.840145 884033 vendor/github.com/cockroachdb/pebble/compaction.go:1559 ⋮ [n1] [JOB 95] flushing: sstable created 000674
I210404 19:03:03.104144 884033 vendor/github.com/cockroachdb/pebble/compaction.go:1559 ⋮ [n1] [JOB 95] flushing: sstable created 000675
I210404 19:03:03.117170 884033 vendor/github.com/cockroachdb/pebble/compaction.go:1008 ⋮ [n1] [JOB 95] flushed 1 memtable to L0 [000674 000675] (425 K), in 0.3s, output rate 1.5 M/s
I210404 19:03:03.124515 883937 vendor/github.com/cockroachdb/pebble/compaction.go:1369 ⋮ [n1] [JOB 96] compacting L0 [000674] (396 K) + L6 [000665 000666 000667 000668 000669 000670] (24 M)
I210404 19:03:03.125486 883937 vendor/github.com/cockroachdb/pebble/compaction.go:1559 ⋮ [n1] [JOB 96] compacting: sstable created 000676
I210404 19:03:03.598686 883937 vendor/github.com/cockroachdb/pebble/compaction.go:1559 ⋮ [n1] [JOB 96] compacting: sstable created 000677
I210404 19:03:04.048088 883937 vendor/github.com/cockroachdb/pebble/compaction.go:1559 ⋮ [n1] [JOB 96] compacting: sstable created 000678
I210404 19:03:04.587337 883937 vendor/github.com/cockroachdb/pebble/compaction.go:1559 ⋮ [n1] [JOB 96] compacting: sstable created 000679
I210404 19:03:04.840923 883937 vendor/github.com/cockroachdb/pebble/compaction.go:1559 ⋮ [n1] [JOB 96] compacting: sstable created 000680
I210404 19:03:05.231533 883937 vendor/github.com/cockroachdb/pebble/compaction.go:1559 ⋮ [n1] [JOB 96] compacting: sstable created 000681
I210404 19:03:05.637434 883937 vendor/github.com/cockroachdb/pebble/compaction.go:1559 ⋮ [n1] [JOB 96] compacting: sstable created 000682
I210404 19:03:05.661109 883937 vendor/github.com/cockroachdb/pebble/compaction.go:1408 ⋮ [n1] [JOB 96] compacted L0 [000674] (396 K) + L6 [000665 000666 000667 000668 000669 000670] (24 M) -> L6 [000676 000677 000678 000679 000680 000681 000682] (24 M), in 2.5s, output rate 9.4 M/s
I210404 19:03:05.666279 883937 vendor/github.com/cockroachdb/pebble/compaction.go:2312 ⋮ [n1] [JOB 96] sstable deleted 000665
I210404 19:03:05.674606 883937 vendor/github.com/cockroachdb/pebble/compaction.go:2312 ⋮ [n1] [JOB 96] sstable deleted 000666
I210404 19:03:05.685244 883937 vendor/github.com/cockroachdb/pebble/compaction.go:2312 ⋮ [n1] [JOB 96] sstable deleted 000667
I210404 19:03:05.688918 883937 vendor/github.com/cockroachdb/pebble/compaction.go:2312 ⋮ [n1] [JOB 96] sstable deleted 000668
I210404 19:03:05.695524 883937 vendor/github.com/cockroachdb/pebble/compaction.go:2312 ⋮ [n1] [JOB 96] sstable deleted 000669
I210404 19:03:05.701655 883937 vendor/github.com/cockroachdb/pebble/compaction.go:2312 ⋮ [n1] [JOB 96] sstable deleted 000670
I210404 19:03:05.702171 883937 vendor/github.com/cockroachdb/pebble/compaction.go:2312 ⋮ [n1] [JOB 96] sstable deleted 000674
I210404 19:03:05.702259 884352 vendor/github.com/cockroachdb/pebble/compaction.go:1369 ⋮ [n1] [JOB 97] compacting L0 [000675] (29 K) + L6 [000671 000672] (1.5 M)
I210404 19:03:05.702584 884352 vendor/github.com/cockroachdb/pebble/compaction.go:1559 ⋮ [n1] [JOB 97] compacting: sstable created 000683
I210404 19:03:05.804432 884352 vendor/github.com/cockroachdb/pebble/compaction.go:1408 ⋮ [n1] [JOB 97] compacted L0 [000675] (29 K) + L6 [000671 000672] (1.5 M) -> L6 [000683] (1.5 M), in 0.1s, output rate 15 M/s
I210404 19:03:05.805066 884352 vendor/github.com/cockroachdb/pebble/compaction.go:2312 ⋮ [n1] [JOB 97] sstable deleted 000671
I210404 19:03:05.806359 884352 vendor/github.com/cockroachdb/pebble/compaction.go:2312 ⋮ [n1] [JOB 97] sstable deleted 000672
I210404 19:03:05.806460 884352 vendor/github.com/cockroachdb/pebble/compaction.go:2312 ⋮ [n1] [JOB 97] sstable deleted 000675
I210404 19:43:52.851803 212 vendor/github.com/cockroachdb/pebble/db.go:1364 ⋮ [n1] [JOB 98] WAL created 000684 (recycled 000651)
I210404 19:43:52.852102 915397 vendor/github.com/cockroachdb/pebble/compaction.go:953 ⋮ [n1] [JOB 99] flushing 1 memtable to L0
I210404 19:43:52.852292 915397 vendor/github.com/cockroachdb/pebble/compaction.go:1559 ⋮ [n1] [JOB 99] flushing: sstable created 000685
I210404 19:43:53.136572 915397 vendor/github.com/cockroachdb/pebble/compaction.go:1559 ⋮ [n1] [JOB 99] flushing: sstable created 000686
I210404 19:43:53.155742 915397 vendor/github.com/cockroachdb/pebble/compaction.go:1008 ⋮ [n1] [JOB 99] flushed 1 memtable to L0 [000685 000686] (414 K), in 0.3s, output rate 1.3 M/s
I210404 19:43:53.165532 915447 vendor/github.com/cockroachdb/pebble/compaction.go:1369 ⋮ [n1] [JOB 100] compacting L0 [000685] (384 K) + L6 [000676 000677 000678 000679 000680 000681] (24 M)
I210404 19:43:53.166986 915447 vendor/github.com/cockroachdb/pebble/compaction.go:1559 ⋮ [n1] [JOB 100] compacting: sstable created 000687
I210404 19:43:53.714946 915447 vendor/github.com/cockroachdb/pebble/compaction.go:1559 ⋮ [n1] [JOB 100] compacting: sstable created 000688
I210404 19:43:54.211835 915447 vendor/github.com/cockroachdb/pebble/compaction.go:1559 ⋮ [n1] [JOB 100] compacting: sstable created 000689
I210404 19:43:54.747492 915447 vendor/github.com/cockroachdb/pebble/compaction.go:1559 ⋮ [n1] [JOB 100] compacting: sstable created 000690
I210404 19:43:54.912217 915447 vendor/github.com/cockroachdb/pebble/compaction.go:1559 ⋮ [n1] [JOB 100] compacting: sstable created 000691
I210404 19:43:55.335953 915447 vendor/github.com/cockroachdb/pebble/compaction.go:1559 ⋮ [n1] [JOB 100] compacting: sstable created 000692
I210404 19:43:55.754054 915447 vendor/github.com/cockroachdb/pebble/compaction.go:1559 ⋮ [n1] [JOB 100] compacting: sstable created 000693
I210404 19:43:55.789185 915447 vendor/github.com/cockroachdb/pebble/compaction.go:1408 ⋮ [n1] [JOB 100] compacted L0 [000685] (384 K) + L6 [000676 000677 000678 000679 000680 000681] (24 M) -> L6 [000687 000688 000689 000690 000691 000692 000693] (24 M), in 2.6s, output rate 9.1 M/s
I210404 19:43:55.798173 915447 vendor/github.com/cockroachdb/pebble/compaction.go:2312 ⋮ [n1] [JOB 100] sstable deleted 000676
I210404 19:43:55.809408 915447 vendor/github.com/cockroachdb/pebble/compaction.go:2312 ⋮ [n1] [JOB 100] sstable deleted 000677
I210404 19:43:55.820868 915447 vendor/github.com/cockroachdb/pebble/compaction.go:2312 ⋮ [n1] [JOB 100] sstable deleted 000678
I210404 19:43:55.824665 915447 vendor/github.com/cockroachdb/pebble/compaction.go:2312 ⋮ [n1] [JOB 100] sstable deleted 000679
I210404 19:43:55.832562 915447 vendor/github.com/cockroachdb/pebble/compaction.go:2312 ⋮ [n1] [JOB 100] sstable deleted 000680
I210404 19:43:55.839520 915447 vendor/github.com/cockroachdb/pebble/compaction.go:2312 ⋮ [n1] [JOB 100] sstable deleted 000681
I210404 19:43:55.840042 915447 vendor/github.com/cockroachdb/pebble/compaction.go:2312 ⋮ [n1] [JOB 100] sstable deleted 000685
I210404 19:43:55.840129 915464 vendor/github.com/cockroachdb/pebble/compaction.go:1369 ⋮ [n1] [JOB 101] compacting L0 [000686] (30 K) + L6 [000682 000683] (1.8 M)
I210404 19:43:55.840486 915464 vendor/github.com/cockroachdb/pebble/compaction.go:1559 ⋮ [n1] [JOB 101] compacting: sstable created 000694
I210404 19:43:55.988761 915464 vendor/github.com/cockroachdb/pebble/compaction.go:1408 ⋮ [n1] [JOB 101] compacted L0 [000686] (30 K) + L6 [000682 000683] (1.8 M) -> L6 [000694] (1.8 M), in 0.1s, output rate 12 M/s
I210404 19:43:55.989111 915464 vendor/github.com/cockroachdb/pebble/compaction.go:2312 ⋮ [n1] [JOB 101] sstable deleted 000682
I210404 19:43:55.990974 915464 vendor/github.com/cockroachdb/pebble/compaction.go:2312 ⋮ [n1] [JOB 101] sstable deleted 000683
I210404 19:43:55.991093 915464 vendor/github.com/cockroachdb/pebble/compaction.go:2312 ⋮ [n1] [JOB 101] sstable deleted 000686
